{"C:\\Users\\pkw\\t1227\\gyeonggi-climate-map\\frontend\\src\\App.jsx": {"path":"C:\\Users\\pkw\\t1227\\gyeonggi-climate-map\\frontend\\src\\App.jsx","statementMap":{"0":{"start":{"line":6,"column":24},"end":{"line":62,"column":null}},"1":{"start":{"line":65,"column":6},"end":{"line":65,"column":null}},"2":{"start":{"line":65,"column":30},"end":{"line":65,"column":null}},"3":{"start":{"line":66,"column":6},"end":{"line":66,"column":null}},"4":{"start":{"line":66,"column":27},"end":{"line":66,"column":null}},"5":{"start":{"line":69,"column":6},"end":{"line":71,"column":null}},"6":{"start":{"line":70,"column":8},"end":{"line":70,"column":null}},"7":{"start":{"line":72,"column":6},"end":{"line":72,"column":null}},"8":{"start":{"line":72,"column":36},"end":{"line":72,"column":null}},"9":{"start":{"line":73,"column":6},"end":{"line":73,"column":null}},"10":{"start":{"line":73,"column":34},"end":{"line":73,"column":null}},"11":{"start":{"line":74,"column":6},"end":{"line":74,"column":null}},"12":{"start":{"line":74,"column":36},"end":{"line":74,"column":null}},"13":{"start":{"line":75,"column":6},"end":{"line":75,"column":null}},"14":{"start":{"line":75,"column":35},"end":{"line":75,"column":null}},"15":{"start":{"line":76,"column":6},"end":{"line":76,"column":null}},"16":{"start":{"line":76,"column":37},"end":{"line":76,"column":null}},"17":{"start":{"line":77,"column":6},"end":{"line":77,"column":null}},"18":{"start":{"line":77,"column":29},"end":{"line":77,"column":null}},"19":{"start":{"line":78,"column":6},"end":{"line":78,"column":null}},"20":{"start":{"line":78,"column":31},"end":{"line":78,"column":null}},"21":{"start":{"line":81,"column":20},"end":{"line":94,"column":null}},"22":{"start":{"line":82,"column":2},"end":{"line":94,"column":null}},"23":{"start":{"line":97,"column":24},"end":{"line":112,"column":null}},"24":{"start":{"line":98,"column":2},"end":{"line":112,"column":null}},"25":{"start":{"line":121,"column":6},"end":{"line":121,"column":null}},"26":{"start":{"line":124,"column":25},"end":{"line":130,"column":null}},"27":{"start":{"line":125,"column":2},"end":{"line":125,"column":null}},"28":{"start":{"line":125,"column":19},"end":{"line":125,"column":null}},"29":{"start":{"line":126,"column":2},"end":{"line":126,"column":null}},"30":{"start":{"line":126,"column":19},"end":{"line":126,"column":null}},"31":{"start":{"line":127,"column":2},"end":{"line":127,"column":null}},"32":{"start":{"line":127,"column":19},"end":{"line":127,"column":null}},"33":{"start":{"line":128,"column":2},"end":{"line":128,"column":null}},"34":{"start":{"line":128,"column":19},"end":{"line":128,"column":null}},"35":{"start":{"line":129,"column":2},"end":{"line":129,"column":null}},"36":{"start":{"line":133,"column":24},"end":{"line":133,"column":null}},"37":{"start":{"line":135,"column":28},"end":{"line":135,"column":null}},"38":{"start":{"line":136,"column":42},"end":{"line":136,"column":null}},"39":{"start":{"line":137,"column":36},"end":{"line":137,"column":null}},"40":{"start":{"line":138,"column":26},"end":{"line":138,"column":null}},"41":{"start":{"line":139,"column":29},"end":{"line":139,"column":null}},"42":{"start":{"line":140,"column":34},"end":{"line":140,"column":null}},"43":{"start":{"line":141,"column":36},"end":{"line":141,"column":null}},"44":{"start":{"line":142,"column":40},"end":{"line":142,"column":null}},"45":{"start":{"line":143,"column":46},"end":{"line":143,"column":null}},"46":{"start":{"line":144,"column":48},"end":{"line":144,"column":null}},"47":{"start":{"line":145,"column":38},"end":{"line":145,"column":null}},"48":{"start":{"line":146,"column":32},"end":{"line":146,"column":null}},"49":{"start":{"line":147,"column":44},"end":{"line":147,"column":null}},"50":{"start":{"line":148,"column":30},"end":{"line":148,"column":null}},"51":{"start":{"line":149,"column":8},"end":{"line":149,"column":null}},"52":{"start":{"line":152,"column":2},"end":{"line":158,"column":null}},"53":{"start":{"line":153,"column":25},"end":{"line":155,"column":null}},"54":{"start":{"line":154,"column":6},"end":{"line":154,"column":null}},"55":{"start":{"line":156,"column":4},"end":{"line":156,"column":null}},"56":{"start":{"line":157,"column":4},"end":{"line":157,"column":null}},"57":{"start":{"line":157,"column":17},"end":{"line":157,"column":null}},"58":{"start":{"line":161,"column":2},"end":{"line":180,"column":null}},"59":{"start":{"line":162,"column":16},"end":{"line":162,"column":null}},"60":{"start":{"line":164,"column":4},"end":{"line":176,"column":null}},"61":{"start":{"line":166,"column":20},"end":{"line":166,"column":null}},"62":{"start":{"line":167,"column":6},"end":{"line":167,"column":null}},"63":{"start":{"line":168,"column":4},"end":{"line":176,"column":null}},"64":{"start":{"line":171,"column":8},"end":{"line":174,"column":null}},"65":{"start":{"line":172,"column":22},"end":{"line":172,"column":null}},"66":{"start":{"line":175,"column":6},"end":{"line":175,"column":null}},"67":{"start":{"line":178,"column":4},"end":{"line":178,"column":null}},"68":{"start":{"line":179,"column":4},"end":{"line":179,"column":null}},"69":{"start":{"line":183,"column":2},"end":{"line":185,"column":null}},"70":{"start":{"line":184,"column":4},"end":{"line":184,"column":null}},"71":{"start":{"line":188,"column":2},"end":{"line":209,"column":null}},"72":{"start":{"line":190,"column":4},"end":{"line":204,"column":null}},"73":{"start":{"line":196,"column":30},"end":{"line":198,"column":null}},"74":{"start":{"line":197,"column":15},"end":{"line":197,"column":null}},"75":{"start":{"line":199,"column":6},"end":{"line":203,"column":null}},"76":{"start":{"line":200,"column":8},"end":{"line":200,"column":null}},"77":{"start":{"line":201,"column":8},"end":{"line":201,"column":null}},"78":{"start":{"line":202,"column":8},"end":{"line":202,"column":null}},"79":{"start":{"line":206,"column":4},"end":{"line":208,"column":null}},"80":{"start":{"line":207,"column":6},"end":{"line":207,"column":null}},"81":{"start":{"line":212,"column":25},"end":{"line":261,"column":null}},"82":{"start":{"line":214,"column":4},"end":{"line":253,"column":null}},"83":{"start":{"line":216,"column":25},"end":{"line":216,"column":null}},"84":{"start":{"line":217,"column":24},"end":{"line":217,"column":null}},"85":{"start":{"line":217,"column":41},"end":{"line":217,"column":61}},"86":{"start":{"line":219,"column":22},"end":{"line":219,"column":null}},"87":{"start":{"line":220,"column":6},"end":{"line":220,"column":null}},"88":{"start":{"line":222,"column":6},"end":{"line":224,"column":null}},"89":{"start":{"line":226,"column":6},"end":{"line":250,"column":null}},"90":{"start":{"line":227,"column":33},"end":{"line":242,"column":null}},"91":{"start":{"line":228,"column":28},"end":{"line":228,"column":null}},"92":{"start":{"line":229,"column":29},"end":{"line":229,"column":null}},"93":{"start":{"line":230,"column":32},"end":{"line":233,"column":null}},"94":{"start":{"line":234,"column":16},"end":{"line":234,"column":null}},"95":{"start":{"line":235,"column":10},"end":{"line":241,"column":null}},"96":{"start":{"line":243,"column":8},"end":{"line":243,"column":null}},"97":{"start":{"line":244,"column":8},"end":{"line":244,"column":null}},"98":{"start":{"line":245,"column":8},"end":{"line":245,"column":null}},"99":{"start":{"line":246,"column":8},"end":{"line":248,"column":null}},"100":{"start":{"line":249,"column":8},"end":{"line":249,"column":null}},"101":{"start":{"line":252,"column":6},"end":{"line":252,"column":null}},"102":{"start":{"line":256,"column":4},"end":{"line":260,"column":null}},"103":{"start":{"line":257,"column":6},"end":{"line":257,"column":null}},"104":{"start":{"line":258,"column":6},"end":{"line":258,"column":null}},"105":{"start":{"line":259,"column":6},"end":{"line":259,"column":null}},"106":{"start":{"line":264,"column":23},"end":{"line":826,"column":null}},"107":{"start":{"line":265,"column":24},"end":{"line":824,"column":null}},"108":{"start":{"line":825,"column":4},"end":{"line":825,"column":null}},"109":{"start":{"line":829,"column":29},"end":{"line":837,"column":null}},"110":{"start":{"line":830,"column":4},"end":{"line":830,"column":null}},"111":{"start":{"line":831,"column":4},"end":{"line":831,"column":null}},"112":{"start":{"line":833,"column":4},"end":{"line":836,"column":null}},"113":{"start":{"line":834,"column":6},"end":{"line":834,"column":null}},"114":{"start":{"line":835,"column":6},"end":{"line":835,"column":null}},"115":{"start":{"line":840,"column":32},"end":{"line":850,"column":null}},"116":{"start":{"line":841,"column":4},"end":{"line":841,"column":null}},"117":{"start":{"line":842,"column":4},"end":{"line":849,"column":null}},"118":{"start":{"line":843,"column":6},"end":{"line":843,"column":null}},"119":{"start":{"line":844,"column":4},"end":{"line":849,"column":null}},"120":{"start":{"line":846,"column":6},"end":{"line":846,"column":null}},"121":{"start":{"line":848,"column":6},"end":{"line":848,"column":null}},"122":{"start":{"line":853,"column":34},"end":{"line":891,"column":null}},"123":{"start":{"line":855,"column":6},"end":{"line":857,"column":null}},"124":{"start":{"line":858,"column":22},"end":{"line":858,"column":null}},"125":{"start":{"line":859,"column":17},"end":{"line":859,"column":null}},"126":{"start":{"line":861,"column":4},"end":{"line":880,"column":null}},"127":{"start":{"line":862,"column":6},"end":{"line":862,"column":null}},"128":{"start":{"line":863,"column":6},"end":{"line":867,"column":null}},"129":{"start":{"line":868,"column":4},"end":{"line":880,"column":null}},"130":{"start":{"line":869,"column":6},"end":{"line":869,"column":null}},"131":{"start":{"line":870,"column":6},"end":{"line":870,"column":null}},"132":{"start":{"line":871,"column":4},"end":{"line":880,"column":null}},"133":{"start":{"line":872,"column":6},"end":{"line":872,"column":null}},"134":{"start":{"line":873,"column":6},"end":{"line":873,"column":null}},"135":{"start":{"line":874,"column":4},"end":{"line":880,"column":null}},"136":{"start":{"line":875,"column":6},"end":{"line":875,"column":null}},"137":{"start":{"line":876,"column":6},"end":{"line":876,"column":null}},"138":{"start":{"line":878,"column":6},"end":{"line":878,"column":null}},"139":{"start":{"line":879,"column":6},"end":{"line":879,"column":null}},"140":{"start":{"line":882,"column":4},"end":{"line":890,"column":null}},"141":{"start":{"line":894,"column":29},"end":{"line":899,"column":null}},"142":{"start":{"line":895,"column":4},"end":{"line":895,"column":null}},"143":{"start":{"line":896,"column":4},"end":{"line":898,"column":null}},"144":{"start":{"line":897,"column":6},"end":{"line":897,"column":null}},"145":{"start":{"line":902,"column":27},"end":{"line":912,"column":null}},"146":{"start":{"line":903,"column":4},"end":{"line":910,"column":null}},"147":{"start":{"line":904,"column":19},"end":{"line":906,"column":null}},"148":{"start":{"line":907,"column":6},"end":{"line":907,"column":null}},"149":{"start":{"line":908,"column":4},"end":{"line":910,"column":null}},"150":{"start":{"line":909,"column":6},"end":{"line":909,"column":null}},"151":{"start":{"line":911,"column":4},"end":{"line":911,"column":null}},"152":{"start":{"line":914,"column":2},"end":{"line":920,"column":null}},"153":{"start":{"line":915,"column":4},"end":{"line":918,"column":null}},"154":{"start":{"line":922,"column":2},"end":{"line":1108,"column":null}},"155":{"start":{"line":947,"column":29},"end":{"line":947,"column":null}},"156":{"start":{"line":955,"column":14},"end":{"line":955,"column":null}},"157":{"start":{"line":994,"column":29},"end":{"line":994,"column":null}},"158":{"start":{"line":1015,"column":37},"end":{"line":1015,"column":null}},"159":{"start":{"line":1027,"column":14},"end":{"line":1032,"column":null}},"160":{"start":{"line":1028,"column":16},"end":{"line":1028,"column":null}},"161":{"start":{"line":1029,"column":16},"end":{"line":1029,"column":null}},"162":{"start":{"line":1031,"column":16},"end":{"line":1031,"column":null}},"163":{"start":{"line":1043,"column":12},"end":{"line":1043,"column":null}},"164":{"start":{"line":1044,"column":12},"end":{"line":1044,"column":null}},"165":{"start":{"line":1057,"column":37},"end":{"line":1057,"column":null}},"166":{"start":{"line":1080,"column":27},"end":{"line":1080,"column":null}},"167":{"start":{"line":1090,"column":27},"end":{"line":1090,"column":null}},"168":{"start":{"line":1100,"column":25},"end":{"line":1100,"column":null}}},"fnMap":{"0":{"name":"(anonymous_0)","decl":{"start":{"line":65,"column":24},"end":{"line":65,"column":30}},"loc":{"start":{"line":65,"column":30},"end":{"line":65,"column":null}},"line":65},"1":{"name":"(anonymous_1)","decl":{"start":{"line":66,"column":21},"end":{"line":66,"column":27}},"loc":{"start":{"line":66,"column":27},"end":{"line":66,"column":null}},"line":66},"2":{"name":"(anonymous_2)","decl":{"start":{"line":70,"column":2},"end":{"line":70,"column":8}},"loc":{"start":{"line":70,"column":8},"end":{"line":70,"column":null}},"line":70},"3":{"name":"(anonymous_3)","decl":{"start":{"line":72,"column":30},"end":{"line":72,"column":36}},"loc":{"start":{"line":72,"column":36},"end":{"line":72,"column":null}},"line":72},"4":{"name":"(anonymous_4)","decl":{"start":{"line":73,"column":28},"end":{"line":73,"column":34}},"loc":{"start":{"line":73,"column":34},"end":{"line":73,"column":null}},"line":73},"5":{"name":"(anonymous_5)","decl":{"start":{"line":74,"column":30},"end":{"line":74,"column":36}},"loc":{"start":{"line":74,"column":36},"end":{"line":74,"column":null}},"line":74},"6":{"name":"(anonymous_6)","decl":{"start":{"line":75,"column":29},"end":{"line":75,"column":35}},"loc":{"start":{"line":75,"column":35},"end":{"line":75,"column":null}},"line":75},"7":{"name":"(anonymous_7)","decl":{"start":{"line":76,"column":31},"end":{"line":76,"column":37}},"loc":{"start":{"line":76,"column":37},"end":{"line":76,"column":null}},"line":76},"8":{"name":"(anonymous_8)","decl":{"start":{"line":77,"column":23},"end":{"line":77,"column":29}},"loc":{"start":{"line":77,"column":29},"end":{"line":77,"column":null}},"line":77},"9":{"name":"(anonymous_9)","decl":{"start":{"line":78,"column":25},"end":{"line":78,"column":31}},"loc":{"start":{"line":78,"column":31},"end":{"line":78,"column":null}},"line":78},"10":{"name":"(anonymous_10)","decl":{"start":{"line":81,"column":20},"end":{"line":81,"column":null}},"loc":{"start":{"line":82,"column":2},"end":{"line":94,"column":null}},"line":82},"11":{"name":"(anonymous_11)","decl":{"start":{"line":97,"column":24},"end":{"line":97,"column":null}},"loc":{"start":{"line":98,"column":2},"end":{"line":112,"column":null}},"line":98},"12":{"name":"(anonymous_12)","decl":{"start":{"line":124,"column":25},"end":{"line":124,"column":26}},"loc":{"start":{"line":124,"column":47},"end":{"line":130,"column":null}},"line":124},"13":{"name":"App","decl":{"start":{"line":132,"column":9},"end":{"line":132,"column":15}},"loc":{"start":{"line":132,"column":15},"end":{"line":1110,"column":null}},"line":132},"14":{"name":"(anonymous_14)","decl":{"start":{"line":152,"column":12},"end":{"line":152,"column":18}},"loc":{"start":{"line":152,"column":18},"end":{"line":158,"column":5}},"line":152},"15":{"name":"(anonymous_15)","decl":{"start":{"line":153,"column":25},"end":{"line":153,"column":31}},"loc":{"start":{"line":153,"column":31},"end":{"line":155,"column":null}},"line":153},"16":{"name":"(anonymous_16)","decl":{"start":{"line":157,"column":11},"end":{"line":157,"column":17}},"loc":{"start":{"line":157,"column":17},"end":{"line":157,"column":null}},"line":157},"17":{"name":"(anonymous_17)","decl":{"start":{"line":161,"column":12},"end":{"line":161,"column":18}},"loc":{"start":{"line":161,"column":18},"end":{"line":180,"column":5}},"line":161},"18":{"name":"(anonymous_18)","decl":{"start":{"line":172,"column":10},"end":{"line":172,"column":11}},"loc":{"start":{"line":172,"column":22},"end":{"line":172,"column":null}},"line":172},"19":{"name":"(anonymous_19)","decl":{"start":{"line":183,"column":12},"end":{"line":183,"column":18}},"loc":{"start":{"line":183,"column":18},"end":{"line":185,"column":5}},"line":183},"20":{"name":"(anonymous_20)","decl":{"start":{"line":188,"column":12},"end":{"line":188,"column":18}},"loc":{"start":{"line":188,"column":18},"end":{"line":209,"column":5}},"line":188},"21":{"name":"(anonymous_21)","decl":{"start":{"line":197,"column":8},"end":{"line":197,"column":9}},"loc":{"start":{"line":197,"column":15},"end":{"line":197,"column":null}},"line":197},"22":{"name":"(anonymous_22)","decl":{"start":{"line":212,"column":25},"end":{"line":212,"column":37}},"loc":{"start":{"line":212,"column":37},"end":{"line":261,"column":null}},"line":212},"23":{"name":"(anonymous_23)","decl":{"start":{"line":217,"column":35},"end":{"line":217,"column":41}},"loc":{"start":{"line":217,"column":41},"end":{"line":217,"column":61}},"line":217},"24":{"name":"(anonymous_24)","decl":{"start":{"line":227,"column":53},"end":{"line":227,"column":54}},"loc":{"start":{"line":227,"column":65},"end":{"line":242,"column":9}},"line":227},"25":{"name":"(anonymous_25)","decl":{"start":{"line":264,"column":23},"end":{"line":264,"column":29}},"loc":{"start":{"line":264,"column":29},"end":{"line":826,"column":null}},"line":264},"26":{"name":"(anonymous_26)","decl":{"start":{"line":829,"column":29},"end":{"line":829,"column":30}},"loc":{"start":{"line":829,"column":41},"end":{"line":837,"column":null}},"line":829},"27":{"name":"(anonymous_27)","decl":{"start":{"line":840,"column":32},"end":{"line":840,"column":33}},"loc":{"start":{"line":840,"column":41},"end":{"line":850,"column":null}},"line":840},"28":{"name":"(anonymous_28)","decl":{"start":{"line":853,"column":34},"end":{"line":853,"column":35}},"loc":{"start":{"line":853,"column":58},"end":{"line":891,"column":null}},"line":853},"29":{"name":"(anonymous_29)","decl":{"start":{"line":894,"column":29},"end":{"line":894,"column":30}},"loc":{"start":{"line":894,"column":44},"end":{"line":899,"column":null}},"line":894},"30":{"name":"(anonymous_30)","decl":{"start":{"line":902,"column":27},"end":{"line":902,"column":33}},"loc":{"start":{"line":902,"column":33},"end":{"line":912,"column":null}},"line":902},"31":{"name":"(anonymous_31)","decl":{"start":{"line":947,"column":23},"end":{"line":947,"column":29}},"loc":{"start":{"line":947,"column":29},"end":{"line":947,"column":null}},"line":947},"32":{"name":"(anonymous_32)","decl":{"start":{"line":954,"column":21},"end":{"line":954,"column":null}},"loc":{"start":{"line":955,"column":14},"end":{"line":955,"column":null}},"line":955},"33":{"name":"(anonymous_33)","decl":{"start":{"line":994,"column":23},"end":{"line":994,"column":29}},"loc":{"start":{"line":994,"column":29},"end":{"line":994,"column":null}},"line":994},"34":{"name":"(anonymous_34)","decl":{"start":{"line":1015,"column":31},"end":{"line":1015,"column":37}},"loc":{"start":{"line":1015,"column":37},"end":{"line":1015,"column":null}},"line":1015},"35":{"name":"(anonymous_35)","decl":{"start":{"line":1026,"column":24},"end":{"line":1026,"column":30}},"loc":{"start":{"line":1026,"column":30},"end":{"line":1033,"column":null}},"line":1026},"36":{"name":"(anonymous_36)","decl":{"start":{"line":1042,"column":19},"end":{"line":1042,"column":25}},"loc":{"start":{"line":1042,"column":25},"end":{"line":1045,"column":null}},"line":1042},"37":{"name":"(anonymous_37)","decl":{"start":{"line":1057,"column":31},"end":{"line":1057,"column":37}},"loc":{"start":{"line":1057,"column":37},"end":{"line":1057,"column":null}},"line":1057},"38":{"name":"(anonymous_38)","decl":{"start":{"line":1059,"column":36},"end":{"line":1059,"column":42}},"loc":{"start":{"line":1059,"column":42},"end":{"line":1059,"column":null}},"line":1059},"39":{"name":"(anonymous_39)","decl":{"start":{"line":1080,"column":21},"end":{"line":1080,"column":27}},"loc":{"start":{"line":1080,"column":27},"end":{"line":1080,"column":null}},"line":1080},"40":{"name":"(anonymous_40)","decl":{"start":{"line":1090,"column":21},"end":{"line":1090,"column":27}},"loc":{"start":{"line":1090,"column":27},"end":{"line":1090,"column":null}},"line":1090},"41":{"name":"(anonymous_41)","decl":{"start":{"line":1100,"column":19},"end":{"line":1100,"column":25}},"loc":{"start":{"line":1100,"column":25},"end":{"line":1100,"column":null}},"line":1100}},"branchMap":{"0":{"loc":{"start":{"line":125,"column":2},"end":{"line":125,"column":null}},"type":"if","locations":[{"start":{"line":125,"column":2},"end":{"line":125,"column":null}},{"start":{},"end":{}}],"line":125},"1":{"loc":{"start":{"line":126,"column":2},"end":{"line":126,"column":null}},"type":"if","locations":[{"start":{"line":126,"column":2},"end":{"line":126,"column":null}},{"start":{},"end":{}}],"line":126},"2":{"loc":{"start":{"line":127,"column":2},"end":{"line":127,"column":null}},"type":"if","locations":[{"start":{"line":127,"column":2},"end":{"line":127,"column":null}},{"start":{},"end":{}}],"line":127},"3":{"loc":{"start":{"line":128,"column":2},"end":{"line":128,"column":null}},"type":"if","locations":[{"start":{"line":128,"column":2},"end":{"line":128,"column":null}},{"start":{},"end":{}}],"line":128},"4":{"loc":{"start":{"line":164,"column":4},"end":{"line":176,"column":null}},"type":"if","locations":[{"start":{"line":164,"column":4},"end":{"line":176,"column":null}},{"start":{"line":168,"column":4},"end":{"line":176,"column":null}}],"line":164},"5":{"loc":{"start":{"line":166,"column":20},"end":{"line":166,"column":null}},"type":"binary-expr","locations":[{"start":{"line":166,"column":20},"end":{"line":166,"column":53}},{"start":{"line":166,"column":53},"end":{"line":166,"column":77}},{"start":{"line":166,"column":77},"end":{"line":166,"column":null}}],"line":166},"6":{"loc":{"start":{"line":168,"column":4},"end":{"line":176,"column":null}},"type":"if","locations":[{"start":{"line":168,"column":4},"end":{"line":176,"column":null}},{"start":{},"end":{}}],"line":168},"7":{"loc":{"start":{"line":172,"column":29},"end":{"line":172,"column":null}},"type":"binary-expr","locations":[{"start":{"line":172,"column":29},"end":{"line":172,"column":49}},{"start":{"line":172,"column":49},"end":{"line":172,"column":60}},{"start":{"line":172,"column":60},"end":{"line":172,"column":null}}],"line":172},"8":{"loc":{"start":{"line":190,"column":4},"end":{"line":204,"column":null}},"type":"if","locations":[{"start":{"line":190,"column":4},"end":{"line":204,"column":null}},{"start":{},"end":{}}],"line":190},"9":{"loc":{"start":{"line":191,"column":6},"end":{"line":194,"column":null}},"type":"binary-expr","locations":[{"start":{"line":191,"column":6},"end":{"line":191,"column":null}},{"start":{"line":192,"column":6},"end":{"line":192,"column":null}},{"start":{"line":193,"column":6},"end":{"line":193,"column":null}},{"start":{"line":194,"column":6},"end":{"line":194,"column":null}}],"line":191},"10":{"loc":{"start":{"line":199,"column":6},"end":{"line":203,"column":null}},"type":"if","locations":[{"start":{"line":199,"column":6},"end":{"line":203,"column":null}},{"start":{},"end":{}}],"line":199},"11":{"loc":{"start":{"line":206,"column":4},"end":{"line":208,"column":null}},"type":"if","locations":[{"start":{"line":206,"column":4},"end":{"line":208,"column":null}},{"start":{},"end":{}}],"line":206},"12":{"loc":{"start":{"line":223,"column":17},"end":{"line":223,"column":null}},"type":"binary-expr","locations":[{"start":{"line":223,"column":17},"end":{"line":223,"column":45}},{"start":{"line":223,"column":45},"end":{"line":223,"column":null}}],"line":223},"13":{"loc":{"start":{"line":226,"column":6},"end":{"line":250,"column":null}},"type":"if","locations":[{"start":{"line":226,"column":6},"end":{"line":250,"column":null}},{"start":{},"end":{}}],"line":226},"14":{"loc":{"start":{"line":226,"column":10},"end":{"line":226,"column":68}},"type":"binary-expr","locations":[{"start":{"line":226,"column":10},"end":{"line":226,"column":21}},{"start":{"line":226,"column":21},"end":{"line":226,"column":40}},{"start":{"line":226,"column":40},"end":{"line":226,"column":68}}],"line":226},"15":{"loc":{"start":{"line":228,"column":28},"end":{"line":228,"column":null}},"type":"binary-expr","locations":[{"start":{"line":228,"column":28},"end":{"line":228,"column":44}},{"start":{"line":228,"column":44},"end":{"line":228,"column":null}}],"line":228},"16":{"loc":{"start":{"line":229,"column":29},"end":{"line":229,"column":null}},"type":"binary-expr","locations":[{"start":{"line":229,"column":29},"end":{"line":229,"column":59}},{"start":{"line":229,"column":59},"end":{"line":229,"column":null}}],"line":229},"17":{"loc":{"start":{"line":256,"column":4},"end":{"line":260,"column":null}},"type":"if","locations":[{"start":{"line":256,"column":4},"end":{"line":260,"column":null}},{"start":{},"end":{}}],"line":256},"18":{"loc":{"start":{"line":833,"column":4},"end":{"line":836,"column":null}},"type":"if","locations":[{"start":{"line":833,"column":4},"end":{"line":836,"column":null}},{"start":{},"end":{}}],"line":833},"19":{"loc":{"start":{"line":842,"column":4},"end":{"line":849,"column":null}},"type":"if","locations":[{"start":{"line":842,"column":4},"end":{"line":849,"column":null}},{"start":{"line":844,"column":4},"end":{"line":849,"column":null}}],"line":842},"20":{"loc":{"start":{"line":844,"column":4},"end":{"line":849,"column":null}},"type":"if","locations":[{"start":{"line":844,"column":4},"end":{"line":849,"column":null}},{"start":{"line":847,"column":11},"end":{"line":849,"column":null}}],"line":844},"21":{"loc":{"start":{"line":855,"column":6},"end":{"line":857,"column":null}},"type":"binary-expr","locations":[{"start":{"line":855,"column":6},"end":{"line":855,"column":null}},{"start":{"line":856,"column":6},"end":{"line":856,"column":null}},{"start":{"line":857,"column":6},"end":{"line":857,"column":null}}],"line":855},"22":{"loc":{"start":{"line":861,"column":4},"end":{"line":880,"column":null}},"type":"if","locations":[{"start":{"line":861,"column":4},"end":{"line":880,"column":null}},{"start":{"line":868,"column":4},"end":{"line":880,"column":null}}],"line":861},"23":{"loc":{"start":{"line":868,"column":4},"end":{"line":880,"column":null}},"type":"if","locations":[{"start":{"line":868,"column":4},"end":{"line":880,"column":null}},{"start":{"line":871,"column":4},"end":{"line":880,"column":null}}],"line":868},"24":{"loc":{"start":{"line":871,"column":4},"end":{"line":880,"column":null}},"type":"if","locations":[{"start":{"line":871,"column":4},"end":{"line":880,"column":null}},{"start":{"line":874,"column":4},"end":{"line":880,"column":null}}],"line":871},"25":{"loc":{"start":{"line":874,"column":4},"end":{"line":880,"column":null}},"type":"if","locations":[{"start":{"line":874,"column":4},"end":{"line":880,"column":null}},{"start":{"line":877,"column":11},"end":{"line":880,"column":null}}],"line":874},"26":{"loc":{"start":{"line":896,"column":4},"end":{"line":898,"column":null}},"type":"if","locations":[{"start":{"line":896,"column":4},"end":{"line":898,"column":null}},{"start":{},"end":{}}],"line":896},"27":{"loc":{"start":{"line":903,"column":4},"end":{"line":910,"column":null}},"type":"if","locations":[{"start":{"line":903,"column":4},"end":{"line":910,"column":null}},{"start":{"line":908,"column":4},"end":{"line":910,"column":null}}],"line":903},"28":{"loc":{"start":{"line":904,"column":19},"end":{"line":906,"column":null}},"type":"cond-expr","locations":[{"start":{"line":905,"column":10},"end":{"line":905,"column":null}},{"start":{"line":906,"column":10},"end":{"line":906,"column":null}}],"line":904},"29":{"loc":{"start":{"line":908,"column":4},"end":{"line":910,"column":null}},"type":"if","locations":[{"start":{"line":908,"column":4},"end":{"line":910,"column":null}},{"start":{},"end":{}}],"line":908},"30":{"loc":{"start":{"line":914,"column":2},"end":{"line":920,"column":null}},"type":"if","locations":[{"start":{"line":914,"column":2},"end":{"line":920,"column":null}},{"start":{},"end":{}}],"line":914},"31":{"loc":{"start":{"line":914,"column":6},"end":{"line":914,"column":39}},"type":"binary-expr","locations":[{"start":{"line":914,"column":6},"end":{"line":914,"column":17}},{"start":{"line":914,"column":17},"end":{"line":914,"column":39}}],"line":914},"32":{"loc":{"start":{"line":923,"column":37},"end":{"line":923,"column":68}},"type":"cond-expr","locations":[{"start":{"line":923,"column":48},"end":{"line":923,"column":59}},{"start":{"line":923,"column":59},"end":{"line":923,"column":68}}],"line":923},"33":{"loc":{"start":{"line":932,"column":11},"end":{"line":933,"column":null}},"type":"binary-expr","locations":[{"start":{"line":932,"column":11},"end":{"line":932,"column":null}},{"start":{"line":933,"column":12},"end":{"line":933,"column":null}}],"line":932},"34":{"loc":{"start":{"line":944,"column":11},"end":{"line":950,"column":null}},"type":"binary-expr","locations":[{"start":{"line":944,"column":11},"end":{"line":944,"column":null}},{"start":{"line":945,"column":12},"end":{"line":950,"column":null}}],"line":944},"35":{"loc":{"start":{"line":955,"column":14},"end":{"line":955,"column":null}},"type":"cond-expr","locations":[{"start":{"line":955,"column":21},"end":{"line":955,"column":49}},{"start":{"line":955,"column":49},"end":{"line":955,"column":null}}],"line":955},"36":{"loc":{"start":{"line":958,"column":13},"end":{"line":958,"column":null}},"type":"cond-expr","locations":[{"start":{"line":958,"column":20},"end":{"line":958,"column":63}},{"start":{"line":958,"column":63},"end":{"line":958,"column":null}}],"line":958},"37":{"loc":{"start":{"line":958,"column":20},"end":{"line":958,"column":63}},"type":"binary-expr","locations":[{"start":{"line":958,"column":20},"end":{"line":958,"column":56}},{"start":{"line":958,"column":56},"end":{"line":958,"column":63}}],"line":958},"38":{"loc":{"start":{"line":964,"column":7},"end":{"line":979,"column":null}},"type":"binary-expr","locations":[{"start":{"line":964,"column":7},"end":{"line":964,"column":null}},{"start":{"line":965,"column":8},"end":{"line":979,"column":null}}],"line":964},"39":{"loc":{"start":{"line":967,"column":11},"end":{"line":977,"column":null}},"type":"cond-expr","locations":[{"start":{"line":968,"column":12},"end":{"line":975,"column":null}},{"start":{"line":977,"column":12},"end":{"line":977,"column":null}}],"line":967},"40":{"loc":{"start":{"line":983,"column":7},"end":{"line":1000,"column":null}},"type":"binary-expr","locations":[{"start":{"line":983,"column":7},"end":{"line":983,"column":null}},{"start":{"line":984,"column":8},"end":{"line":1000,"column":null}}],"line":983},"41":{"loc":{"start":{"line":991,"column":11},"end":{"line":998,"column":null}},"type":"binary-expr","locations":[{"start":{"line":991,"column":11},"end":{"line":991,"column":null}},{"start":{"line":992,"column":12},"end":{"line":998,"column":null}}],"line":991},"42":{"loc":{"start":{"line":1005,"column":9},"end":{"line":1019,"column":null}},"type":"binary-expr","locations":[{"start":{"line":1005,"column":9},"end":{"line":1005,"column":null}},{"start":{"line":1006,"column":10},"end":{"line":1019,"column":null}}],"line":1005},"43":{"loc":{"start":{"line":1027,"column":14},"end":{"line":1032,"column":null}},"type":"if","locations":[{"start":{"line":1027,"column":14},"end":{"line":1032,"column":null}},{"start":{"line":1030,"column":21},"end":{"line":1032,"column":null}}],"line":1027},"44":{"loc":{"start":{"line":1046,"column":17},"end":{"line":1046,"column":null}},"type":"binary-expr","locations":[{"start":{"line":1046,"column":17},"end":{"line":1046,"column":43}},{"start":{"line":1046,"column":43},"end":{"line":1046,"column":null}}],"line":1046},"45":{"loc":{"start":{"line":1076,"column":7},"end":{"line":1082,"column":null}},"type":"binary-expr","locations":[{"start":{"line":1076,"column":7},"end":{"line":1076,"column":null}},{"start":{"line":1077,"column":8},"end":{"line":1082,"column":null}}],"line":1076},"46":{"loc":{"start":{"line":1086,"column":7},"end":{"line":1092,"column":null}},"type":"binary-expr","locations":[{"start":{"line":1086,"column":7},"end":{"line":1086,"column":null}},{"start":{"line":1087,"column":8},"end":{"line":1092,"column":null}}],"line":1086}},"s":{"0":1,"1":1,"2":1,"3":1,"4":1,"5":1,"6":1,"7":1,"8":1,"9":1,"10":1,"11":1,"12":1,"13":1,"14":1,"15":1,"16":1,"17":1,"18":1,"19":1,"20":0,"21":1,"22":6,"23":1,"24":7,"25":1,"26":1,"27":34,"28":0,"29":34,"30":17,"31":17,"32":17,"33":0,"34":0,"35":0,"36":42,"37":42,"38":42,"39":42,"40":42,"41":42,"42":42,"43":42,"44":42,"45":42,"46":42,"47":42,"48":42,"49":42,"50":42,"51":42,"52":42,"53":16,"54":1,"55":16,"56":16,"57":16,"58":42,"59":34,"60":34,"61":6,"62":6,"63":28,"64":28,"65":452,"66":28,"67":34,"68":34,"69":42,"70":17,"71":42,"72":30,"73":0,"74":0,"75":0,"76":0,"77":0,"78":0,"79":30,"80":30,"81":42,"82":17,"83":17,"84":17,"85":0,"86":17,"87":17,"88":17,"89":17,"90":0,"91":0,"92":0,"93":0,"94":0,"95":0,"96":0,"97":0,"98":0,"99":0,"100":0,"101":0,"102":17,"103":16,"104":16,"105":16,"106":42,"107":16,"108":16,"109":42,"110":4,"111":4,"112":4,"113":2,"114":2,"115":42,"116":1,"117":1,"118":0,"119":1,"120":0,"121":1,"122":42,"123":4,"124":4,"125":4,"126":4,"127":0,"128":0,"129":4,"130":0,"131":0,"132":4,"133":0,"134":0,"135":4,"136":4,"137":4,"138":0,"139":0,"140":4,"141":42,"142":1,"143":1,"144":0,"145":42,"146":26,"147":0,"148":0,"149":26,"150":0,"151":26,"152":42,"153":0,"154":41,"155":0,"156":0,"157":0,"158":2,"159":0,"160":0,"161":0,"162":0,"163":1,"164":1,"165":0,"166":1,"167":0,"168":0},"f":{"0":1,"1":1,"2":1,"3":1,"4":1,"5":1,"6":1,"7":1,"8":1,"9":0,"10":6,"11":7,"12":34,"13":42,"14":16,"15":1,"16":16,"17":34,"18":452,"19":17,"20":30,"21":0,"22":17,"23":0,"24":0,"25":16,"26":4,"27":1,"28":4,"29":1,"30":26,"31":0,"32":0,"33":0,"34":2,"35":0,"36":1,"37":0,"38":0,"39":1,"40":0,"41":0},"b":{"0":[0,34],"1":[17,17],"2":[17,0],"3":[0,0],"4":[6,28],"5":[6,6,0],"6":[28,0],"7":[452,372,0],"8":[0,30],"9":[30,0,0,0],"10":[0,0],"11":[30,0],"12":[17,17],"13":[0,17],"14":[17,0,0],"15":[0,0],"16":[0,0],"17":[16,1],"18":[2,2],"19":[0,1],"20":[0,1],"21":[4,4,4],"22":[0,4],"23":[0,4],"24":[0,4],"25":[4,0],"26":[0,1],"27":[0,26],"28":[0,0],"29":[0,26],"30":[0,42],"31":[42,0],"32":[15,26],"33":[42,7],"34":[42,7],"35":[0,0],"36":[0,41],"37":[0,0],"38":[42,26],"39":[0,26],"40":[42,26],"41":[26,2],"42":[42,26],"43":[0,0],"44":[42,34],"45":[42,4],"46":[42,0]},"meta":{"lastBranch":47,"lastFunction":42,"lastStatement":169,"seen":{"s:6:24:62:Infinity":0,"s:65:6:65:Infinity":1,"f:65:24:65:30":0,"s:65:30:65:Infinity":2,"s:66:6:66:Infinity":3,"f:66:21:66:27":1,"s:66:27:66:Infinity":4,"s:69:6:71:Infinity":5,"f:70:2:70:8":2,"s:70:8:70:Infinity":6,"s:72:6:72:Infinity":7,"f:72:30:72:36":3,"s:72:36:72:Infinity":8,"s:73:6:73:Infinity":9,"f:73:28:73:34":4,"s:73:34:73:Infinity":10,"s:74:6:74:Infinity":11,"f:74:30:74:36":5,"s:74:36:74:Infinity":12,"s:75:6:75:Infinity":13,"f:75:29:75:35":6,"s:75:35:75:Infinity":14,"s:76:6:76:Infinity":15,"f:76:31:76:37":7,"s:76:37:76:Infinity":16,"s:77:6:77:Infinity":17,"f:77:23:77:29":8,"s:77:29:77:Infinity":18,"s:78:6:78:Infinity":19,"f:78:25:78:31":9,"s:78:31:78:Infinity":20,"s:81:20:94:Infinity":21,"f:81:20:81:Infinity":10,"s:82:2:94:Infinity":22,"s:97:24:112:Infinity":23,"f:97:24:97:Infinity":11,"s:98:2:112:Infinity":24,"s:121:6:121:Infinity":25,"s:124:25:130:Infinity":26,"f:124:25:124:26":12,"b:125:2:125:Infinity:undefined:undefined:undefined:undefined":0,"s:125:2:125:Infinity":27,"s:125:19:125:Infinity":28,"b:126:2:126:Infinity:undefined:undefined:undefined:undefined":1,"s:126:2:126:Infinity":29,"s:126:19:126:Infinity":30,"b:127:2:127:Infinity:undefined:undefined:undefined:undefined":2,"s:127:2:127:Infinity":31,"s:127:19:127:Infinity":32,"b:128:2:128:Infinity:undefined:undefined:undefined:undefined":3,"s:128:2:128:Infinity":33,"s:128:19:128:Infinity":34,"s:129:2:129:Infinity":35,"f:132:9:132:15":13,"s:133:24:133:Infinity":36,"s:135:28:135:Infinity":37,"s:136:42:136:Infinity":38,"s:137:36:137:Infinity":39,"s:138:26:138:Infinity":40,"s:139:29:139:Infinity":41,"s:140:34:140:Infinity":42,"s:141:36:141:Infinity":43,"s:142:40:142:Infinity":44,"s:143:46:143:Infinity":45,"s:144:48:144:Infinity":46,"s:145:38:145:Infinity":47,"s:146:32:146:Infinity":48,"s:147:44:147:Infinity":49,"s:148:30:148:Infinity":50,"s:149:8:149:Infinity":51,"s:152:2:158:Infinity":52,"f:152:12:152:18":14,"s:153:25:155:Infinity":53,"f:153:25:153:31":15,"s:154:6:154:Infinity":54,"s:156:4:156:Infinity":55,"s:157:4:157:Infinity":56,"f:157:11:157:17":16,"s:157:17:157:Infinity":57,"s:161:2:180:Infinity":58,"f:161:12:161:18":17,"s:162:16:162:Infinity":59,"b:164:4:176:Infinity:168:4:176:Infinity":4,"s:164:4:176:Infinity":60,"s:166:20:166:Infinity":61,"b:166:20:166:53:166:53:166:77:166:77:166:Infinity":5,"s:167:6:167:Infinity":62,"b:168:4:176:Infinity:undefined:undefined:undefined:undefined":6,"s:168:4:176:Infinity":63,"s:171:8:174:Infinity":64,"f:172:10:172:11":18,"s:172:22:172:Infinity":65,"b:172:29:172:49:172:49:172:60:172:60:172:Infinity":7,"s:175:6:175:Infinity":66,"s:178:4:178:Infinity":67,"s:179:4:179:Infinity":68,"s:183:2:185:Infinity":69,"f:183:12:183:18":19,"s:184:4:184:Infinity":70,"s:188:2:209:Infinity":71,"f:188:12:188:18":20,"b:190:4:204:Infinity:undefined:undefined:undefined:undefined":8,"s:190:4:204:Infinity":72,"b:191:6:191:Infinity:192:6:192:Infinity:193:6:193:Infinity:194:6:194:Infinity":9,"s:196:30:198:Infinity":73,"f:197:8:197:9":21,"s:197:15:197:Infinity":74,"b:199:6:203:Infinity:undefined:undefined:undefined:undefined":10,"s:199:6:203:Infinity":75,"s:200:8:200:Infinity":76,"s:201:8:201:Infinity":77,"s:202:8:202:Infinity":78,"b:206:4:208:Infinity:undefined:undefined:undefined:undefined":11,"s:206:4:208:Infinity":79,"s:207:6:207:Infinity":80,"s:212:25:261:Infinity":81,"f:212:25:212:37":22,"s:214:4:253:Infinity":82,"s:216:25:216:Infinity":83,"s:217:24:217:Infinity":84,"f:217:35:217:41":23,"s:217:41:217:61":85,"s:219:22:219:Infinity":86,"s:220:6:220:Infinity":87,"s:222:6:224:Infinity":88,"b:223:17:223:45:223:45:223:Infinity":12,"b:226:6:250:Infinity:undefined:undefined:undefined:undefined":13,"s:226:6:250:Infinity":89,"b:226:10:226:21:226:21:226:40:226:40:226:68":14,"s:227:33:242:Infinity":90,"f:227:53:227:54":24,"s:228:28:228:Infinity":91,"b:228:28:228:44:228:44:228:Infinity":15,"s:229:29:229:Infinity":92,"b:229:29:229:59:229:59:229:Infinity":16,"s:230:32:233:Infinity":93,"s:234:16:234:Infinity":94,"s:235:10:241:Infinity":95,"s:243:8:243:Infinity":96,"s:244:8:244:Infinity":97,"s:245:8:245:Infinity":98,"s:246:8:248:Infinity":99,"s:249:8:249:Infinity":100,"s:252:6:252:Infinity":101,"b:256:4:260:Infinity:undefined:undefined:undefined:undefined":17,"s:256:4:260:Infinity":102,"s:257:6:257:Infinity":103,"s:258:6:258:Infinity":104,"s:259:6:259:Infinity":105,"s:264:23:826:Infinity":106,"f:264:23:264:29":25,"s:265:24:824:Infinity":107,"s:825:4:825:Infinity":108,"s:829:29:837:Infinity":109,"f:829:29:829:30":26,"s:830:4:830:Infinity":110,"s:831:4:831:Infinity":111,"b:833:4:836:Infinity:undefined:undefined:undefined:undefined":18,"s:833:4:836:Infinity":112,"s:834:6:834:Infinity":113,"s:835:6:835:Infinity":114,"s:840:32:850:Infinity":115,"f:840:32:840:33":27,"s:841:4:841:Infinity":116,"b:842:4:849:Infinity:844:4:849:Infinity":19,"s:842:4:849:Infinity":117,"s:843:6:843:Infinity":118,"b:844:4:849:Infinity:847:11:849:Infinity":20,"s:844:4:849:Infinity":119,"s:846:6:846:Infinity":120,"s:848:6:848:Infinity":121,"s:853:34:891:Infinity":122,"f:853:34:853:35":28,"s:855:6:857:Infinity":123,"b:855:6:855:Infinity:856:6:856:Infinity:857:6:857:Infinity":21,"s:858:22:858:Infinity":124,"s:859:17:859:Infinity":125,"b:861:4:880:Infinity:868:4:880:Infinity":22,"s:861:4:880:Infinity":126,"s:862:6:862:Infinity":127,"s:863:6:867:Infinity":128,"b:868:4:880:Infinity:871:4:880:Infinity":23,"s:868:4:880:Infinity":129,"s:869:6:869:Infinity":130,"s:870:6:870:Infinity":131,"b:871:4:880:Infinity:874:4:880:Infinity":24,"s:871:4:880:Infinity":132,"s:872:6:872:Infinity":133,"s:873:6:873:Infinity":134,"b:874:4:880:Infinity:877:11:880:Infinity":25,"s:874:4:880:Infinity":135,"s:875:6:875:Infinity":136,"s:876:6:876:Infinity":137,"s:878:6:878:Infinity":138,"s:879:6:879:Infinity":139,"s:882:4:890:Infinity":140,"s:894:29:899:Infinity":141,"f:894:29:894:30":29,"s:895:4:895:Infinity":142,"b:896:4:898:Infinity:undefined:undefined:undefined:undefined":26,"s:896:4:898:Infinity":143,"s:897:6:897:Infinity":144,"s:902:27:912:Infinity":145,"f:902:27:902:33":30,"b:903:4:910:Infinity:908:4:910:Infinity":27,"s:903:4:910:Infinity":146,"s:904:19:906:Infinity":147,"b:905:10:905:Infinity:906:10:906:Infinity":28,"s:907:6:907:Infinity":148,"b:908:4:910:Infinity:undefined:undefined:undefined:undefined":29,"s:908:4:910:Infinity":149,"s:909:6:909:Infinity":150,"s:911:4:911:Infinity":151,"b:914:2:920:Infinity:undefined:undefined:undefined:undefined":30,"s:914:2:920:Infinity":152,"b:914:6:914:17:914:17:914:39":31,"s:915:4:918:Infinity":153,"s:922:2:1108:Infinity":154,"b:923:48:923:59:923:59:923:68":32,"b:932:11:932:Infinity:933:12:933:Infinity":33,"b:944:11:944:Infinity:945:12:950:Infinity":34,"f:947:23:947:29":31,"s:947:29:947:Infinity":155,"f:954:21:954:Infinity":32,"s:955:14:955:Infinity":156,"b:955:21:955:49:955:49:955:Infinity":35,"b:958:20:958:63:958:63:958:Infinity":36,"b:958:20:958:56:958:56:958:63":37,"b:964:7:964:Infinity:965:8:979:Infinity":38,"b:968:12:975:Infinity:977:12:977:Infinity":39,"b:983:7:983:Infinity:984:8:1000:Infinity":40,"b:991:11:991:Infinity:992:12:998:Infinity":41,"f:994:23:994:29":33,"s:994:29:994:Infinity":157,"b:1005:9:1005:Infinity:1006:10:1019:Infinity":42,"f:1015:31:1015:37":34,"s:1015:37:1015:Infinity":158,"f:1026:24:1026:30":35,"b:1027:14:1032:Infinity:1030:21:1032:Infinity":43,"s:1027:14:1032:Infinity":159,"s:1028:16:1028:Infinity":160,"s:1029:16:1029:Infinity":161,"s:1031:16:1031:Infinity":162,"f:1042:19:1042:25":36,"s:1043:12:1043:Infinity":163,"s:1044:12:1044:Infinity":164,"b:1046:17:1046:43:1046:43:1046:Infinity":44,"f:1057:31:1057:37":37,"s:1057:37:1057:Infinity":165,"f:1059:36:1059:42":38,"b:1076:7:1076:Infinity:1077:8:1082:Infinity":45,"f:1080:21:1080:27":39,"s:1080:27:1080:Infinity":166,"b:1086:7:1086:Infinity:1087:8:1092:Infinity":46,"f:1090:21:1090:27":40,"s:1090:27:1090:Infinity":167,"f:1100:19:1100:25":41,"s:1100:25:1100:Infinity":168}}}
,"C:\\Users\\pkw\\t1227\\gyeonggi-climate-map\\frontend\\src\\constants\\climate.js": {"path":"C:\\Users\\pkw\\t1227\\gyeonggi-climate-map\\frontend\\src\\constants\\climate.js","statementMap":{"0":{"start":{"line":7,"column":31},"end":{"line":12,"column":1}},"1":{"start":{"line":15,"column":27},"end":{"line":20,"column":1}},"2":{"start":{"line":23,"column":34},"end":{"line":28,"column":1}},"3":{"start":{"line":31,"column":29},"end":{"line":36,"column":1}},"4":{"start":{"line":39,"column":29},"end":{"line":46,"column":1}},"5":{"start":{"line":53,"column":34},"end":{"line":58,"column":1}},"6":{"start":{"line":54,"column":2},"end":{"line":54,"column":null}},"7":{"start":{"line":54,"column":39},"end":{"line":54,"column":null}},"8":{"start":{"line":55,"column":2},"end":{"line":55,"column":null}},"9":{"start":{"line":55,"column":40},"end":{"line":55,"column":null}},"10":{"start":{"line":56,"column":2},"end":{"line":56,"column":null}},"11":{"start":{"line":56,"column":40},"end":{"line":56,"column":null}},"12":{"start":{"line":57,"column":2},"end":{"line":57,"column":null}},"13":{"start":{"line":66,"column":36},"end":{"line":69,"column":1}},"14":{"start":{"line":67,"column":21},"end":{"line":67,"column":54}},"15":{"start":{"line":68,"column":2},"end":{"line":68,"column":null}},"16":{"start":{"line":76,"column":30},"end":{"line":78,"column":1}},"17":{"start":{"line":77,"column":2},"end":{"line":77,"column":null}}},"fnMap":{"0":{"name":"(anonymous_0)","decl":{"start":{"line":53,"column":34},"end":{"line":53,"column":35}},"loc":{"start":{"line":53,"column":45},"end":{"line":58,"column":1}},"line":53},"1":{"name":"(anonymous_1)","decl":{"start":{"line":66,"column":36},"end":{"line":66,"column":37}},"loc":{"start":{"line":66,"column":67},"end":{"line":69,"column":1}},"line":66},"2":{"name":"(anonymous_2)","decl":{"start":{"line":76,"column":30},"end":{"line":76,"column":31}},"loc":{"start":{"line":76,"column":42},"end":{"line":78,"column":1}},"line":76}},"branchMap":{"0":{"loc":{"start":{"line":54,"column":2},"end":{"line":54,"column":null}},"type":"if","locations":[{"start":{"line":54,"column":2},"end":{"line":54,"column":null}},{"start":{},"end":{}}],"line":54},"1":{"loc":{"start":{"line":55,"column":2},"end":{"line":55,"column":null}},"type":"if","locations":[{"start":{"line":55,"column":2},"end":{"line":55,"column":null}},{"start":{},"end":{}}],"line":55},"2":{"loc":{"start":{"line":56,"column":2},"end":{"line":56,"column":null}},"type":"if","locations":[{"start":{"line":56,"column":2},"end":{"line":56,"column":null}},{"start":{},"end":{}}],"line":56},"3":{"loc":{"start":{"line":66,"column":44},"end":{"line":66,"column":62}},"type":"default-arg","locations":[{"start":{"line":66,"column":53},"end":{"line":66,"column":62}}],"line":66},"4":{"loc":{"start":{"line":67,"column":21},"end":{"line":67,"column":54}},"type":"binary-expr","locations":[{"start":{"line":67,"column":21},"end":{"line":67,"column":47}},{"start":{"line":67,"column":51},"end":{"line":67,"column":54}}],"line":67},"5":{"loc":{"start":{"line":77,"column":9},"end":{"line":77,"column":55}},"type":"binary-expr","locations":[{"start":{"line":77,"column":9},"end":{"line":77,"column":30}},{"start":{"line":77,"column":34},"end":{"line":77,"column":55}}],"line":77}},"s":{"0":3,"1":3,"2":3,"3":3,"4":3,"5":3,"6":12,"7":3,"8":9,"9":3,"10":6,"11":6,"12":3,"13":3,"14":11,"15":11,"16":3,"17":11},"f":{"0":12,"1":11,"2":11},"b":{"0":[3,9],"1":[3,6],"2":[3,3],"3":[11],"4":[11,1],"5":[11,3]},"meta":{"lastBranch":6,"lastFunction":3,"lastStatement":18,"seen":{"s:7:31:12:1":0,"s:15:27:20:1":1,"s:23:34:28:1":2,"s:31:29:36:1":3,"s:39:29:46:1":4,"s:53:34:58:1":5,"f:53:34:53:35":0,"b:54:2:54:Infinity:undefined:undefined:undefined:undefined":0,"s:54:2:54:Infinity":6,"s:54:39:54:Infinity":7,"b:55:2:55:Infinity:undefined:undefined:undefined:undefined":1,"s:55:2:55:Infinity":8,"s:55:40:55:Infinity":9,"b:56:2:56:Infinity:undefined:undefined:undefined:undefined":2,"s:56:2:56:Infinity":10,"s:56:40:56:Infinity":11,"s:57:2:57:Infinity":12,"s:66:36:69:1":13,"f:66:36:66:37":1,"b:66:53:66:62":3,"s:67:21:67:54":14,"b:67:21:67:47:67:51:67:54":4,"s:68:2:68:Infinity":15,"s:76:30:78:1":16,"f:76:30:76:31":2,"s:77:2:77:Infinity":17,"b:77:9:77:30:77:34:77:55":5}}}
,"C:\\Users\\pkw\\t1227\\gyeonggi-climate-map\\frontend\\src\\contexts\\AuthContext.jsx": {"path":"C:\\Users\\pkw\\t1227\\gyeonggi-climate-map\\frontend\\src\\contexts\\AuthContext.jsx","statementMap":{"0":{"start":{"line":5,"column":6},"end":{"line":5,"column":null}},"1":{"start":{"line":6,"column":6},"end":{"line":6,"column":null}},"2":{"start":{"line":8,"column":23},"end":{"line":8,"column":null}},"3":{"start":{"line":11,"column":22},"end":{"line":11,"column":null}},"4":{"start":{"line":12,"column":28},"end":{"line":12,"column":null}},"5":{"start":{"line":13,"column":28},"end":{"line":13,"column":null}},"6":{"start":{"line":14,"column":32},"end":{"line":14,"column":null}},"7":{"start":{"line":15,"column":36},"end":{"line":15,"column":null}},"8":{"start":{"line":18,"column":2},"end":{"line":56,"column":null}},"9":{"start":{"line":20,"column":21},"end":{"line":30,"column":null}},"10":{"start":{"line":21,"column":6},"end":{"line":29,"column":null}},"11":{"start":{"line":22,"column":8},"end":{"line":22,"column":null}},"12":{"start":{"line":23,"column":8},"end":{"line":23,"column":null}},"13":{"start":{"line":24,"column":8},"end":{"line":27,"column":null}},"14":{"start":{"line":26,"column":10},"end":{"line":26,"column":null}},"15":{"start":{"line":28,"column":8},"end":{"line":28,"column":null}},"16":{"start":{"line":33,"column":4},"end":{"line":38,"column":null}},"17":{"start":{"line":34,"column":6},"end":{"line":34,"column":null}},"18":{"start":{"line":37,"column":6},"end":{"line":37,"column":null}},"19":{"start":{"line":43,"column":8},"end":{"line":53,"column":null}},"20":{"start":{"line":44,"column":6},"end":{"line":44,"column":null}},"21":{"start":{"line":45,"column":6},"end":{"line":45,"column":null}},"22":{"start":{"line":46,"column":6},"end":{"line":51,"column":null}},"23":{"start":{"line":48,"column":8},"end":{"line":48,"column":null}},"24":{"start":{"line":50,"column":8},"end":{"line":50,"column":null}},"25":{"start":{"line":52,"column":6},"end":{"line":52,"column":null}},"26":{"start":{"line":55,"column":4},"end":{"line":55,"column":null}},"27":{"start":{"line":55,"column":17},"end":{"line":55,"column":null}},"28":{"start":{"line":59,"column":23},"end":{"line":83,"column":null}},"29":{"start":{"line":60,"column":4},"end":{"line":82,"column":null}},"30":{"start":{"line":61,"column":24},"end":{"line":61,"column":null}},"31":{"start":{"line":62,"column":18},"end":{"line":62,"column":null}},"32":{"start":{"line":63,"column":23},"end":{"line":68,"column":null}},"33":{"start":{"line":70,"column":6},"end":{"line":79,"column":null}},"34":{"start":{"line":71,"column":21},"end":{"line":71,"column":null}},"35":{"start":{"line":72,"column":8},"end":{"line":78,"column":null}},"36":{"start":{"line":73,"column":10},"end":{"line":73,"column":null}},"37":{"start":{"line":75,"column":10},"end":{"line":75,"column":null}},"38":{"start":{"line":77,"column":10},"end":{"line":77,"column":null}},"39":{"start":{"line":81,"column":6},"end":{"line":81,"column":null}},"40":{"start":{"line":86,"column":26},"end":{"line":148,"column":null}},"41":{"start":{"line":87,"column":4},"end":{"line":87,"column":null}},"42":{"start":{"line":87,"column":27},"end":{"line":87,"column":null}},"43":{"start":{"line":89,"column":4},"end":{"line":147,"column":null}},"44":{"start":{"line":91,"column":23},"end":{"line":91,"column":null}},"45":{"start":{"line":92,"column":23},"end":{"line":97,"column":null}},"46":{"start":{"line":99,"column":6},"end":{"line":99,"column":null}},"47":{"start":{"line":99,"column":24},"end":{"line":99,"column":null}},"48":{"start":{"line":100,"column":24},"end":{"line":100,"column":null}},"49":{"start":{"line":101,"column":27},"end":{"line":101,"column":null}},"50":{"start":{"line":104,"column":23},"end":{"line":104,"column":null}},"51":{"start":{"line":105,"column":23},"end":{"line":110,"column":null}},"52":{"start":{"line":112,"column":23},"end":{"line":112,"column":null}},"53":{"start":{"line":113,"column":6},"end":{"line":117,"column":null}},"54":{"start":{"line":114,"column":26},"end":{"line":114,"column":null}},"55":{"start":{"line":115,"column":8},"end":{"line":116,"column":null}},"56":{"start":{"line":116,"column":40},"end":{"line":116,"column":62}},"57":{"start":{"line":120,"column":30},"end":{"line":120,"column":null}},"58":{"start":{"line":123,"column":23},"end":{"line":123,"column":null}},"59":{"start":{"line":124,"column":23},"end":{"line":137,"column":null}},"60":{"start":{"line":139,"column":6},"end":{"line":144,"column":null}},"61":{"start":{"line":140,"column":21},"end":{"line":140,"column":null}},"62":{"start":{"line":141,"column":8},"end":{"line":143,"column":null}},"63":{"start":{"line":142,"column":10},"end":{"line":142,"column":null}},"64":{"start":{"line":151,"column":26},"end":{"line":195,"column":null}},"65":{"start":{"line":152,"column":4},"end":{"line":152,"column":null}},"66":{"start":{"line":154,"column":4},"end":{"line":194,"column":null}},"67":{"start":{"line":155,"column":30},"end":{"line":163,"column":null}},"68":{"start":{"line":165,"column":6},"end":{"line":165,"column":null}},"69":{"start":{"line":165,"column":17},"end":{"line":165,"column":null}},"70":{"start":{"line":168,"column":6},"end":{"line":173,"column":null}},"71":{"start":{"line":169,"column":8},"end":{"line":172,"column":null}},"72":{"start":{"line":176,"column":6},"end":{"line":178,"column":null}},"73":{"start":{"line":177,"column":8},"end":{"line":177,"column":null}},"74":{"start":{"line":181,"column":37},"end":{"line":184,"column":null}},"75":{"start":{"line":186,"column":6},"end":{"line":188,"column":null}},"76":{"start":{"line":187,"column":8},"end":{"line":187,"column":null}},"77":{"start":{"line":190,"column":6},"end":{"line":190,"column":null}},"78":{"start":{"line":192,"column":6},"end":{"line":192,"column":null}},"79":{"start":{"line":193,"column":6},"end":{"line":193,"column":null}},"80":{"start":{"line":198,"column":26},"end":{"line":224,"column":null}},"81":{"start":{"line":199,"column":4},"end":{"line":199,"column":null}},"82":{"start":{"line":201,"column":4},"end":{"line":223,"column":null}},"83":{"start":{"line":203,"column":29},"end":{"line":209,"column":null}},"84":{"start":{"line":204,"column":8},"end":{"line":208,"column":null}},"85":{"start":{"line":205,"column":10},"end":{"line":207,"column":null}},"86":{"start":{"line":211,"column":26},"end":{"line":214,"column":null}},"87":{"start":{"line":216,"column":30},"end":{"line":216,"column":null}},"88":{"start":{"line":218,"column":6},"end":{"line":218,"column":null}},"89":{"start":{"line":218,"column":17},"end":{"line":218,"column":null}},"90":{"start":{"line":219,"column":6},"end":{"line":219,"column":null}},"91":{"start":{"line":221,"column":6},"end":{"line":221,"column":null}},"92":{"start":{"line":222,"column":6},"end":{"line":222,"column":null}},"93":{"start":{"line":227,"column":23},"end":{"line":246,"column":null}},"94":{"start":{"line":228,"column":4},"end":{"line":228,"column":null}},"95":{"start":{"line":229,"column":4},"end":{"line":245,"column":null}},"96":{"start":{"line":231,"column":29},"end":{"line":233,"column":null}},"97":{"start":{"line":235,"column":24},"end":{"line":237,"column":null}},"98":{"start":{"line":239,"column":6},"end":{"line":239,"column":null}},"99":{"start":{"line":239,"column":17},"end":{"line":239,"column":null}},"100":{"start":{"line":240,"column":6},"end":{"line":240,"column":null}},"101":{"start":{"line":242,"column":6},"end":{"line":242,"column":null}},"102":{"start":{"line":243,"column":6},"end":{"line":243,"column":null}},"103":{"start":{"line":244,"column":6},"end":{"line":244,"column":null}},"104":{"start":{"line":249,"column":25},"end":{"line":269,"column":null}},"105":{"start":{"line":250,"column":4},"end":{"line":250,"column":null}},"106":{"start":{"line":251,"column":4},"end":{"line":268,"column":null}},"107":{"start":{"line":252,"column":29},"end":{"line":254,"column":null}},"108":{"start":{"line":256,"column":30},"end":{"line":260,"column":null}},"109":{"start":{"line":262,"column":6},"end":{"line":262,"column":null}},"110":{"start":{"line":262,"column":17},"end":{"line":262,"column":null}},"111":{"start":{"line":263,"column":6},"end":{"line":263,"column":null}},"112":{"start":{"line":265,"column":6},"end":{"line":265,"column":null}},"113":{"start":{"line":266,"column":6},"end":{"line":266,"column":null}},"114":{"start":{"line":267,"column":6},"end":{"line":267,"column":null}},"115":{"start":{"line":272,"column":18},"end":{"line":287,"column":null}},"116":{"start":{"line":274,"column":4},"end":{"line":274,"column":null}},"117":{"start":{"line":275,"column":4},"end":{"line":275,"column":null}},"118":{"start":{"line":276,"column":4},"end":{"line":276,"column":null}},"119":{"start":{"line":279,"column":4},"end":{"line":283,"column":null}},"120":{"start":{"line":280,"column":6},"end":{"line":280,"column":null}},"121":{"start":{"line":286,"column":4},"end":{"line":286,"column":null}},"122":{"start":{"line":290,"column":23},"end":{"line":292,"column":null}},"123":{"start":{"line":291,"column":4},"end":{"line":291,"column":null}},"124":{"start":{"line":295,"column":24},"end":{"line":339,"column":null}},"125":{"start":{"line":296,"column":4},"end":{"line":296,"column":null}},"126":{"start":{"line":296,"column":15},"end":{"line":296,"column":null}},"127":{"start":{"line":298,"column":4},"end":{"line":338,"column":null}},"128":{"start":{"line":299,"column":20},"end":{"line":299,"column":null}},"129":{"start":{"line":300,"column":6},"end":{"line":300,"column":null}},"130":{"start":{"line":300,"column":18},"end":{"line":300,"column":null}},"131":{"start":{"line":302,"column":26},"end":{"line":305,"column":null}},"132":{"start":{"line":308,"column":23},"end":{"line":308,"column":null}},"133":{"start":{"line":310,"column":28},"end":{"line":319,"column":null}},"134":{"start":{"line":321,"column":6},"end":{"line":332,"column":null}},"135":{"start":{"line":322,"column":21},"end":{"line":322,"column":null}},"136":{"start":{"line":325,"column":8},"end":{"line":327,"column":null}},"137":{"start":{"line":326,"column":10},"end":{"line":326,"column":null}},"138":{"start":{"line":329,"column":31},"end":{"line":329,"column":null}},"139":{"start":{"line":330,"column":8},"end":{"line":330,"column":null}},"140":{"start":{"line":331,"column":8},"end":{"line":331,"column":null}},"141":{"start":{"line":335,"column":6},"end":{"line":335,"column":null}},"142":{"start":{"line":337,"column":6},"end":{"line":337,"column":null}},"143":{"start":{"line":342,"column":24},"end":{"line":370,"column":null}},"144":{"start":{"line":343,"column":24},"end":{"line":348,"column":null}},"145":{"start":{"line":350,"column":25},"end":{"line":359,"column":null}},"146":{"start":{"line":361,"column":4},"end":{"line":366,"column":null}},"147":{"start":{"line":362,"column":19},"end":{"line":362,"column":null}},"148":{"start":{"line":363,"column":25},"end":{"line":363,"column":null}},"149":{"start":{"line":364,"column":6},"end":{"line":364,"column":null}},"150":{"start":{"line":365,"column":6},"end":{"line":365,"column":null}},"151":{"start":{"line":368,"column":22},"end":{"line":368,"column":null}},"152":{"start":{"line":369,"column":4},"end":{"line":369,"column":null}},"153":{"start":{"line":373,"column":28},"end":{"line":402,"column":null}},"154":{"start":{"line":374,"column":4},"end":{"line":374,"column":null}},"155":{"start":{"line":374,"column":15},"end":{"line":374,"column":null}},"156":{"start":{"line":376,"column":4},"end":{"line":401,"column":null}},"157":{"start":{"line":377,"column":20},"end":{"line":377,"column":null}},"158":{"start":{"line":378,"column":6},"end":{"line":378,"column":null}},"159":{"start":{"line":378,"column":18},"end":{"line":378,"column":null}},"160":{"start":{"line":380,"column":23},"end":{"line":392,"column":null}},"161":{"start":{"line":394,"column":6},"end":{"line":396,"column":null}},"162":{"start":{"line":395,"column":8},"end":{"line":395,"column":null}},"163":{"start":{"line":397,"column":24},"end":{"line":397,"column":null}},"164":{"start":{"line":398,"column":6},"end":{"line":398,"column":null}},"165":{"start":{"line":400,"column":6},"end":{"line":400,"column":null}},"166":{"start":{"line":405,"column":31},"end":{"line":428,"column":null}},"167":{"start":{"line":406,"column":4},"end":{"line":406,"column":null}},"168":{"start":{"line":406,"column":15},"end":{"line":406,"column":null}},"169":{"start":{"line":408,"column":4},"end":{"line":427,"column":null}},"170":{"start":{"line":409,"column":20},"end":{"line":409,"column":null}},"171":{"start":{"line":410,"column":6},"end":{"line":410,"column":null}},"172":{"start":{"line":410,"column":18},"end":{"line":410,"column":null}},"173":{"start":{"line":412,"column":18},"end":{"line":412,"column":null}},"174":{"start":{"line":413,"column":23},"end":{"line":419,"column":null}},"175":{"start":{"line":421,"column":6},"end":{"line":423,"column":null}},"176":{"start":{"line":422,"column":8},"end":{"line":422,"column":null}},"177":{"start":{"line":424,"column":6},"end":{"line":424,"column":null}},"178":{"start":{"line":426,"column":6},"end":{"line":426,"column":null}},"179":{"start":{"line":431,"column":29},"end":{"line":452,"column":null}},"180":{"start":{"line":432,"column":4},"end":{"line":432,"column":null}},"181":{"start":{"line":432,"column":15},"end":{"line":432,"column":null}},"182":{"start":{"line":434,"column":4},"end":{"line":451,"column":null}},"183":{"start":{"line":435,"column":20},"end":{"line":435,"column":null}},"184":{"start":{"line":436,"column":18},"end":{"line":436,"column":null}},"185":{"start":{"line":437,"column":23},"end":{"line":442,"column":null}},"186":{"start":{"line":444,"column":6},"end":{"line":447,"column":null}},"187":{"start":{"line":445,"column":21},"end":{"line":445,"column":null}},"188":{"start":{"line":446,"column":8},"end":{"line":446,"column":null}},"189":{"start":{"line":446,"column":32},"end":{"line":446,"column":40}},"190":{"start":{"line":448,"column":6},"end":{"line":448,"column":null}},"191":{"start":{"line":450,"column":6},"end":{"line":450,"column":null}},"192":{"start":{"line":455,"column":23},"end":{"line":476,"column":null}},"193":{"start":{"line":456,"column":4},"end":{"line":456,"column":null}},"194":{"start":{"line":456,"column":15},"end":{"line":456,"column":null}},"195":{"start":{"line":458,"column":4},"end":{"line":475,"column":null}},"196":{"start":{"line":459,"column":20},"end":{"line":459,"column":null}},"197":{"start":{"line":460,"column":18},"end":{"line":460,"column":null}},"198":{"start":{"line":461,"column":23},"end":{"line":466,"column":null}},"199":{"start":{"line":468,"column":6},"end":{"line":471,"column":null}},"200":{"start":{"line":469,"column":21},"end":{"line":469,"column":null}},"201":{"start":{"line":470,"column":8},"end":{"line":470,"column":null}},"202":{"start":{"line":472,"column":6},"end":{"line":472,"column":null}},"203":{"start":{"line":474,"column":6},"end":{"line":474,"column":null}},"204":{"start":{"line":479,"column":25},"end":{"line":504,"column":null}},"205":{"start":{"line":480,"column":4},"end":{"line":480,"column":null}},"206":{"start":{"line":480,"column":15},"end":{"line":480,"column":null}},"207":{"start":{"line":482,"column":4},"end":{"line":503,"column":null}},"208":{"start":{"line":483,"column":20},"end":{"line":483,"column":null}},"209":{"start":{"line":484,"column":6},"end":{"line":484,"column":null}},"210":{"start":{"line":484,"column":18},"end":{"line":484,"column":null}},"211":{"start":{"line":486,"column":18},"end":{"line":486,"column":null}},"212":{"start":{"line":487,"column":23},"end":{"line":493,"column":null}},"213":{"start":{"line":495,"column":6},"end":{"line":499,"column":null}},"214":{"start":{"line":497,"column":8},"end":{"line":497,"column":null}},"215":{"start":{"line":498,"column":8},"end":{"line":498,"column":null}},"216":{"start":{"line":500,"column":6},"end":{"line":500,"column":null}},"217":{"start":{"line":502,"column":6},"end":{"line":502,"column":null}},"218":{"start":{"line":507,"column":29},"end":{"line":573,"column":null}},"219":{"start":{"line":508,"column":4},"end":{"line":508,"column":null}},"220":{"start":{"line":508,"column":15},"end":{"line":508,"column":null}},"221":{"start":{"line":510,"column":4},"end":{"line":572,"column":null}},"222":{"start":{"line":511,"column":20},"end":{"line":511,"column":null}},"223":{"start":{"line":514,"column":23},"end":{"line":514,"column":null}},"224":{"start":{"line":515,"column":23},"end":{"line":520,"column":null}},"225":{"start":{"line":522,"column":6},"end":{"line":522,"column":null}},"226":{"start":{"line":522,"column":24},"end":{"line":522,"column":null}},"227":{"start":{"line":523,"column":24},"end":{"line":523,"column":null}},"228":{"start":{"line":524,"column":27},"end":{"line":524,"column":null}},"229":{"start":{"line":527,"column":23},"end":{"line":527,"column":null}},"230":{"start":{"line":528,"column":23},"end":{"line":533,"column":null}},"231":{"start":{"line":535,"column":23},"end":{"line":535,"column":null}},"232":{"start":{"line":536,"column":6},"end":{"line":540,"column":null}},"233":{"start":{"line":537,"column":26},"end":{"line":537,"column":null}},"234":{"start":{"line":538,"column":8},"end":{"line":539,"column":null}},"235":{"start":{"line":539,"column":40},"end":{"line":539,"column":62}},"236":{"start":{"line":543,"column":30},"end":{"line":543,"column":null}},"237":{"start":{"line":546,"column":6},"end":{"line":569,"column":null}},"238":{"start":{"line":547,"column":25},"end":{"line":547,"column":null}},"239":{"start":{"line":548,"column":25},"end":{"line":561,"column":null}},"240":{"start":{"line":563,"column":8},"end":{"line":568,"column":null}},"241":{"start":{"line":564,"column":23},"end":{"line":564,"column":null}},"242":{"start":{"line":565,"column":10},"end":{"line":567,"column":null}},"243":{"start":{"line":566,"column":12},"end":{"line":566,"column":null}},"244":{"start":{"line":575,"column":16},"end":{"line":593,"column":null}},"245":{"start":{"line":595,"column":2},"end":{"line":595,"column":null}}},"fnMap":{"0":{"name":"(anonymous_0)","decl":{"start":{"line":8,"column":23},"end":{"line":8,"column":29}},"loc":{"start":{"line":8,"column":23},"end":{"line":8,"column":null}},"line":8},"1":{"name":"AuthProvider","decl":{"start":{"line":10,"column":16},"end":{"line":10,"column":29}},"loc":{"start":{"line":10,"column":43},"end":{"line":596,"column":null}},"line":10},"2":{"name":"(anonymous_2)","decl":{"start":{"line":18,"column":12},"end":{"line":18,"column":18}},"loc":{"start":{"line":18,"column":18},"end":{"line":56,"column":5}},"line":18},"3":{"name":"(anonymous_3)","decl":{"start":{"line":20,"column":21},"end":{"line":20,"column":27}},"loc":{"start":{"line":20,"column":27},"end":{"line":30,"column":null}},"line":20},"4":{"name":"(anonymous_4)","decl":{"start":{"line":21,"column":38},"end":{"line":21,"column":39}},"loc":{"start":{"line":21,"column":65},"end":{"line":29,"column":7}},"line":21},"5":{"name":"(anonymous_5)","decl":{"start":{"line":43,"column":40},"end":{"line":43,"column":47}},"loc":{"start":{"line":43,"column":66},"end":{"line":53,"column":5}},"line":43},"6":{"name":"(anonymous_6)","decl":{"start":{"line":55,"column":11},"end":{"line":55,"column":17}},"loc":{"start":{"line":55,"column":17},"end":{"line":55,"column":null}},"line":55},"7":{"name":"(anonymous_7)","decl":{"start":{"line":59,"column":23},"end":{"line":59,"column":30}},"loc":{"start":{"line":59,"column":55},"end":{"line":83,"column":null}},"line":59},"8":{"name":"(anonymous_8)","decl":{"start":{"line":86,"column":26},"end":{"line":86,"column":33}},"loc":{"start":{"line":86,"column":51},"end":{"line":148,"column":null}},"line":86},"9":{"name":"(anonymous_9)","decl":{"start":{"line":116,"column":28},"end":{"line":116,"column":29}},"loc":{"start":{"line":116,"column":40},"end":{"line":116,"column":62}},"line":116},"10":{"name":"(anonymous_10)","decl":{"start":{"line":151,"column":26},"end":{"line":151,"column":33}},"loc":{"start":{"line":151,"column":53},"end":{"line":195,"column":null}},"line":151},"11":{"name":"(anonymous_11)","decl":{"start":{"line":198,"column":26},"end":{"line":198,"column":33}},"loc":{"start":{"line":198,"column":53},"end":{"line":224,"column":null}},"line":198},"12":{"name":"(anonymous_12)","decl":{"start":{"line":203,"column":41},"end":{"line":203,"column":42}},"loc":{"start":{"line":203,"column":56},"end":{"line":209,"column":7}},"line":203},"13":{"name":"(anonymous_13)","decl":{"start":{"line":204,"column":19},"end":{"line":204,"column":25}},"loc":{"start":{"line":204,"column":25},"end":{"line":208,"column":11}},"line":204},"14":{"name":"(anonymous_14)","decl":{"start":{"line":227,"column":23},"end":{"line":227,"column":30}},"loc":{"start":{"line":227,"column":40},"end":{"line":246,"column":null}},"line":227},"15":{"name":"(anonymous_15)","decl":{"start":{"line":249,"column":25},"end":{"line":249,"column":32}},"loc":{"start":{"line":249,"column":49},"end":{"line":269,"column":null}},"line":249},"16":{"name":"(anonymous_16)","decl":{"start":{"line":272,"column":18},"end":{"line":272,"column":30}},"loc":{"start":{"line":272,"column":30},"end":{"line":287,"column":null}},"line":272},"17":{"name":"(anonymous_17)","decl":{"start":{"line":286,"column":34},"end":{"line":286,"column":40}},"loc":{"start":{"line":286,"column":40},"end":{"line":286,"column":42}},"line":286},"18":{"name":"(anonymous_18)","decl":{"start":{"line":290,"column":23},"end":{"line":290,"column":29}},"loc":{"start":{"line":290,"column":29},"end":{"line":292,"column":null}},"line":290},"19":{"name":"(anonymous_19)","decl":{"start":{"line":295,"column":24},"end":{"line":295,"column":31}},"loc":{"start":{"line":295,"column":43},"end":{"line":339,"column":null}},"line":295},"20":{"name":"(anonymous_20)","decl":{"start":{"line":342,"column":24},"end":{"line":342,"column":31}},"loc":{"start":{"line":342,"column":50},"end":{"line":370,"column":null}},"line":342},"21":{"name":"(anonymous_21)","decl":{"start":{"line":373,"column":28},"end":{"line":373,"column":35}},"loc":{"start":{"line":373,"column":46},"end":{"line":402,"column":null}},"line":373},"22":{"name":"(anonymous_22)","decl":{"start":{"line":405,"column":31},"end":{"line":405,"column":38}},"loc":{"start":{"line":405,"column":49},"end":{"line":428,"column":null}},"line":405},"23":{"name":"(anonymous_23)","decl":{"start":{"line":431,"column":29},"end":{"line":431,"column":41}},"loc":{"start":{"line":431,"column":41},"end":{"line":452,"column":null}},"line":431},"24":{"name":"(anonymous_24)","decl":{"start":{"line":446,"column":25},"end":{"line":446,"column":26}},"loc":{"start":{"line":446,"column":32},"end":{"line":446,"column":40}},"line":446},"25":{"name":"(anonymous_25)","decl":{"start":{"line":455,"column":23},"end":{"line":455,"column":35}},"loc":{"start":{"line":455,"column":35},"end":{"line":476,"column":null}},"line":455},"26":{"name":"(anonymous_26)","decl":{"start":{"line":479,"column":25},"end":{"line":479,"column":32}},"loc":{"start":{"line":479,"column":45},"end":{"line":504,"column":null}},"line":479},"27":{"name":"(anonymous_27)","decl":{"start":{"line":507,"column":29},"end":{"line":507,"column":41}},"loc":{"start":{"line":507,"column":41},"end":{"line":573,"column":null}},"line":507},"28":{"name":"(anonymous_28)","decl":{"start":{"line":539,"column":28},"end":{"line":539,"column":29}},"loc":{"start":{"line":539,"column":40},"end":{"line":539,"column":62}},"line":539}},"branchMap":{"0":{"loc":{"start":{"line":22,"column":16},"end":{"line":22,"column":37}},"type":"binary-expr","locations":[{"start":{"line":22,"column":16},"end":{"line":22,"column":33}},{"start":{"line":22,"column":33},"end":{"line":22,"column":37}}],"line":22},"1":{"loc":{"start":{"line":23,"column":23},"end":{"line":23,"column":52}},"type":"binary-expr","locations":[{"start":{"line":23,"column":23},"end":{"line":23,"column":48}},{"start":{"line":23,"column":48},"end":{"line":23,"column":52}}],"line":23},"2":{"loc":{"start":{"line":24,"column":8},"end":{"line":27,"column":null}},"type":"if","locations":[{"start":{"line":24,"column":8},"end":{"line":27,"column":null}},{"start":{},"end":{}}],"line":24},"3":{"loc":{"start":{"line":33,"column":4},"end":{"line":38,"column":null}},"type":"if","locations":[{"start":{"line":33,"column":4},"end":{"line":38,"column":null}},{"start":{"line":35,"column":11},"end":{"line":38,"column":null}}],"line":33},"4":{"loc":{"start":{"line":44,"column":14},"end":{"line":44,"column":35}},"type":"binary-expr","locations":[{"start":{"line":44,"column":14},"end":{"line":44,"column":31}},{"start":{"line":44,"column":31},"end":{"line":44,"column":35}}],"line":44},"5":{"loc":{"start":{"line":45,"column":21},"end":{"line":45,"column":50}},"type":"binary-expr","locations":[{"start":{"line":45,"column":21},"end":{"line":45,"column":46}},{"start":{"line":45,"column":46},"end":{"line":45,"column":50}}],"line":45},"6":{"loc":{"start":{"line":46,"column":6},"end":{"line":51,"column":null}},"type":"if","locations":[{"start":{"line":46,"column":6},"end":{"line":51,"column":null}},{"start":{"line":49,"column":13},"end":{"line":51,"column":null}}],"line":46},"7":{"loc":{"start":{"line":59,"column":38},"end":{"line":59,"column":55}},"type":"default-arg","locations":[{"start":{"line":59,"column":46},"end":{"line":59,"column":55}}],"line":59},"8":{"loc":{"start":{"line":61,"column":24},"end":{"line":61,"column":null}},"type":"binary-expr","locations":[{"start":{"line":61,"column":24},"end":{"line":61,"column":33}},{"start":{"line":61,"column":33},"end":{"line":61,"column":null}}],"line":61},"9":{"loc":{"start":{"line":66,"column":35},"end":{"line":66,"column":65}},"type":"binary-expr","locations":[{"start":{"line":66,"column":35},"end":{"line":66,"column":48}},{"start":{"line":66,"column":48},"end":{"line":66,"column":65}}],"line":66},"10":{"loc":{"start":{"line":70,"column":6},"end":{"line":79,"column":null}},"type":"if","locations":[{"start":{"line":70,"column":6},"end":{"line":79,"column":null}},{"start":{},"end":{}}],"line":70},"11":{"loc":{"start":{"line":72,"column":8},"end":{"line":78,"column":null}},"type":"if","locations":[{"start":{"line":72,"column":8},"end":{"line":78,"column":null}},{"start":{"line":76,"column":15},"end":{"line":78,"column":null}}],"line":72},"12":{"loc":{"start":{"line":72,"column":12},"end":{"line":72,"column":37}},"type":"binary-expr","locations":[{"start":{"line":72,"column":12},"end":{"line":72,"column":20}},{"start":{"line":72,"column":20},"end":{"line":72,"column":37}}],"line":72},"13":{"loc":{"start":{"line":87,"column":4},"end":{"line":87,"column":null}},"type":"if","locations":[{"start":{"line":87,"column":4},"end":{"line":87,"column":null}},{"start":{},"end":{}}],"line":87},"14":{"loc":{"start":{"line":87,"column":8},"end":{"line":87,"column":27}},"type":"binary-expr","locations":[{"start":{"line":87,"column":8},"end":{"line":87,"column":19}},{"start":{"line":87,"column":19},"end":{"line":87,"column":27}}],"line":87},"15":{"loc":{"start":{"line":99,"column":6},"end":{"line":99,"column":null}},"type":"if","locations":[{"start":{"line":99,"column":6},"end":{"line":99,"column":null}},{"start":{},"end":{}}],"line":99},"16":{"loc":{"start":{"line":101,"column":27},"end":{"line":101,"column":null}},"type":"binary-expr","locations":[{"start":{"line":101,"column":27},"end":{"line":101,"column":48}},{"start":{"line":101,"column":48},"end":{"line":101,"column":null}}],"line":101},"17":{"loc":{"start":{"line":113,"column":6},"end":{"line":117,"column":null}},"type":"if","locations":[{"start":{"line":113,"column":6},"end":{"line":117,"column":null}},{"start":{},"end":{}}],"line":113},"18":{"loc":{"start":{"line":116,"column":10},"end":{"line":116,"column":null}},"type":"binary-expr","locations":[{"start":{"line":116,"column":10},"end":{"line":116,"column":68}},{"start":{"line":116,"column":68},"end":{"line":116,"column":null}}],"line":116},"19":{"loc":{"start":{"line":116,"column":47},"end":{"line":116,"column":62}},"type":"binary-expr","locations":[{"start":{"line":116,"column":47},"end":{"line":116,"column":58}},{"start":{"line":116,"column":58},"end":{"line":116,"column":62}}],"line":116},"20":{"loc":{"start":{"line":139,"column":6},"end":{"line":144,"column":null}},"type":"if","locations":[{"start":{"line":139,"column":6},"end":{"line":144,"column":null}},{"start":{},"end":{}}],"line":139},"21":{"loc":{"start":{"line":141,"column":8},"end":{"line":143,"column":null}},"type":"if","locations":[{"start":{"line":141,"column":8},"end":{"line":143,"column":null}},{"start":{},"end":{}}],"line":141},"22":{"loc":{"start":{"line":141,"column":12},"end":{"line":141,"column":37}},"type":"binary-expr","locations":[{"start":{"line":141,"column":12},"end":{"line":141,"column":20}},{"start":{"line":141,"column":20},"end":{"line":141,"column":37}}],"line":141},"23":{"loc":{"start":{"line":165,"column":6},"end":{"line":165,"column":null}},"type":"if","locations":[{"start":{"line":165,"column":6},"end":{"line":165,"column":null}},{"start":{},"end":{}}],"line":165},"24":{"loc":{"start":{"line":168,"column":6},"end":{"line":173,"column":null}},"type":"if","locations":[{"start":{"line":168,"column":6},"end":{"line":173,"column":null}},{"start":{},"end":{}}],"line":168},"25":{"loc":{"start":{"line":176,"column":6},"end":{"line":178,"column":null}},"type":"if","locations":[{"start":{"line":176,"column":6},"end":{"line":178,"column":null}},{"start":{},"end":{}}],"line":176},"26":{"loc":{"start":{"line":186,"column":6},"end":{"line":188,"column":null}},"type":"if","locations":[{"start":{"line":186,"column":6},"end":{"line":188,"column":null}},{"start":{},"end":{}}],"line":186},"27":{"loc":{"start":{"line":218,"column":6},"end":{"line":218,"column":null}},"type":"if","locations":[{"start":{"line":218,"column":6},"end":{"line":218,"column":null}},{"start":{},"end":{}}],"line":218},"28":{"loc":{"start":{"line":231,"column":29},"end":{"line":233,"column":null}},"type":"cond-expr","locations":[{"start":{"line":232,"column":10},"end":{"line":232,"column":null}},{"start":{"line":233,"column":10},"end":{"line":233,"column":null}}],"line":231},"29":{"loc":{"start":{"line":239,"column":6},"end":{"line":239,"column":null}},"type":"if","locations":[{"start":{"line":239,"column":6},"end":{"line":239,"column":null}},{"start":{},"end":{}}],"line":239},"30":{"loc":{"start":{"line":252,"column":29},"end":{"line":254,"column":null}},"type":"cond-expr","locations":[{"start":{"line":253,"column":10},"end":{"line":253,"column":null}},{"start":{"line":254,"column":10},"end":{"line":254,"column":null}}],"line":252},"31":{"loc":{"start":{"line":262,"column":6},"end":{"line":262,"column":null}},"type":"if","locations":[{"start":{"line":262,"column":6},"end":{"line":262,"column":null}},{"start":{},"end":{}}],"line":262},"32":{"loc":{"start":{"line":296,"column":4},"end":{"line":296,"column":null}},"type":"if","locations":[{"start":{"line":296,"column":4},"end":{"line":296,"column":null}},{"start":{},"end":{}}],"line":296},"33":{"loc":{"start":{"line":300,"column":6},"end":{"line":300,"column":null}},"type":"if","locations":[{"start":{"line":300,"column":6},"end":{"line":300,"column":null}},{"start":{},"end":{}}],"line":300},"34":{"loc":{"start":{"line":321,"column":6},"end":{"line":332,"column":null}},"type":"if","locations":[{"start":{"line":321,"column":6},"end":{"line":332,"column":null}},{"start":{},"end":{}}],"line":321},"35":{"loc":{"start":{"line":325,"column":8},"end":{"line":327,"column":null}},"type":"if","locations":[{"start":{"line":325,"column":8},"end":{"line":327,"column":null}},{"start":{},"end":{}}],"line":325},"36":{"loc":{"start":{"line":325,"column":12},"end":{"line":325,"column":54}},"type":"binary-expr","locations":[{"start":{"line":325,"column":12},"end":{"line":325,"column":35}},{"start":{"line":325,"column":35},"end":{"line":325,"column":54}}],"line":325},"37":{"loc":{"start":{"line":329,"column":31},"end":{"line":329,"column":null}},"type":"cond-expr","locations":[{"start":{"line":329,"column":53},"end":{"line":329,"column":63}},{"start":{"line":329,"column":63},"end":{"line":329,"column":null}}],"line":329},"38":{"loc":{"start":{"line":361,"column":4},"end":{"line":366,"column":null}},"type":"if","locations":[{"start":{"line":361,"column":4},"end":{"line":366,"column":null}},{"start":{},"end":{}}],"line":361},"39":{"loc":{"start":{"line":363,"column":25},"end":{"line":363,"column":null}},"type":"cond-expr","locations":[{"start":{"line":363,"column":47},"end":{"line":363,"column":57}},{"start":{"line":363,"column":57},"end":{"line":363,"column":null}}],"line":363},"40":{"loc":{"start":{"line":369,"column":20},"end":{"line":369,"column":44}},"type":"binary-expr","locations":[{"start":{"line":369,"column":20},"end":{"line":369,"column":33}},{"start":{"line":369,"column":33},"end":{"line":369,"column":44}}],"line":369},"41":{"loc":{"start":{"line":374,"column":4},"end":{"line":374,"column":null}},"type":"if","locations":[{"start":{"line":374,"column":4},"end":{"line":374,"column":null}},{"start":{},"end":{}}],"line":374},"42":{"loc":{"start":{"line":378,"column":6},"end":{"line":378,"column":null}},"type":"if","locations":[{"start":{"line":378,"column":6},"end":{"line":378,"column":null}},{"start":{},"end":{}}],"line":378},"43":{"loc":{"start":{"line":394,"column":6},"end":{"line":396,"column":null}},"type":"if","locations":[{"start":{"line":394,"column":6},"end":{"line":396,"column":null}},{"start":{},"end":{}}],"line":394},"44":{"loc":{"star
[...]
finity:551:11:557:Infinity":39,"s:550:11:557:Infinity":179,"s:550:35:550:Infinity":180,"b:551:11:557:Infinity:552:11:557:Infinity":40,"s:551:11:557:Infinity":181,"s:551:35:551:Infinity":182,"b:552:11:557:Infinity:553:11:557:Infinity":41,"s:552:11:557:Infinity":183,"s:552:35:552:Infinity":184,"b:553:11:557:Infinity:554:11:557:Infinity":42,"s:553:11:557:Infinity":185,"s:553:35:553:Infinity":186,"b:554:11:557:Infinity:555:11:557:Infinity":43,"s:554:11:557:Infinity":187,"s:554:36:554:Infinity":188,"b:555:11:557:Infinity:556:11:557:Infinity":44,"s:555:11:557:Infinity":189,"s:555:36:555:Infinity":190,"b:556:11:557:Infinity:557:11:557:Infinity":45,"s:556:11:557:Infinity":191,"s:556:35:556:Infinity":192,"b:557:11:557:Infinity:undefined:undefined:undefined:undefined":46,"s:557:11:557:Infinity":193,"s:557:34:557:Infinity":194,"b:561:4:566:Infinity:undefined:undefined:undefined:undefined":47,"s:561:4:566:Infinity":195,"b:562:6:565:Infinity:563:11:565:Infinity":48,"s:562:6:565:Infinity":196,"s:562:26:562:Infinity":197,"b:563:11:565:Infinity:564:11:565:Infinity":49,"s:563:11:565:Infinity":198,"s:563:31:563:Infinity":199,"b:564:11:565:Infinity:565:11:565:Infinity":50,"s:564:11:565:Infinity":200,"s:564:31:564:Infinity":201,"b:565:11:565:Infinity:undefined:undefined:undefined:undefined":51,"s:565:11:565:Infinity":202,"s:565:31:565:Infinity":203,"b:569:4:573:Infinity:undefined:undefined:undefined:undefined":52,"s:569:4:573:Infinity":204,"b:570:6:572:Infinity:571:11:572:Infinity":53,"s:570:6:572:Infinity":205,"s:570:27:570:Infinity":206,"b:571:11:572:Infinity:572:11:572:Infinity":54,"s:571:11:572:Infinity":207,"s:571:32:571:Infinity":208,"b:572:11:572:Infinity:undefined:undefined:undefined:undefined":55,"s:572:11:572:Infinity":209,"s:572:31:572:Infinity":210,"s:576:23:576:29":211,"b:577:4:585:Infinity:undefined:undefined:undefined:undefined":56,"s:577:4:585:Infinity":212,"b:578:6:584:47:580:11:584:47":57,"s:578:6:584:47":213,"s:579:8:579:20":214,"b:580:11:584:47:582:11:584:47":58,"s:580:11:584:47":215,"s:581:8:581:20":216,"b:582:11:584:47:584:11:584:47":59,"s:582:11:584:47":217,"s:583:8:583:20":218,"b:584:11:584:47:undefined:undefined:undefined:undefined":60,"s:584:11:584:47":219,"s:584:35:584:47":220,"s:588:15:588:17":221,"s:589:13:589:15":222,"b:590:4:607:Infinity:undefined:undefined:undefined:undefined":61,"s:590:4:607:Infinity":223,"b:591:6:606:Infinity:594:13:606:Infinity":62,"s:591:6:606:Infinity":224,"s:592:8:592:Infinity":225,"s:593:8:593:Infinity":226,"b:594:13:606:Infinity:597:13:606:Infinity":63,"s:594:13:606:Infinity":227,"s:595:8:595:Infinity":228,"s:596:8:596:Infinity":229,"b:597:13:606:Infinity:600:13:606:Infinity":64,"s:597:13:606:Infinity":230,"s:598:8:598:Infinity":231,"s:599:8:599:Infinity":232,"b:600:13:606:Infinity:603:13:606:Infinity":65,"s:600:13:606:Infinity":233,"s:601:8:601:Infinity":234,"s:602:8:602:Infinity":235,"b:603:13:606:Infinity:undefined:undefined:undefined:undefined":66,"s:603:13:606:Infinity":236,"s:604:8:604:Infinity":237,"s:605:8:605:Infinity":238,"s:610:18:610:19":239,"s:611:27:611:33":240,"b:612:4:621:Infinity:615:11:621:Infinity":67,"s:612:4:621:Infinity":241,"b:612:8:612:31:612:35:612:53":68,"s:614:6:614:Infinity":242,"s:617:19:617:40":243,"b:618:6:620:Infinity:619:11:620:Infinity":69,"s:618:6:620:Infinity":244,"b:618:10:618:20:618:24:618:34":70,"s:618:36:618:Infinity":245,"b:619:11:620:Infinity:620:11:620:Infinity":71,"s:619:11:620:Infinity":246,"b:619:15:619:24:619:28:619:38":72,"s:619:40:619:Infinity":247,"b:620:11:620:Infinity:undefined:undefined:undefined:undefined":73,"s:620:11:620:Infinity":248,"b:620:15:620:24:620:28:620:38":74,"s:620:40:620:Infinity":249,"s:623:4:623:Infinity":250,"b:627:4:635:Infinity:629:11:635:Infinity":75,"s:627:4:635:Infinity":251,"s:628:6:628:Infinity":252,"b:629:11:635:Infinity:631:11:635:Infinity":76,"s:629:11:635:Infinity":253,"s:630:6:630:Infinity":254,"b:631:11:635:Infinity:633:11:635:Infinity":77,"s:631:11:635:Infinity":255,"s:632:6:632:Infinity":256,"s:634:6:634:Infinity":257,"s:636:69:636:73":258,"s:638:4:661:Infinity":259,"b:653:29:653:35:653:39:653:43":78,"b:655:23:655:33:655:37:655:38":79,"s:664:2:668:Infinity":260,"s:674:38:815:1":261,"f:674:38:674:39":30,"s:675:18:675:20":262,"s:677:2:812:Infinity":263,"s:678:16:678:44":264,"b:679:4:679:Infinity:undefined:undefined:undefined:undefined":80,"s:679:4:679:Infinity":265,"s:679:14:679:Infinity":266,"s:682:17:682:23":267,"s:683:21:683:27":268,"s:684:22:684:28":269,"s:685:23:685:27":270,"b:687:4:704:Infinity:undefined:undefined:undefined:undefined":81,"s:687:4:704:Infinity":271,"b:688:6:702:Infinity:696:13:702:Infinity":82,"s:688:6:702:Infinity":272,"b:688:10:688:20:688:24:688:41":83,"s:689:8:695:Infinity":273,"b:696:13:702:Infinity:undefined:undefined:undefined:undefined":84,"s:696:13:702:Infinity":274,"b:696:17:696:27:696:31:696:49:696:53:696:66":85,"s:697:8:701:Infinity":275,"s:703:6:703:Infinity":276,"s:707:16:707:17":277,"b:708:4:718:Infinity:undefined:undefined:undefined:undefined":86,"s:708:4:718:Infinity":278,"b:709:6:717:Infinity:710:11:717:Infinity":87,"s:709:6:717:Infinity":279,"s:709:30:709:Infinity":280,"b:710:11:717:Infinity:711:11:717:Infinity":88,"s:710:11:717:Infinity":281,"s:710:35:710:Infinity":282,"b:711:11:717:Infinity:712:11:717:Infinity":89,"s:711:11:717:Infinity":283,"s:711:35:711:Infinity":284,"b:712:11:717:Infinity:713:11:717:Infinity":90,"s:712:11:717:Infinity":285,"s:712:35:712:Infinity":286,"b:713:11:717:Infinity:714:11:717:Infinity":91,"s:713:11:717:Infinity":287,"s:713:35:713:Infinity":288,"b:714:11:717:Infinity:715:11:717:Infinity":92,"s:714:11:717:Infinity":289,"s:714:36:714:Infinity":290,"b:715:11:717:Infinity:716:11:717:Infinity":93,"s:715:11:717:Infinity":291,"s:715:36:715:Infinity":292,"b:716:11:717:Infinity:717:11:717:Infinity":94,"s:716:11:717:Infinity":293,"s:716:35:716:Infinity":294,"b:717:11:717:Infinity:undefined:undefined:undefined:undefined":95,"s:717:11:717:Infinity":295,"s:717:34:717:Infinity":296,"b:720:4:725:Infinity:undefined:undefined:undefined:undefined":96,"s:720:4:725:Infinity":297,"b:721:6:724:Infinity:722:11:724:Infinity":97,"s:721:6:724:Infinity":298,"s:721:26:721:Infinity":299,"b:722:11:724:Infinity:723:11:724:Infinity":98,"s:722:11:724:Infinity":300,"s:722:31:722:Infinity":301,"b:723:11:724:Infinity:724:11:724:Infinity":99,"s:723:11:724:Infinity":302,"s:723:31:723:Infinity":303,"b:724:11:724:Infinity:undefined:undefined:undefined:undefined":100,"s:724:11:724:Infinity":304,"s:724:31:724:Infinity":305,"b:727:4:731:Infinity:undefined:undefined:undefined:undefined":101,"s:727:4:731:Infinity":306,"b:728:6:730:Infinity:729:11:730:Infinity":102,"s:728:6:730:Infinity":307,"s:728:27:728:Infinity":308,"b:729:11:730:Infinity:730:11:730:Infinity":103,"s:729:11:730:Infinity":309,"s:729:32:729:Infinity":310,"b:730:11:730:Infinity:undefined:undefined:undefined:undefined":104,"s:730:11:730:Infinity":311,"s:730:31:730:Infinity":312,"s:733:23:733:29":313,"b:734:4:739:Infinity:undefined:undefined:undefined:undefined":105,"s:734:4:739:Infinity":314,"b:735:6:738:Infinity:736:11:738:Infinity":106,"s:735:6:738:Infinity":315,"s:735:29:735:Infinity":316,"b:736:11:738:Infinity:737:11:738:Infinity":107,"s:736:11:738:Infinity":317,"s:736:34:736:Infinity":318,"b:737:11:738:Infinity:738:11:738:Infinity":108,"s:737:11:738:Infinity":319,"s:737:34:737:Infinity":320,"b:738:11:738:Infinity:undefined:undefined:undefined:undefined":109,"s:738:11:738:Infinity":321,"s:738:35:738:Infinity":322,"s:741:15:741:17":323,"s:742:13:742:15":324,"b:743:4:760:Infinity:undefined:undefined:undefined:undefined":110,"s:743:4:760:Infinity":325,"b:744:6:759:Infinity:747:13:759:Infinity":111,"s:744:6:759:Infinity":326,"s:745:8:745:Infinity":327,"s:746:8:746:Infinity":328,"b:747:13:759:Infinity:750:13:759:Infinity":112,"s:747:13:759:Infinity":329,"s:748:8:748:Infinity":330,"s:749:8:749:Infinity":331,"b:750:13:759:Infinity:753:13:759:Infinity":113,"s:750:13:759:Infinity":332,"s:751:8:751:Infinity":333,"s:752:8:752:Infinity":334,"b:753:13:759:Infinity:756:13:759:Infinity":114,"s:753:13:759:Infinity":335,"s:754:8:754:Infinity":336,"s:755:8:755:Infinity":337,"b:756:13:759:Infinity:undefined:undefined:undefined:undefined":115,"s:756:13:759:Infinity":338,"s:757:8:757:Infinity":339,"s:758:8:758:Infinity":340,"s:762:18:762:19":341,"s:763:27:763:33":342,"b:764:4:771:Infinity:766:11:771:Infinity":116,"s:764:4:771:Infinity":343,"b:764:8:764:31:764:35:764:53":117,"s:765:6:765:Infinity":344,"s:767:19:767:40":345,"b:768:6:770:Infinity:769:11:770:Infinity":118,"s:768:6:770:Infinity":346,"b:768:10:768:20:768:24:768:34":119,"s:768:36:768:Infinity":347,"b:769:11:770:Infinity:770:11:770:Infinity":120,"s:769:11:770:Infinity":348,"b:769:15:769:24:769:28:769:38":121,"s:769:40:769:Infinity":349,"b:770:11:770:Infinity:undefined:undefined:undefined:undefined":122,"s:770:11:770:Infinity":350,"b:770:15:770:24:770:28:770:38":123,"s:770:40:770:Infinity":351,"s:773:4:773:Infinity":352,"b:776:4:784:Infinity:778:11:784:Infinity":124,"s:776:4:784:Infinity":353,"s:777:6:777:Infinity":354,"b:778:11:784:Infinity:780:11:784:Infinity":125,"s:778:11:784:Infinity":355,"s:779:6:779:Infinity":356,"b:780:11:784:Infinity:782:11:784:Infinity":126,"s:780:11:784:Infinity":357,"s:781:6:781:Infinity":358,"s:783:6:783:Infinity":359,"s:785:69:785:73":360,"s:787:4:811:Infinity":361,"b:803:29:803:35:803:39:803:43":127,"b:805:23:805:33:805:37:805:38":128,"s:814:2:814:Infinity":362,"s:820:40:857:1":363,"f:820:40:820:45":31,"s:821:2:856:Infinity":364,"s:822:16:822:28":365,"s:823:4:823:Infinity":366,"s:825:21:825:174":367,"s:827:4:827:Infinity":368,"s:829:20:829:53":369,"b:831:4:837:Infinity:undefined:undefined:undefined:undefined":129,"s:831:4:837:Infinity":370,"b:831:8:831:15:831:19:831:37":130,"s:832:26:832:28":371,"s:833:6:835:Infinity":372,"f:833:22:833:23":32,"b:834:8:834:Infinity:undefined:undefined:undefined:undefined":131,"s:834:8:834:Infinity":373,"s:834:21:834:Infinity":374,"s:836:6:836:Infinity":375,"s:840:4:840:Infinity":376,"s:841:25:841:178":377,"s:843:21:843:58":378,"b:844:4:850:Infinity:undefined:undefined:undefined:undefined":132,"s:844:4:850:Infinity":379,"b:844:8:844:16:844:20:844:39":133,"s:845:26:845:28":380,"s:846:6:848:Infinity":381,"f:846:23:846:24":33,"b:847:8:847:Infinity:undefined:undefined:undefined:undefined":134,"s:847:8:847:Infinity":382,"s:847:21:847:Infinity":383,"s:849:6:849:Infinity":384,"s:852:4:852:Infinity":385,"s:854:4:854:Infinity":386,"s:855:4:855:Infinity":387,"s:862:26:864:1":388,"f:862:26:862:27":34,"s:863:2:863:Infinity":389,"s:869:29:872:2":390,"f:869:29:869:30":35,"s:869:36:872:1":391}}}
,"C:\\Users\\pkw\\t1227\\gyeonggi-climate-map\\frontend\\src\\utils\\logger.js": {"path":"C:\\Users\\pkw\\t1227\\gyeonggi-climate-map\\frontend\\src\\utils\\logger.js","statementMap":{"0":{"start":{"line":6,"column":19},"end":{"line":11,"column":1}},"1":{"start":{"line":14,"column":22},"end":{"line":14,"column":79}},"2":{"start":{"line":19,"column":21},"end":{"line":21,"column":1}},"3":{"start":{"line":20,"column":2},"end":{"line":20,"column":null}},"4":{"start":{"line":26,"column":22},"end":{"line":30,"column":1}},"5":{"start":{"line":27,"column":20},"end":{"line":27,"column":34}},"6":{"start":{"line":28,"column":18},"end":{"line":28,"column":58}},"7":{"start":{"line":29,"column":2},"end":{"line":29,"column":null}},"8":{"start":{"line":36,"column":28},"end":{"line":96,"column":1}},"9":{"start":{"line":37,"column":2},"end":{"line":95,"column":null}},"10":{"start":{"line":39,"column":6},"end":{"line":41,"column":null}},"11":{"start":{"line":40,"column":8},"end":{"line":40,"column":null}},"12":{"start":{"line":45,"column":6},"end":{"line":47,"column":null}},"13":{"start":{"line":46,"column":8},"end":{"line":46,"column":null}},"14":{"start":{"line":51,"column":6},"end":{"line":53,"column":null}},"15":{"start":{"line":52,"column":8},"end":{"line":52,"column":null}},"16":{"start":{"line":57,"column":6},"end":{"line":67,"column":null}},"17":{"start":{"line":58,"column":26},"end":{"line":65,"column":16}},"18":{"start":{"line":66,"column":8},"end":{"line":66,"column":null}},"19":{"start":{"line":72,"column":6},"end":{"line":80,"column":null}},"20":{"start":{"line":73,"column":28},"end":{"line":73,"column":76}},"21":{"start":{"line":74,"column":8},"end":{"line":79,"column":null}},"22":{"start":{"line":85,"column":6},"end":{"line":87,"column":null}},"23":{"start":{"line":86,"column":8},"end":{"line":86,"column":null}},"24":{"start":{"line":91,"column":6},"end":{"line":93,"column":null}},"25":{"start":{"line":92,"column":8},"end":{"line":92,"column":null}},"26":{"start":{"line":99,"column":22},"end":{"line":99,"column":41}}},"fnMap":{"0":{"name":"(anonymous_0)","decl":{"start":{"line":19,"column":21},"end":{"line":19,"column":22}},"loc":{"start":{"line":19,"column":27},"end":{"line":21,"column":1}},"line":19},"1":{"name":"(anonymous_1)","decl":{"start":{"line":26,"column":22},"end":{"line":26,"column":23}},"loc":{"start":{"line":26,"column":56},"end":{"line":30,"column":1}},"line":26},"2":{"name":"(anonymous_2)","decl":{"start":{"line":36,"column":28},"end":{"line":36,"column":29}},"loc":{"start":{"line":36,"column":40},"end":{"line":96,"column":1}},"line":36},"3":{"name":"(anonymous_3)","decl":{"start":{"line":38,"column":11},"end":{"line":38,"column":12}},"loc":{"start":{"line":38,"column":37},"end":{"line":42,"column":5}},"line":38},"4":{"name":"(anonymous_4)","decl":{"start":{"line":44,"column":10},"end":{"line":44,"column":11}},"loc":{"start":{"line":44,"column":36},"end":{"line":48,"column":5}},"line":44},"5":{"name":"(anonymous_5)","decl":{"start":{"line":50,"column":10},"end":{"line":50,"column":11}},"loc":{"start":{"line":50,"column":36},"end":{"line":54,"column":5}},"line":50},"6":{"name":"(anonymous_6)","decl":{"start":{"line":56,"column":11},"end":{"line":56,"column":12}},"loc":{"start":{"line":56,"column":51},"end":{"line":68,"column":5}},"line":56},"7":{"name":"(anonymous_7)","decl":{"start":{"line":71,"column":9},"end":{"line":71,"column":10}},"loc":{"start":{"line":71,"column":44},"end":{"line":81,"column":5}},"line":71},"8":{"name":"(anonymous_8)","decl":{"start":{"line":84,"column":10},"end":{"line":84,"column":11}},"loc":{"start":{"line":84,"column":21},"end":{"line":88,"column":5}},"line":84},"9":{"name":"(anonymous_9)","decl":{"start":{"line":90,"column":13},"end":{"line":90,"column":14}},"loc":{"start":{"line":90,"column":24},"end":{"line":94,"column":5}},"line":90}},"branchMap":{"0":{"loc":{"start":{"line":14,"column":22},"end":{"line":14,"column":79}},"type":"cond-expr","locations":[{"start":{"line":14,"column":45},"end":{"line":14,"column":60}},{"start":{"line":14,"column":63},"end":{"line":14,"column":79}}],"line":14},"1":{"loc":{"start":{"line":28,"column":18},"end":{"line":28,"column":58}},"type":"cond-expr","locations":[{"start":{"line":28,"column":25},"end":{"line":28,"column":53}},{"start":{"line":28,"column":56},"end":{"line":28,"column":58}}],"line":28},"2":{"loc":{"start":{"line":38,"column":21},"end":{"line":38,"column":32}},"type":"default-arg","locations":[{"start":{"line":38,"column":28},"end":{"line":38,"column":32}}],"line":38},"3":{"loc":{"start":{"line":39,"column":6},"end":{"line":41,"column":null}},"type":"if","locations":[{"start":{"line":39,"column":6},"end":{"line":41,"column":null}},{"start":{},"end":{}}],"line":39},"4":{"loc":{"start":{"line":44,"column":20},"end":{"line":44,"column":31}},"type":"default-arg","locations":[{"start":{"line":44,"column":27},"end":{"line":44,"column":31}}],"line":44},"5":{"loc":{"start":{"line":45,"column":6},"end":{"line":47,"column":null}},"type":"if","locations":[{"start":{"line":45,"column":6},"end":{"line":47,"column":null}},{"start":{},"end":{}}],"line":45},"6":{"loc":{"start":{"line":50,"column":20},"end":{"line":50,"column":31}},"type":"default-arg","locations":[{"start":{"line":50,"column":27},"end":{"line":50,"column":31}}],"line":50},"7":{"loc":{"start":{"line":51,"column":6},"end":{"line":53,"column":null}},"type":"if","locations":[{"start":{"line":51,"column":6},"end":{"line":53,"column":null}},{"start":{},"end":{}}],"line":51},"8":{"loc":{"start":{"line":56,"column":21},"end":{"line":56,"column":33}},"type":"default-arg","locations":[{"start":{"line":56,"column":29},"end":{"line":56,"column":33}}],"line":56},"9":{"loc":{"start":{"line":56,"column":35},"end":{"line":56,"column":46}},"type":"default-arg","locations":[{"start":{"line":56,"column":42},"end":{"line":56,"column":46}}],"line":56},"10":{"loc":{"start":{"line":57,"column":6},"end":{"line":67,"column":null}},"type":"if","locations":[{"start":{"line":57,"column":6},"end":{"line":67,"column":null}},{"start":{},"end":{}}],"line":57},"11":{"loc":{"start":{"line":58,"column":26},"end":{"line":65,"column":16}},"type":"cond-expr","locations":[{"start":{"line":59,"column":12},"end":{"line":64,"column":null}},{"start":{"line":65,"column":12},"end":{"line":65,"column":16}}],"line":58},"12":{"loc":{"start":{"line":72,"column":6},"end":{"line":80,"column":null}},"type":"if","locations":[{"start":{"line":72,"column":6},"end":{"line":80,"column":null}},{"start":{},"end":{}}],"line":72},"13":{"loc":{"start":{"line":73,"column":28},"end":{"line":73,"column":76}},"type":"cond-expr","locations":[{"start":{"line":73,"column":44},"end":{"line":73,"column":47}},{"start":{"line":73,"column":50},"end":{"line":73,"column":76}}],"line":73},"14":{"loc":{"start":{"line":73,"column":50},"end":{"line":73,"column":76}},"type":"cond-expr","locations":[{"start":{"line":73,"column":66},"end":{"line":73,"column":70}},{"start":{"line":73,"column":73},"end":{"line":73,"column":76}}],"line":73},"15":{"loc":{"start":{"line":85,"column":6},"end":{"line":87,"column":null}},"type":"if","locations":[{"start":{"line":85,"column":6},"end":{"line":87,"column":null}},{"start":{},"end":{}}],"line":85},"16":{"loc":{"start":{"line":91,"column":6},"end":{"line":93,"column":null}},"type":"if","locations":[{"start":{"line":91,"column":6},"end":{"line":93,"column":null}},{"start":{},"end":{}}],"line":91}},"s":{"0":2,"1":2,"2":2,"3":85,"4":2,"5":85,"6":85,"7":85,"8":2,"9":25,"10":53,"11":53,"12":19,"13":19,"14":4,"15":4,"16":5,"17":5,"18":5,"19":4,"20":4,"21":4,"22":3,"23":3,"24":3,"25":3,"26":2},"f":{"0":85,"1":85,"2":25,"3":53,"4":19,"5":4,"6":5,"7":4,"8":3,"9":3},"b":{"0":[0,2],"1":[62,23],"2":[53],"3":[53,0],"4":[19],"5":[19,0],"6":[4],"7":[4,0],"8":[5],"9":[5],"10":[5,0],"11":[3,2],"12":[4,0],"13":[2,2],"14":[1,1],"15":[3,0],"16":[3,0]},"meta":{"lastBranch":17,"lastFunction":10,"lastStatement":27,"seen":{"s:6:19:11:1":0,"s:14:22:14:79":1,"b:14:45:14:60:14:63:14:79":0,"s:19:21:21:1":2,"f:19:21:19:22":0,"s:20:2:20:Infinity":3,"s:26:22:30:1":4,"f:26:22:26:23":1,"s:27:20:27:34":5,"s:28:18:28:58":6,"b:28:25:28:53:28:56:28:58":1,"s:29:2:29:Infinity":7,"s:36:28:96:1":8,"f:36:28:36:29":2,"s:37:2:95:Infinity":9,"f:38:11:38:12":3,"b:38:28:38:32":2,"b:39:6:41:Infinity:undefined:undefined:undefined:undefined":3,"s:39:6:41:Infinity":10,"s:40:8:40:Infinity":11,"f:44:10:44:11":4,"b:44:27:44:31":4,"b:45:6:47:Infinity:undefined:undefined:undefined:undefined":5,"s:45:6:47:Infinity":12,"s:46:8:46:Infinity":13,"f:50:10:50:11":5,"b:50:27:50:31":6,"b:51:6:53:Infinity:undefined:undefined:undefined:undefined":7,"s:51:6:53:Infinity":14,"s:52:8:52:Infinity":15,"f:56:11:56:12":6,"b:56:29:56:33":8,"b:56:42:56:46":9,"b:57:6:67:Infinity:undefined:undefined:undefined:undefined":10,"s:57:6:67:Infinity":16,"s:58:26:65:16":17,"b:59:12:64:Infinity:65:12:65:16":11,"s:66:8:66:Infinity":18,"f:71:9:71:10":7,"b:72:6:80:Infinity:undefined:undefined:undefined:undefined":12,"s:72:6:80:Infinity":19,"s:73:28:73:76":20,"b:73:44:73:47:73:50:73:76":13,"b:73:66:73:70:73:73:73:76":14,"s:74:8:79:Infinity":21,"f:84:10:84:11":8,"b:85:6:87:Infinity:undefined:undefined:undefined:undefined":15,"s:85:6:87:Infinity":22,"s:86:8:86:Infinity":23,"f:90:13:90:14":9,"b:91:6:93:Infinity:undefined:undefined:undefined:undefined":16,"s:91:6:93:Infinity":24,"s:92:8:92:Infinity":25,"s:99:22:99:41":26}}}
}
