{
  "C:\\Users\\pkw\\t1227\\gyeonggi-climate-map\\frontend\\src\\App.jsx": {
    "path": "C:\\Users\\pkw\\t1227\\gyeonggi-climate-map\\frontend\\src\\App.jsx",
    "statementMap": {
      "0": {
        "start": { "line": 6, "column": 6 },
        "end": { "line": 6, "column": null }
      },
      "1": {
        "start": { "line": 6, "column": 30 },
        "end": { "line": 6, "column": null }
      },
      "2": {
        "start": { "line": 7, "column": 6 },
        "end": { "line": 7, "column": null }
      },
      "3": {
        "start": { "line": 7, "column": 27 },
        "end": { "line": 7, "column": null }
      },
      "4": {
        "start": { "line": 10, "column": 6 },
        "end": { "line": 12, "column": null }
      },
      "5": {
        "start": { "line": 11, "column": 8 },
        "end": { "line": 11, "column": null }
      },
      "6": {
        "start": { "line": 13, "column": 6 },
        "end": { "line": 13, "column": null }
      },
      "7": {
        "start": { "line": 13, "column": 36 },
        "end": { "line": 13, "column": null }
      },
      "8": {
        "start": { "line": 14, "column": 6 },
        "end": { "line": 14, "column": null }
      },
      "9": {
        "start": { "line": 14, "column": 34 },
        "end": { "line": 14, "column": null }
      },
      "10": {
        "start": { "line": 15, "column": 6 },
        "end": { "line": 15, "column": null }
      },
      "11": {
        "start": { "line": 15, "column": 36 },
        "end": { "line": 15, "column": null }
      },
      "12": {
        "start": { "line": 16, "column": 6 },
        "end": { "line": 16, "column": null }
      },
      "13": {
        "start": { "line": 16, "column": 35 },
        "end": { "line": 16, "column": null }
      },
      "14": {
        "start": { "line": 17, "column": 6 },
        "end": { "line": 17, "column": null }
      },
      "15": {
        "start": { "line": 17, "column": 37 },
        "end": { "line": 17, "column": null }
      },
      "16": {
        "start": { "line": 18, "column": 6 },
        "end": { "line": 18, "column": null }
      },
      "17": {
        "start": { "line": 18, "column": 29 },
        "end": { "line": 18, "column": null }
      },
      "18": {
        "start": { "line": 19, "column": 6 },
        "end": { "line": 19, "column": null }
      },
      "19": {
        "start": { "line": 19, "column": 31 },
        "end": { "line": 19, "column": null }
      },
      "20": {
        "start": { "line": 22, "column": 20 },
        "end": { "line": 35, "column": null }
      },
      "21": {
        "start": { "line": 23, "column": 2 },
        "end": { "line": 35, "column": null }
      },
      "22": {
        "start": { "line": 38, "column": 24 },
        "end": { "line": 53, "column": null }
      },
      "23": {
        "start": { "line": 39, "column": 2 },
        "end": { "line": 53, "column": null }
      },
      "24": {
        "start": { "line": 62, "column": 6 },
        "end": { "line": 62, "column": null }
      },
      "25": {
        "start": { "line": 65, "column": 25 },
        "end": { "line": 71, "column": null }
      },
      "26": {
        "start": { "line": 66, "column": 2 },
        "end": { "line": 66, "column": null }
      },
      "27": {
        "start": { "line": 66, "column": 19 },
        "end": { "line": 66, "column": null }
      },
      "28": {
        "start": { "line": 67, "column": 2 },
        "end": { "line": 67, "column": null }
      },
      "29": {
        "start": { "line": 67, "column": 19 },
        "end": { "line": 67, "column": null }
      },
      "30": {
        "start": { "line": 68, "column": 2 },
        "end": { "line": 68, "column": null }
      },
      "31": {
        "start": { "line": 68, "column": 19 },
        "end": { "line": 68, "column": null }
      },
      "32": {
        "start": { "line": 69, "column": 2 },
        "end": { "line": 69, "column": null }
      },
      "33": {
        "start": { "line": 69, "column": 19 },
        "end": { "line": 69, "column": null }
      },
      "34": {
        "start": { "line": 70, "column": 2 },
        "end": { "line": 70, "column": null }
      },
      "35": {
        "start": { "line": 74, "column": 24 },
        "end": { "line": 74, "column": null }
      },
      "36": {
        "start": { "line": 75, "column": 28 },
        "end": { "line": 75, "column": null }
      },
      "37": {
        "start": { "line": 76, "column": 42 },
        "end": { "line": 76, "column": null }
      },
      "38": {
        "start": { "line": 77, "column": 36 },
        "end": { "line": 77, "column": null }
      },
      "39": {
        "start": { "line": 78, "column": 26 },
        "end": { "line": 78, "column": null }
      },
      "40": {
        "start": { "line": 79, "column": 28 },
        "end": { "line": 79, "column": null }
      },
      "41": {
        "start": { "line": 80, "column": 34 },
        "end": { "line": 80, "column": null }
      },
      "42": {
        "start": { "line": 81, "column": 36 },
        "end": { "line": 81, "column": null }
      },
      "43": {
        "start": { "line": 82, "column": 40 },
        "end": { "line": 82, "column": null }
      },
      "44": {
        "start": { "line": 83, "column": 46 },
        "end": { "line": 83, "column": null }
      },
      "45": {
        "start": { "line": 84, "column": 48 },
        "end": { "line": 84, "column": null }
      },
      "46": {
        "start": { "line": 85, "column": 38 },
        "end": { "line": 85, "column": null }
      },
      "47": {
        "start": { "line": 86, "column": 32 },
        "end": { "line": 86, "column": null }
      },
      "48": {
        "start": { "line": 87, "column": 44 },
        "end": { "line": 87, "column": null }
      },
      "49": {
        "start": { "line": 88, "column": 30 },
        "end": { "line": 88, "column": null }
      },
      "50": {
        "start": { "line": 89, "column": 8 },
        "end": { "line": 89, "column": null }
      },
      "51": {
        "start": { "line": 92, "column": 2 },
        "end": { "line": 98, "column": null }
      },
      "52": {
        "start": { "line": 93, "column": 25 },
        "end": { "line": 95, "column": null }
      },
      "53": {
        "start": { "line": 94, "column": 6 },
        "end": { "line": 94, "column": null }
      },
      "54": {
        "start": { "line": 96, "column": 4 },
        "end": { "line": 96, "column": null }
      },
      "55": {
        "start": { "line": 97, "column": 4 },
        "end": { "line": 97, "column": null }
      },
      "56": {
        "start": { "line": 97, "column": 17 },
        "end": { "line": 97, "column": null }
      },
      "57": {
        "start": { "line": 101, "column": 2 },
        "end": { "line": 120, "column": null }
      },
      "58": {
        "start": { "line": 102, "column": 16 },
        "end": { "line": 102, "column": null }
      },
      "59": {
        "start": { "line": 104, "column": 4 },
        "end": { "line": 116, "column": null }
      },
      "60": {
        "start": { "line": 106, "column": 20 },
        "end": { "line": 106, "column": null }
      },
      "61": {
        "start": { "line": 107, "column": 6 },
        "end": { "line": 107, "column": null }
      },
      "62": {
        "start": { "line": 108, "column": 4 },
        "end": { "line": 116, "column": null }
      },
      "63": {
        "start": { "line": 111, "column": 8 },
        "end": { "line": 114, "column": null }
      },
      "64": {
        "start": { "line": 112, "column": 22 },
        "end": { "line": 112, "column": null }
      },
      "65": {
        "start": { "line": 115, "column": 6 },
        "end": { "line": 115, "column": null }
      },
      "66": {
        "start": { "line": 118, "column": 4 },
        "end": { "line": 118, "column": null }
      },
      "67": {
        "start": { "line": 119, "column": 4 },
        "end": { "line": 119, "column": null }
      },
      "68": {
        "start": { "line": 123, "column": 2 },
        "end": { "line": 125, "column": null }
      },
      "69": {
        "start": { "line": 124, "column": 4 },
        "end": { "line": 124, "column": null }
      },
      "70": {
        "start": { "line": 128, "column": 2 },
        "end": { "line": 149, "column": null }
      },
      "71": {
        "start": { "line": 130, "column": 4 },
        "end": { "line": 144, "column": null }
      },
      "72": {
        "start": { "line": 136, "column": 30 },
        "end": { "line": 138, "column": null }
      },
      "73": {
        "start": { "line": 137, "column": 15 },
        "end": { "line": 137, "column": null }
      },
      "74": {
        "start": { "line": 139, "column": 6 },
        "end": { "line": 143, "column": null }
      },
      "75": {
        "start": { "line": 140, "column": 8 },
        "end": { "line": 140, "column": null }
      },
      "76": {
        "start": { "line": 141, "column": 8 },
        "end": { "line": 141, "column": null }
      },
      "77": {
        "start": { "line": 142, "column": 8 },
        "end": { "line": 142, "column": null }
      },
      "78": {
        "start": { "line": 146, "column": 4 },
        "end": { "line": 148, "column": null }
      },
      "79": {
        "start": { "line": 147, "column": 6 },
        "end": { "line": 147, "column": null }
      },
      "80": {
        "start": { "line": 152, "column": 25 },
        "end": { "line": 202, "column": null }
      },
      "81": {
        "start": { "line": 153, "column": 4 },
        "end": { "line": 153, "column": null }
      },
      "82": {
        "start": { "line": 155, "column": 4 },
        "end": { "line": 195, "column": null }
      },
      "83": {
        "start": { "line": 157, "column": 25 },
        "end": { "line": 157, "column": null }
      },
      "84": {
        "start": { "line": 158, "column": 24 },
        "end": { "line": 158, "column": null }
      },
      "85": {
        "start": { "line": 158, "column": 41 },
        "end": { "line": 158, "column": 61 }
      },
      "86": {
        "start": { "line": 160, "column": 22 },
        "end": { "line": 160, "column": null }
      },
      "87": {
        "start": { "line": 161, "column": 6 },
        "end": { "line": 161, "column": null }
      },
      "88": {
        "start": { "line": 163, "column": 6 },
        "end": { "line": 165, "column": null }
      },
      "89": {
        "start": { "line": 167, "column": 6 },
        "end": { "line": 192, "column": null }
      },
      "90": {
        "start": { "line": 168, "column": 33 },
        "end": { "line": 183, "column": null }
      },
      "91": {
        "start": { "line": 169, "column": 28 },
        "end": { "line": 169, "column": null }
      },
      "92": {
        "start": { "line": 170, "column": 29 },
        "end": { "line": 170, "column": null }
      },
      "93": {
        "start": { "line": 171, "column": 32 },
        "end": { "line": 174, "column": null }
      },
      "94": {
        "start": { "line": 175, "column": 16 },
        "end": { "line": 175, "column": null }
      },
      "95": {
        "start": { "line": 176, "column": 10 },
        "end": { "line": 182, "column": null }
      },
      "96": {
        "start": { "line": 184, "column": 8 },
        "end": { "line": 184, "column": null }
      },
      "97": {
        "start": { "line": 185, "column": 8 },
        "end": { "line": 185, "column": null }
      },
      "98": {
        "start": { "line": 186, "column": 8 },
        "end": { "line": 186, "column": null }
      },
      "99": {
        "start": { "line": 187, "column": 8 },
        "end": { "line": 187, "column": null }
      },
      "100": {
        "start": { "line": 188, "column": 8 },
        "end": { "line": 190, "column": null }
      },
      "101": {
        "start": { "line": 191, "column": 8 },
        "end": { "line": 191, "column": null }
      },
      "102": {
        "start": { "line": 194, "column": 6 },
        "end": { "line": 194, "column": null }
      },
      "103": {
        "start": { "line": 198, "column": 4 },
        "end": { "line": 198, "column": null }
      },
      "104": {
        "start": { "line": 199, "column": 4 },
        "end": { "line": 199, "column": null }
      },
      "105": {
        "start": { "line": 200, "column": 4 },
        "end": { "line": 200, "column": null }
      },
      "106": {
        "start": { "line": 201, "column": 4 },
        "end": { "line": 201, "column": null }
      },
      "107": {
        "start": { "line": 205, "column": 23 },
        "end": { "line": 767, "column": null }
      },
      "108": {
        "start": { "line": 206, "column": 24 },
        "end": { "line": 765, "column": null }
      },
      "109": {
        "start": { "line": 766, "column": 4 },
        "end": { "line": 766, "column": null }
      },
      "110": {
        "start": { "line": 770, "column": 29 },
        "end": { "line": 778, "column": null }
      },
      "111": {
        "start": { "line": 771, "column": 4 },
        "end": { "line": 771, "column": null }
      },
      "112": {
        "start": { "line": 772, "column": 4 },
        "end": { "line": 772, "column": null }
      },
      "113": {
        "start": { "line": 774, "column": 4 },
        "end": { "line": 777, "column": null }
      },
      "114": {
        "start": { "line": 775, "column": 6 },
        "end": { "line": 775, "column": null }
      },
      "115": {
        "start": { "line": 776, "column": 6 },
        "end": { "line": 776, "column": null }
      },
      "116": {
        "start": { "line": 781, "column": 32 },
        "end": { "line": 791, "column": null }
      },
      "117": {
        "start": { "line": 782, "column": 4 },
        "end": { "line": 782, "column": null }
      },
      "118": {
        "start": { "line": 783, "column": 4 },
        "end": { "line": 790, "column": null }
      },
      "119": {
        "start": { "line": 784, "column": 6 },
        "end": { "line": 784, "column": null }
      },
      "120": {
        "start": { "line": 785, "column": 4 },
        "end": { "line": 790, "column": null }
      },
      "121": {
        "start": { "line": 787, "column": 6 },
        "end": { "line": 787, "column": null }
      },
      "122": {
        "start": { "line": 789, "column": 6 },
        "end": { "line": 789, "column": null }
      },
      "123": {
        "start": { "line": 794, "column": 34 },
        "end": { "line": 832, "column": null }
      },
      "124": {
        "start": { "line": 796, "column": 6 },
        "end": { "line": 798, "column": null }
      },
      "125": {
        "start": { "line": 799, "column": 22 },
        "end": { "line": 799, "column": null }
      },
      "126": {
        "start": { "line": 800, "column": 17 },
        "end": { "line": 800, "column": null }
      },
      "127": {
        "start": { "line": 802, "column": 4 },
        "end": { "line": 821, "column": null }
      },
      "128": {
        "start": { "line": 803, "column": 6 },
        "end": { "line": 803, "column": null }
      },
      "129": {
        "start": { "line": 804, "column": 6 },
        "end": { "line": 808, "column": null }
      },
      "130": {
        "start": { "line": 809, "column": 4 },
        "end": { "line": 821, "column": null }
      },
      "131": {
        "start": { "line": 810, "column": 6 },
        "end": { "line": 810, "column": null }
      },
      "132": {
        "start": { "line": 811, "column": 6 },
        "end": { "line": 811, "column": null }
      },
      "133": {
        "start": { "line": 812, "column": 4 },
        "end": { "line": 821, "column": null }
      },
      "134": {
        "start": { "line": 813, "column": 6 },
        "end": { "line": 813, "column": null }
      },
      "135": {
        "start": { "line": 814, "column": 6 },
        "end": { "line": 814, "column": null }
      },
      "136": {
        "start": { "line": 815, "column": 4 },
        "end": { "line": 821, "column": null }
      },
      "137": {
        "start": { "line": 816, "column": 6 },
        "end": { "line": 816, "column": null }
      },
      "138": {
        "start": { "line": 817, "column": 6 },
        "end": { "line": 817, "column": null }
      },
      "139": {
        "start": { "line": 819, "column": 6 },
        "end": { "line": 819, "column": null }
      },
      "140": {
        "start": { "line": 820, "column": 6 },
        "end": { "line": 820, "column": null }
      },
      "141": {
        "start": { "line": 823, "column": 4 },
        "end": { "line": 831, "column": null }
      },
      "142": {
        "start": { "line": 835, "column": 29 },
        "end": { "line": 840, "column": null }
      },
      "143": {
        "start": { "line": 836, "column": 4 },
        "end": { "line": 836, "column": null }
      },
      "144": {
        "start": { "line": 837, "column": 4 },
        "end": { "line": 839, "column": null }
      },
      "145": {
        "start": { "line": 838, "column": 6 },
        "end": { "line": 838, "column": null }
      },
      "146": {
        "start": { "line": 843, "column": 27 },
        "end": { "line": 853, "column": null }
      },
      "147": {
        "start": { "line": 844, "column": 4 },
        "end": { "line": 851, "column": null }
      },
      "148": {
        "start": { "line": 845, "column": 19 },
        "end": { "line": 847, "column": null }
      },
      "149": {
        "start": { "line": 848, "column": 6 },
        "end": { "line": 848, "column": null }
      },
      "150": {
        "start": { "line": 849, "column": 4 },
        "end": { "line": 851, "column": null }
      },
      "151": {
        "start": { "line": 850, "column": 6 },
        "end": { "line": 850, "column": null }
      },
      "152": {
        "start": { "line": 852, "column": 4 },
        "end": { "line": 852, "column": null }
      },
      "153": {
        "start": { "line": 855, "column": 2 },
        "end": { "line": 861, "column": null }
      },
      "154": {
        "start": { "line": 856, "column": 4 },
        "end": { "line": 859, "column": null }
      },
      "155": {
        "start": { "line": 863, "column": 2 },
        "end": { "line": 1049, "column": null }
      },
      "156": {
        "start": { "line": 888, "column": 29 },
        "end": { "line": 888, "column": null }
      },
      "157": {
        "start": { "line": 896, "column": 14 },
        "end": { "line": 896, "column": null }
      },
      "158": {
        "start": { "line": 935, "column": 29 },
        "end": { "line": 935, "column": null }
      },
      "159": {
        "start": { "line": 956, "column": 37 },
        "end": { "line": 956, "column": null }
      },
      "160": {
        "start": { "line": 968, "column": 14 },
        "end": { "line": 973, "column": null }
      },
      "161": {
        "start": { "line": 969, "column": 16 },
        "end": { "line": 969, "column": null }
      },
      "162": {
        "start": { "line": 970, "column": 16 },
        "end": { "line": 970, "column": null }
      },
      "163": {
        "start": { "line": 972, "column": 16 },
        "end": { "line": 972, "column": null }
      },
      "164": {
        "start": { "line": 984, "column": 12 },
        "end": { "line": 984, "column": null }
      },
      "165": {
        "start": { "line": 985, "column": 12 },
        "end": { "line": 985, "column": null }
      },
      "166": {
        "start": { "line": 998, "column": 37 },
        "end": { "line": 998, "column": null }
      },
      "167": {
        "start": { "line": 1021, "column": 27 },
        "end": { "line": 1021, "column": null }
      },
      "168": {
        "start": { "line": 1031, "column": 27 },
        "end": { "line": 1031, "column": null }
      },
      "169": {
        "start": { "line": 1041, "column": 25 },
        "end": { "line": 1041, "column": null }
      }
    },
    "fnMap": {
      "0": {
        "name": "(anonymous_0)",
        "decl": {
          "start": { "line": 6, "column": 24 },
          "end": { "line": 6, "column": 30 }
        },
        "loc": {
          "start": { "line": 6, "column": 30 },
          "end": { "line": 6, "column": null }
        },
        "line": 6
      },
      "1": {
        "name": "(anonymous_1)",
        "decl": {
          "start": { "line": 7, "column": 21 },
          "end": { "line": 7, "column": 27 }
        },
        "loc": {
          "start": { "line": 7, "column": 27 },
          "end": { "line": 7, "column": null }
        },
        "line": 7
      },
      "2": {
        "name": "(anonymous_2)",
        "decl": {
          "start": { "line": 11, "column": 2 },
          "end": { "line": 11, "column": 8 }
        },
        "loc": {
          "start": { "line": 11, "column": 8 },
          "end": { "line": 11, "column": null }
        },
        "line": 11
      },
      "3": {
        "name": "(anonymous_3)",
        "decl": {
          "start": { "line": 13, "column": 30 },
          "end": { "line": 13, "column": 36 }
        },
        "loc": {
          "start": { "line": 13, "column": 36 },
          "end": { "line": 13, "column": null }
        },
        "line": 13
      },
      "4": {
        "name": "(anonymous_4)",
        "decl": {
          "start": { "line": 14, "column": 28 },
          "end": { "line": 14, "column": 34 }
        },
        "loc": {
          "start": { "line": 14, "column": 34 },
          "end": { "line": 14, "column": null }
        },
        "line": 14
      },
      "5": {
        "name": "(anonymous_5)",
        "decl": {
          "start": { "line": 15, "column": 30 },
          "end": { "line": 15, "column": 36 }
        },
        "loc": {
          "start": { "line": 15, "column": 36 },
          "end": { "line": 15, "column": null }
        },
        "line": 15
      },
      "6": {
        "name": "(anonymous_6)",
        "decl": {
          "start": { "line": 16, "column": 29 },
          "end": { "line": 16, "column": 35 }
        },
        "loc": {
          "start": { "line": 16, "column": 35 },
          "end": { "line": 16, "column": null }
        },
        "line": 16
      },
      "7": {
        "name": "(anonymous_7)",
        "decl": {
          "start": { "line": 17, "column": 31 },
          "end": { "line": 17, "column": 37 }
        },
        "loc": {
          "start": { "line": 17, "column": 37 },
          "end": { "line": 17, "column": null }
        },
        "line": 17
      },
      "8": {
        "name": "(anonymous_8)",
        "decl": {
          "start": { "line": 18, "column": 23 },
          "end": { "line": 18, "column": 29 }
        },
        "loc": {
          "start": { "line": 18, "column": 29 },
          "end": { "line": 18, "column": null }
        },
        "line": 18
      },
      "9": {
        "name": "(anonymous_9)",
        "decl": {
          "start": { "line": 19, "column": 25 },
          "end": { "line": 19, "column": 31 }
        },
        "loc": {
          "start": { "line": 19, "column": 31 },
          "end": { "line": 19, "column": null }
        },
        "line": 19
      },
      "10": {
        "name": "(anonymous_10)",
        "decl": {
          "start": { "line": 22, "column": 20 },
          "end": { "line": 22, "column": null }
        },
        "loc": {
          "start": { "line": 23, "column": 2 },
          "end": { "line": 35, "column": null }
        },
        "line": 23
      },
      "11": {
        "name": "(anonymous_11)",
        "decl": {
          "start": { "line": 38, "column": 24 },
          "end": { "line": 38, "column": null }
        },
        "loc": {
          "start": { "line": 39, "column": 2 },
          "end": { "line": 53, "column": null }
        },
        "line": 39
      },
      "12": {
        "name": "(anonymous_12)",
        "decl": {
          "start": { "line": 65, "column": 25 },
          "end": { "line": 65, "column": 26 }
        },
        "loc": {
          "start": { "line": 65, "column": 47 },
          "end": { "line": 71, "column": null }
        },
        "line": 65
      },
      "13": {
        "name": "App",
        "decl": {
          "start": { "line": 73, "column": 9 },
          "end": { "line": 73, "column": 15 }
        },
        "loc": {
          "start": { "line": 73, "column": 15 },
          "end": { "line": 1051, "column": null }
        },
        "line": 73
      },
      "14": {
        "name": "(anonymous_14)",
        "decl": {
          "start": { "line": 92, "column": 12 },
          "end": { "line": 92, "column": 18 }
        },
        "loc": {
          "start": { "line": 92, "column": 18 },
          "end": { "line": 98, "column": 5 }
        },
        "line": 92
      },
      "15": {
        "name": "(anonymous_15)",
        "decl": {
          "start": { "line": 93, "column": 25 },
          "end": { "line": 93, "column": 31 }
        },
        "loc": {
          "start": { "line": 93, "column": 31 },
          "end": { "line": 95, "column": null }
        },
        "line": 93
      },
      "16": {
        "name": "(anonymous_16)",
        "decl": {
          "start": { "line": 97, "column": 11 },
          "end": { "line": 97, "column": 17 }
        },
        "loc": {
          "start": { "line": 97, "column": 17 },
          "end": { "line": 97, "column": null }
        },
        "line": 97
      },
      "17": {
        "name": "(anonymous_17)",
        "decl": {
          "start": { "line": 101, "column": 12 },
          "end": { "line": 101, "column": 18 }
        },
        "loc": {
          "start": { "line": 101, "column": 18 },
          "end": { "line": 120, "column": 5 }
        },
        "line": 101
      },
      "18": {
        "name": "(anonymous_18)",
        "decl": {
          "start": { "line": 112, "column": 10 },
          "end": { "line": 112, "column": 11 }
        },
        "loc": {
          "start": { "line": 112, "column": 22 },
          "end": { "line": 112, "column": null }
        },
        "line": 112
      },
      "19": {
        "name": "(anonymous_19)",
        "decl": {
          "start": { "line": 123, "column": 12 },
          "end": { "line": 123, "column": 18 }
        },
        "loc": {
          "start": { "line": 123, "column": 18 },
          "end": { "line": 125, "column": 5 }
        },
        "line": 123
      },
      "20": {
        "name": "(anonymous_20)",
        "decl": {
          "start": { "line": 128, "column": 12 },
          "end": { "line": 128, "column": 18 }
        },
        "loc": {
          "start": { "line": 128, "column": 18 },
          "end": { "line": 149, "column": 5 }
        },
        "line": 128
      },
      "21": {
        "name": "(anonymous_21)",
        "decl": {
          "start": { "line": 137, "column": 8 },
          "end": { "line": 137, "column": 9 }
        },
        "loc": {
          "start": { "line": 137, "column": 15 },
          "end": { "line": 137, "column": null }
        },
        "line": 137
      },
      "22": {
        "name": "(anonymous_22)",
        "decl": {
          "start": { "line": 152, "column": 25 },
          "end": { "line": 152, "column": 37 }
        },
        "loc": {
          "start": { "line": 152, "column": 37 },
          "end": { "line": 202, "column": null }
        },
        "line": 152
      },
      "23": {
        "name": "(anonymous_23)",
        "decl": {
          "start": { "line": 158, "column": 35 },
          "end": { "line": 158, "column": 41 }
        },
        "loc": {
          "start": { "line": 158, "column": 41 },
          "end": { "line": 158, "column": 61 }
        },
        "line": 158
      },
      "24": {
        "name": "(anonymous_24)",
        "decl": {
          "start": { "line": 168, "column": 53 },
          "end": { "line": 168, "column": 54 }
        },
        "loc": {
          "start": { "line": 168, "column": 65 },
          "end": { "line": 183, "column": 9 }
        },
        "line": 168
      },
      "25": {
        "name": "(anonymous_25)",
        "decl": {
          "start": { "line": 205, "column": 23 },
          "end": { "line": 205, "column": 29 }
        },
        "loc": {
          "start": { "line": 205, "column": 29 },
          "end": { "line": 767, "column": null }
        },
        "line": 205
      },
      "26": {
        "name": "(anonymous_26)",
        "decl": {
          "start": { "line": 770, "column": 29 },
          "end": { "line": 770, "column": 30 }
        },
        "loc": {
          "start": { "line": 770, "column": 41 },
          "end": { "line": 778, "column": null }
        },
        "line": 770
      },
      "27": {
        "name": "(anonymous_27)",
        "decl": {
          "start": { "line": 781, "column": 32 },
          "end": { "line": 781, "column": 33 }
        },
        "loc": {
          "start": { "line": 781, "column": 41 },
          "end": { "line": 791, "column": null }
        },
        "line": 781
      },
      "28": {
        "name": "(anonymous_28)",
        "decl": {
          "start": { "line": 794, "column": 34 },
          "end": { "line": 794, "column": 35 }
        },
        "loc": {
          "start": { "line": 794, "column": 58 },
          "end": { "line": 832, "column": null }
        },
        "line": 794
      },
      "29": {
        "name": "(anonymous_29)",
        "decl": {
          "start": { "line": 835, "column": 29 },
          "end": { "line": 835, "column": 30 }
        },
        "loc": {
          "start": { "line": 835, "column": 44 },
          "end": { "line": 840, "column": null }
        },
        "line": 835
      },
      "30": {
        "name": "(anonymous_30)",
        "decl": {
          "start": { "line": 843, "column": 27 },
          "end": { "line": 843, "column": 33 }
        },
        "loc": {
          "start": { "line": 843, "column": 33 },
          "end": { "line": 853, "column": null }
        },
        "line": 843
      },
      "31": {
        "name": "(anonymous_31)",
        "decl": {
          "start": { "line": 888, "column": 23 },
          "end": { "line": 888, "column": 29 }
        },
        "loc": {
          "start": { "line": 888, "column": 29 },
          "end": { "line": 888, "column": null }
        },
        "line": 888
      },
      "32": {
        "name": "(anonymous_32)",
        "decl": {
          "start": { "line": 895, "column": 21 },
          "end": { "line": 895, "column": null }
        },
        "loc": {
          "start": { "line": 896, "column": 14 },
          "end": { "line": 896, "column": null }
        },
        "line": 896
      },
      "33": {
        "name": "(anonymous_33)",
        "decl": {
          "start": { "line": 935, "column": 23 },
          "end": { "line": 935, "column": 29 }
        },
        "loc": {
          "start": { "line": 935, "column": 29 },
          "end": { "line": 935, "column": null }
        },
        "line": 935
      },
      "34": {
        "name": "(anonymous_34)",
        "decl": {
          "start": { "line": 956, "column": 31 },
          "end": { "line": 956, "column": 37 }
        },
        "loc": {
          "start": { "line": 956, "column": 37 },
          "end": { "line": 956, "column": null }
        },
        "line": 956
      },
      "35": {
        "name": "(anonymous_35)",
        "decl": {
          "start": { "line": 967, "column": 24 },
          "end": { "line": 967, "column": 30 }
        },
        "loc": {
          "start": { "line": 967, "column": 30 },
          "end": { "line": 974, "column": null }
        },
        "line": 967
      },
      "36": {
        "name": "(anonymous_36)",
        "decl": {
          "start": { "line": 983, "column": 19 },
          "end": { "line": 983, "column": 25 }
        },
        "loc": {
          "start": { "line": 983, "column": 25 },
          "end": { "line": 986, "column": null }
        },
        "line": 983
      },
      "37": {
        "name": "(anonymous_37)",
        "decl": {
          "start": { "line": 998, "column": 31 },
          "end": { "line": 998, "column": 37 }
        },
        "loc": {
          "start": { "line": 998, "column": 37 },
          "end": { "line": 998, "column": null }
        },
        "line": 998
      },
      "38": {
        "name": "(anonymous_38)",
        "decl": {
          "start": { "line": 1000, "column": 36 },
          "end": { "line": 1000, "column": 42 }
        },
        "loc": {
          "start": { "line": 1000, "column": 42 },
          "end": { "line": 1000, "column": null }
        },
        "line": 1000
      },
      "39": {
        "name": "(anonymous_39)",
        "decl": {
          "start": { "line": 1021, "column": 21 },
          "end": { "line": 1021, "column": 27 }
        },
        "loc": {
          "start": { "line": 1021, "column": 27 },
          "end": { "line": 1021, "column": null }
        },
        "line": 1021
      },
      "40": {
        "name": "(anonymous_40)",
        "decl": {
          "start": { "line": 1031, "column": 21 },
          "end": { "line": 1031, "column": 27 }
        },
        "loc": {
          "start": { "line": 1031, "column": 27 },
          "end": { "line": 1031, "column": null }
        },
        "line": 1031
      },
      "41": {
        "name": "(anonymous_41)",
        "decl": {
          "start": { "line": 1041, "column": 19 },
          "end": { "line": 1041, "column": 25 }
        },
        "loc": {
          "start": { "line": 1041, "column": 25 },
          "end": { "line": 1041, "column": null }
        },
        "line": 1041
      }
    },
    "branchMap": {
      "0": {
        "loc": {
          "start": { "line": 66, "column": 2 },
          "end": { "line": 66, "column": null }
        },
        "type": "if",
        "locations": [
          {
            "start": { "line": 66, "column": 2 },
            "end": { "line": 66, "column": null }
          },
          { "start": {}, "end": {} }
        ],
        "line": 66
      },
      "1": {
        "loc": {
          "start": { "line": 67, "column": 2 },
          "end": { "line": 67, "column": null }
        },
        "type": "if",
        "locations": [
          {
            "start": { "line": 67, "column": 2 },
            "end": { "line": 67, "column": null }
          },
          { "start": {}, "end": {} }
        ],
        "line": 67
      },
      "2": {
        "loc": {
          "start": { "line": 68, "column": 2 },
          "end": { "line": 68, "column": null }
        },
        "type": "if",
        "locations": [
          {
            "start": { "line": 68, "column": 2 },
            "end": { "line": 68, "column": null }
          },
          { "start": {}, "end": {} }
        ],
        "line": 68
      },
      "3": {
        "loc": {
          "start": { "line": 69, "column": 2 },
          "end": { "line": 69, "column": null }
        },
        "type": "if",
        "locations": [
          {
            "start": { "line": 69, "column": 2 },
            "end": { "line": 69, "column": null }
          },
          { "start": {}, "end": {} }
        ],
        "line": 69
      },
      "4": {
        "loc": {
          "start": { "line": 104, "column": 4 },
          "end": { "line": 116, "column": null }
        },
        "type": "if",
        "locations": [
          {
            "start": { "line": 104, "column": 4 },
            "end": { "line": 116, "column": null }
          },
          {
            "start": { "line": 108, "column": 4 },
            "end": { "line": 116, "column": null }
          }
        ],
        "line": 104
      },
      "5": {
        "loc": {
          "start": { "line": 106, "column": 20 },
          "end": { "line": 106, "column": null }
        },
        "type": "binary-expr",
        "locations": [
          {
            "start": { "line": 106, "column": 20 },
            "end": { "line": 106, "column": 53 }
          },
          {
            "start": { "line": 106, "column": 53 },
            "end": { "line": 106, "column": 77 }
          },
          {
            "start": { "line": 106, "column": 77 },
            "end": { "line": 106, "column": null }
          }
        ],
        "line": 106
      },
      "6": {
        "loc": {
          "start": { "line": 108, "column": 4 },
          "end": { "line": 116, "column": null }
        },
        "type": "if",
        "locations": [
          {
            "start": { "line": 108, "column": 4 },
            "end": { "line": 116, "column": null }
          },
          { "start": {}, "end": {} }
        ],
        "line": 108
      },
      "7": {
        "loc": {
          "start": { "line": 112, "column": 29 },
          "end": { "line": 112, "column": null }
        },
        "type": "binary-expr",
        "locations": [
          {
            "start": { "line": 112, "column": 29 },
            "end": { "line": 112, "column": 49 }
          },
          {
            "start": { "line": 112, "column": 49 },
            "end": { "line": 112, "column": 60 }
          },
          {
            "start": { "line": 112, "column": 60 },
            "end": { "line": 112, "column": null }
          }
        ],
        "line": 112
      },
      "8": {
        "loc": {
          "start": { "line": 130, "column": 4 },
          "end": { "line": 144, "column": null }
        },
        "type": "if",
        "locations": [
          {
            "start": { "line": 130, "column": 4 },
            "end": { "line": 144, "column": null }
          },
          { "start": {}, "end": {} }
        ],
        "line": 130
      },
      "9": {
        "loc": {
          "start": { "line": 131, "column": 6 },
          "end": { "line": 134, "column": null }
        },
        "type": "binary-expr",
        "locations": [
          {
            "start": { "line": 131, "column": 6 },
            "end": { "line": 131, "column": null }
          },
          {
            "start": { "line": 132, "column": 6 },
            "end": { "line": 132, "column": null }
          },
          {
            "start": { "line": 133, "column": 6 },
            "end": { "line": 133, "column": null }
          },
          {
            "start": { "line": 134, "column": 6 },
            "end": { "line": 134, "column": null }
          }
        ],
        "line": 131
      },
      "10": {
        "loc": {
          "start": { "line": 139, "column": 6 },
          "end": { "line": 143, "column": null }
        },
        "type": "if",
        "locations": [
          {
            "start": { "line": 139, "column": 6 },
            "end": { "line": 143, "column": null }
          },
          { "start": {}, "end": {} }
        ],
        "line": 139
      },
      "11": {
        "loc": {
          "start": { "line": 146, "column": 4 },
          "end": { "line": 148, "column": null }
        },
        "type": "if",
        "locations": [
          {
            "start": { "line": 146, "column": 4 },
            "end": { "line": 148, "column": null }
          },
          { "start": {}, "end": {} }
        ],
        "line": 146
      },
      "12": {
        "loc": {
          "start": { "line": 164, "column": 17 },
          "end": { "line": 164, "column": null }
        },
        "type": "binary-expr",
        "locations": [
          {
            "start": { "line": 164, "column": 17 },
            "end": { "line": 164, "column": 45 }
          },
          {
            "start": { "line": 164, "column": 45 },
            "end": { "line": 164, "column": null }
          }
        ],
        "line": 164
      },
      "13": {
        "loc": {
          "start": { "line": 167, "column": 6 },
          "end": { "line": 192, "column": null }
        },
        "type": "if",
        "locations": [
          {
            "start": { "line": 167, "column": 6 },
            "end": { "line": 192, "column": null }
          },
          { "start": {}, "end": {} }
        ],
        "line": 167
      },
      "14": {
        "loc": {
          "start": { "line": 167, "column": 10 },
          "end": { "line": 167, "column": 68 }
        },
        "type": "binary-expr",
        "locations": [
          {
            "start": { "line": 167, "column": 10 },
            "end": { "line": 167, "column": 21 }
          },
          {
            "start": { "line": 167, "column": 21 },
            "end": { "line": 167, "column": 40 }
          },
          {
            "start": { "line": 167, "column": 40 },
            "end": { "line": 167, "column": 68 }
          }
        ],
        "line": 167
      },
      "15": {
        "loc": {
          "start": { "line": 169, "column": 28 },
          "end": { "line": 169, "column": null }
        },
        "type": "binary-expr",
        "locations": [
          {
            "start": { "line": 169, "column": 28 },
            "end": { "line": 169, "column": 44 }
          },
          {
            "start": { "line": 169, "column": 44 },
            "end": { "line": 169, "column": null }
          }
        ],
        "line": 169
      },
      "16": {
        "loc": {
          "start": { "line": 170, "column": 29 },
          "end": { "line": 170, "column": null }
        },
        "type": "binary-expr",
        "locations": [
          {
            "start": { "line": 170, "column": 29 },
            "end": { "line": 170, "column": 59 }
          },
          {
            "start": { "line": 170, "column": 59 },
            "end": { "line": 170, "column": null }
          }
        ],
        "line": 170
      },
      "17": {
        "loc": {
          "start": { "line": 774, "column": 4 },
          "end": { "line": 777, "column": null }
        },
        "type": "if",
        "locations": [
          {
            "start": { "line": 774, "column": 4 },
            "end": { "line": 777, "column": null }
          },
          { "start": {}, "end": {} }
        ],
        "line": 774
      },
      "18": {
        "loc": {
          "start": { "line": 783, "column": 4 },
          "end": { "line": 790, "column": null }
        },
        "type": "if",
        "locations": [
          {
            "start": { "line": 783, "column": 4 },
            "end": { "line": 790, "column": null }
          },
          {
            "start": { "line": 785, "column": 4 },
            "end": { "line": 790, "column": null }
          }
        ],
        "line": 783
      },
      "19": {
        "loc": {
          "start": { "line": 785, "column": 4 },
          "end": { "line": 790, "column": null }
        },
        "type": "if",
        "locations": [
          {
            "start": { "line": 785, "column": 4 },
            "end": { "line": 790, "column": null }
          },
          {
            "start": { "line": 788, "column": 11 },
            "end": { "line": 790, "column": null }
          }
        ],
        "line": 785
      },
      "20": {
        "loc": {
          "start": { "line": 796, "column": 6 },
          "end": { "line": 798, "column": null }
        },
        "type": "binary-expr",
        "locations": [
          {
            "start": { "line": 796, "column": 6 },
            "end": { "line": 796, "column": null }
          },
          {
            "start": { "line": 797, "column": 6 },
            "end": { "line": 797, "column": null }
          },
          {
            "start": { "line": 798, "column": 6 },
            "end": { "line": 798, "column": null }
          }
        ],
        "line": 796
      },
      "21": {
        "loc": {
          "start": { "line": 802, "column": 4 },
          "end": { "line": 821, "column": null }
        },
        "type": "if",
        "locations": [
          {
            "start": { "line": 802, "column": 4 },
            "end": { "line": 821, "column": null }
          },
          {
            "start": { "line": 809, "column": 4 },
            "end": { "line": 821, "column": null }
          }
        ],
        "line": 802
      },
      "22": {
        "loc": {
          "start": { "line": 809, "column": 4 },
          "end": { "line": 821, "column": null }
        },
        "type": "if",
        "locations": [
          {
            "start": { "line": 809, "column": 4 },
            "end": { "line": 821, "column": null }
          },
          {
            "start": { "line": 812, "column": 4 },
            "end": { "line": 821, "column": null }
          }
        ],
        "line": 809
      },
      "23": {
        "loc": {
          "start": { "line": 812, "column": 4 },
          "end": { "line": 821, "column": null }
        },
        "type": "if",
        "locations": [
          {
            "start": { "line": 812, "column": 4 },
            "end": { "line": 821, "column": null }
          },
          {
            "start": { "line": 815, "column": 4 },
            "end": { "line": 821, "column": null }
          }
        ],
        "line": 812
      },
      "24": {
        "loc": {
          "start": { "line": 815, "column": 4 },
          "end": { "line": 821, "column": null }
        },
        "type": "if",
        "locations": [
          {
            "start": { "line": 815, "column": 4 },
            "end": { "line": 821, "column": null }
          },
          {
            "start": { "line": 818, "column": 11 },
            "end": { "line": 821, "column": null }
          }
        ],
        "line": 815
      },
      "25": {
        "loc": {
          "start": { "line": 837, "column": 4 },
          "end": { "line": 839, "column": null }
        },
        "type": "if",
        "locations": [
          {
            "start": { "line": 837, "column": 4 },
            "end": { "line": 839, "column": null }
          },
          { "start": {}, "end": {} }
        ],
        "line": 837
      },
      "26": {
        "loc": {
          "start": { "line": 844, "column": 4 },
          "end": { "line": 851, "column": null }
        },
        "type": "if",
        "locations": [
          {
            "start": { "line": 844, "column": 4 },
            "end": { "line": 851, "column": null }
          },
          {
            "start": { "line": 849, "column": 4 },
            "end": { "line": 851, "column": null }
          }
        ],
        "line": 844
      },
      "27": {
        "loc": {
          "start": { "line": 845, "column": 19 },
          "end": { "line": 847, "column": null }
        },
        "type": "cond-expr",
        "locations": [
          {
            "start": { "line": 846, "column": 10 },
            "end": { "line": 846, "column": null }
          },
          {
            "start": { "line": 847, "column": 10 },
            "end": { "line": 847, "column": null }
          }
        ],
        "line": 845
      },
      "28": {
        "loc": {
          "start": { "line": 849, "column": 4 },
          "end": { "line": 851, "column": null }
        },
        "type": "if",
        "locations": [
          {
            "start": { "line": 849, "column": 4 },
            "end": { "line": 851, "column": null }
          },
          { "start": {}, "end": {} }
        ],
        "line": 849
      },
      "29": {
        "loc": {
          "start": { "line": 855, "column": 2 },
          "end": { "line": 861, "column": null }
        },
        "type": "if",
        "locations": [
          {
            "start": { "line": 855, "column": 2 },
            "end": { "line": 861, "column": null }
          },
          { "start": {}, "end": {} }
        ],
        "line": 855
      },
      "30": {
        "loc": {
          "start": { "line": 855, "column": 6 },
          "end": { "line": 855, "column": 39 }
        },
        "type": "binary-expr",
        "locations": [
          {
            "start": { "line": 855, "column": 6 },
            "end": { "line": 855, "column": 17 }
          },
          {
            "start": { "line": 855, "column": 17 },
            "end": { "line": 855, "column": 39 }
          }
        ],
        "line": 855
      },
      "31": {
        "loc": {
          "start": { "line": 864, "column": 37 },
          "end": { "line": 864, "column": 68 }
        },
        "type": "cond-expr",
        "locations": [
          {
            "start": { "line": 864, "column": 48 },
            "end": { "line": 864, "column": 59 }
          },
          {
            "start": { "line": 864, "column": 59 },
            "end": { "line": 864, "column": 68 }
          }
        ],
        "line": 864
      },
      "32": {
        "loc": {
          "start": { "line": 873, "column": 11 },
          "end": { "line": 874, "column": null }
        },
        "type": "binary-expr",
        "locations": [
          {
            "start": { "line": 873, "column": 11 },
            "end": { "line": 873, "column": null }
          },
          {
            "start": { "line": 874, "column": 12 },
            "end": { "line": 874, "column": null }
          }
        ],
        "line": 873
      },
      "33": {
        "loc": {
          "start": { "line": 885, "column": 11 },
          "end": { "line": 891, "column": null }
        },
        "type": "binary-expr",
        "locations": [
          {
            "start": { "line": 885, "column": 11 },
            "end": { "line": 885, "column": null }
          },
          {
            "start": { "line": 886, "column": 12 },
            "end": { "line": 891, "column": null }
          }
        ],
        "line": 885
      },
      "34": {
        "loc": {
          "start": { "line": 896, "column": 14 },
          "end": { "line": 896, "column": null }
        },
        "type": "cond-expr",
        "locations": [
          {
            "start": { "line": 896, "column": 21 },
            "end": { "line": 896, "column": 49 }
          },
          {
            "start": { "line": 896, "column": 49 },
            "end": { "line": 896, "column": null }
          }
        ],
        "line": 896
      },
      "35": {
        "loc": {
          "start": { "line": 899, "column": 13 },
          "end": { "line": 899, "column": null }
        },
        "type": "cond-expr",
        "locations": [
          {
            "start": { "line": 899, "column": 20 },
            "end": { "line": 899, "column": 63 }
          },
          {
            "start": { "line": 899, "column": 63 },
            "end": { "line": 899, "column": null }
          }
        ],
        "line": 899
      },
      "36": {
        "loc": {
          "start": { "line": 899, "column": 20 },
          "end": { "line": 899, "column": 63 }
        },
        "type": "binary-expr",
        "locations": [
          {
            "start": { "line": 899, "column": 20 },
            "end": { "line": 899, "column": 56 }
          },
          {
            "start": { "line": 899, "column": 56 },
            "end": { "line": 899, "column": 63 }
          }
        ],
        "line": 899
      },
      "37": {
        "loc": {
          "start": { "line": 905, "column": 7 },
          "end": { "line": 920, "column": null }
        },
        "type": "binary-expr",
        "locations": [
          {
            "start": { "line": 905, "column": 7 },
            "end": { "line": 905, "column": null }
          },
          {
            "start": { "line": 906, "column": 8 },
            "end": { "line": 920, "column": null }
          }
        ],
        "line": 905
      },
      "38": {
        "loc": {
          "start": { "line": 908, "column": 11 },
          "end": { "line": 918, "column": null }
        },
        "type": "cond-expr",
        "locations": [
          {
            "start": { "line": 909, "column": 12 },
            "end": { "line": 916, "column": null }
          },
          {
            "start": { "line": 918, "column": 12 },
            "end": { "line": 918, "column": null }
          }
        ],
        "line": 908
      },
      "39": {
        "loc": {
          "start": { "line": 924, "column": 7 },
          "end": { "line": 941, "column": null }
        },
        "type": "binary-expr",
        "locations": [
          {
            "start": { "line": 924, "column": 7 },
            "end": { "line": 924, "column": null }
          },
          {
            "start": { "line": 925, "column": 8 },
            "end": { "line": 941, "column": null }
          }
        ],
        "line": 924
      },
      "40": {
        "loc": {
          "start": { "line": 932, "column": 11 },
          "end": { "line": 939, "column": null }
        },
        "type": "binary-expr",
        "locations": [
          {
            "start": { "line": 932, "column": 11 },
            "end": { "line": 932, "column": null }
          },
          {
            "start": { "line": 933, "column": 12 },
            "end": { "line": 939, "column": null }
          }
        ],
        "line": 932
      },
      "41": {
        "loc": {
          "start": { "line": 946, "column": 9 },
          "end": { "line": 960, "column": null }
        },
        "type": "binary-expr",
        "locations": [
          {
            "start": { "line": 946, "column": 9 },
            "end": { "line": 946, "column": null }
          },
          {
            "start": { "line": 947, "column": 10 },
            "end": { "line": 960, "column": null }
          }
        ],
        "line": 946
      },
      "42": {
        "loc": {
          "start": { "line": 968, "column": 14 },
          "end": { "line": 973, "column": null }
        },
        "type": "if",
        "locations": [
          {
            "start": { "line": 968, "column": 14 },
            "end": { "line": 973, "column": null }
          },
          {
            "start": { "line": 971, "column": 21 },
            "end": { "line": 973, "column": null }
          }
        ],
        "line": 968
      },
      "43": {
        "loc": {
          "start": { "line": 987, "column": 17 },
          "end": { "line": 987, "column": null }
        },
        "type": "binary-expr",
        "locations": [
          {
            "start": { "line": 987, "column": 17 },
            "end": { "line": 987, "column": 43 }
          },
          {
            "start": { "line": 987, "column": 43 },
            "end": { "line": 987, "column": null }
          }
        ],
        "line": 987
      },
      "44": {
        "loc": {
          "start": { "line": 1017, "column": 7 },
          "end": { "line": 1023, "column": null }
        },
        "type": "binary-expr",
        "locations": [
          {
            "start": { "line": 1017, "column": 7 },
            "end": { "line": 1017, "column": null }
          },
          {
            "start": { "line": 1018, "column": 8 },
            "end": { "line": 1023, "column": null }
          }
        ],
        "line": 1017
      },
      "45": {
        "loc": {
          "start": { "line": 1027, "column": 7 },
          "end": { "line": 1033, "column": null }
        },
        "type": "binary-expr",
        "locations": [
          {
            "start": { "line": 1027, "column": 7 },
            "end": { "line": 1027, "column": null }
          },
          {
            "start": { "line": 1028, "column": 8 },
            "end": { "line": 1033, "column": null }
          }
        ],
        "line": 1027
      }
    },
    "s": {
      "0": 1,
      "1": 0,
      "2": 1,
      "3": 0,
      "4": 1,
      "5": 0,
      "6": 1,
      "7": 0,
      "8": 1,
      "9": 0,
      "10": 1,
      "11": 0,
      "12": 1,
      "13": 0,
      "14": 1,
      "15": 0,
      "16": 1,
      "17": 0,
      "18": 1,
      "19": 0,
      "20": 1,
      "21": 0,
      "22": 1,
      "23": 0,
      "24": 1,
      "25": 1,
      "26": 0,
      "27": 0,
      "28": 0,
      "29": 0,
      "30": 0,
      "31": 0,
      "32": 0,
      "33": 0,
      "34": 0,
      "35": 2,
      "36": 2,
      "37": 2,
      "38": 2,
      "39": 2,
      "40": 2,
      "41": 2,
      "42": 2,
      "43": 2,
      "44": 2,
      "45": 2,
      "46": 2,
      "47": 2,
      "48": 2,
      "49": 2,
      "50": 2,
      "51": 2,
      "52": 2,
      "53": 0,
      "54": 2,
      "55": 2,
      "56": 2,
      "57": 2,
      "58": 2,
      "59": 2,
      "60": 0,
      "61": 0,
      "62": 2,
      "63": 0,
      "64": 0,
      "65": 0,
      "66": 2,
      "67": 2,
      "68": 2,
      "69": 2,
      "70": 2,
      "71": 2,
      "72": 0,
      "73": 0,
      "74": 0,
      "75": 0,
      "76": 0,
      "77": 0,
      "78": 2,
      "79": 2,
      "80": 2,
      "81": 2,
      "82": 2,
      "83": 2,
      "84": 2,
      "85": 0,
      "86": 2,
      "87": 2,
      "88": 2,
      "89": 2,
      "90": 0,
      "91": 0,
      "92": 0,
      "93": 0,
      "94": 0,
      "95": 0,
      "96": 0,
      "97": 0,
      "98": 0,
      "99": 0,
      "100": 0,
      "101": 0,
      "102": 0,
      "103": 2,
      "104": 2,
      "105": 2,
      "106": 2,
      "107": 2,
      "108": 2,
      "109": 2,
      "110": 2,
      "111": 0,
      "112": 0,
      "113": 0,
      "114": 0,
      "115": 0,
      "116": 2,
      "117": 0,
      "118": 0,
      "119": 0,
      "120": 0,
      "121": 0,
      "122": 0,
      "123": 2,
      "124": 0,
      "125": 0,
      "126": 0,
      "127": 0,
      "128": 0,
      "129": 0,
      "130": 0,
      "131": 0,
      "132": 0,
      "133": 0,
      "134": 0,
      "135": 0,
      "136": 0,
      "137": 0,
      "138": 0,
      "139": 0,
      "140": 0,
      "141": 0,
      "142": 2,
      "143": 0,
      "144": 0,
      "145": 0,
      "146": 2,
      "147": 0,
      "148": 0,
      "149": 0,
      "150": 0,
      "151": 0,
      "152": 0,
      "153": 2,
      "154": 2,
      "155": 0,
      "156": 0,
      "157": 0,
      "158": 0,
      "159": 0,
      "160": 0,
      "161": 0,
      "162": 0,
      "163": 0,
      "164": 0,
      "165": 0,
      "166": 0,
      "167": 0,
      "168": 0,
      "169": 0
    },
    "f": {
      "0": 0,
      "1": 0,
      "2": 0,
      "3": 0,
      "4": 0,
      "5": 0,
      "6": 0,
      "7": 0,
      "8": 0,
      "9": 0,
      "10": 0,
      "11": 0,
      "12": 0,
      "13": 2,
      "14": 2,
      "15": 0,
      "16": 2,
      "17": 2,
      "18": 0,
      "19": 2,
      "20": 2,
      "21": 0,
      "22": 2,
      "23": 0,
      "24": 0,
      "25": 2,
      "26": 0,
      "27": 0,
      "28": 0,
      "29": 0,
      "30": 0,
      "31": 0,
      "32": 0,
      "33": 0,
      "34": 0,
      "35": 0,
      "36": 0,
      "37": 0,
      "38": 0,
      "39": 0,
      "40": 0,
      "41": 0
    },
    "b": {
      "0": [0, 0],
      "1": [0, 0],
      "2": [0, 0],
      "3": [0, 0],
      "4": [0, 2],
      "5": [0, 0, 0],
      "6": [0, 2],
      "7": [0, 0, 0],
      "8": [0, 2],
      "9": [2, 0, 0, 0],
      "10": [0, 0],
      "11": [2, 0],
      "12": [2, 2],
      "13": [0, 2],
      "14": [2, 0, 0],
      "15": [0, 0],
      "16": [0, 0],
      "17": [0, 0],
      "18": [0, 0],
      "19": [0, 0],
      "20": [0, 0, 0],
      "21": [0, 0],
      "22": [0, 0],
      "23": [0, 0],
      "24": [0, 0],
      "25": [0, 0],
      "26": [0, 0],
      "27": [0, 0],
      "28": [0, 0],
      "29": [2, 0],
      "30": [2, 2],
      "31": [0, 0],
      "32": [2, 0],
      "33": [2, 0],
      "34": [0, 0],
      "35": [0, 0],
      "36": [0, 0],
      "37": [2, 0],
      "38": [0, 0],
      "39": [2, 0],
      "40": [0, 0],
      "41": [2, 0],
      "42": [0, 0],
      "43": [2, 0],
      "44": [2, 0],
      "45": [2, 0]
    },
    "meta": {
      "lastBranch": 46,
      "lastFunction": 42,
      "lastStatement": 170,
      "seen": {
        "s:6:6:6:Infinity": 0,
        "f:6:24:6:30": 0,
        "s:6:30:6:Infinity": 1,
        "s:7:6:7:Infinity": 2,
        "f:7:21:7:27": 1,
        "s:7:27:7:Infinity": 3,
        "s:10:6:12:Infinity": 4,
        "f:11:2:11:8": 2,
        "s:11:8:11:Infinity": 5,
        "s:13:6:13:Infinity": 6,
        "f:13:30:13:36": 3,
        "s:13:36:13:Infinity": 7,
        "s:14:6:14:Infinity": 8,
        "f:14:28:14:34": 4,
        "s:14:34:14:Infinity": 9,
        "s:15:6:15:Infinity": 10,
        "f:15:30:15:36": 5,
        "s:15:36:15:Infinity": 11,
        "s:16:6:16:Infinity": 12,
        "f:16:29:16:35": 6,
        "s:16:35:16:Infinity": 13,
        "s:17:6:17:Infinity": 14,
        "f:17:31:17:37": 7,
        "s:17:37:17:Infinity": 15,
        "s:18:6:18:Infinity": 16,
        "f:18:23:18:29": 8,
        "s:18:29:18:Infinity": 17,
        "s:19:6:19:Infinity": 18,
        "f:19:25:19:31": 9,
        "s:19:31:19:Infinity": 19,
        "s:22:20:35:Infinity": 20,
        "f:22:20:22:Infinity": 10,
        "s:23:2:35:Infinity": 21,
        "s:38:24:53:Infinity": 22,
        "f:38:24:38:Infinity": 11,
        "s:39:2:53:Infinity": 23,
        "s:62:6:62:Infinity": 24,
        "s:65:25:71:Infinity": 25,
        "f:65:25:65:26": 12,
        "b:66:2:66:Infinity:undefined:undefined:undefined:undefined": 0,
        "s:66:2:66:Infinity": 26,
        "s:66:19:66:Infinity": 27,
        "b:67:2:67:Infinity:undefined:undefined:undefined:undefined": 1,
        "s:67:2:67:Infinity": 28,
        "s:67:19:67:Infinity": 29,
        "b:68:2:68:Infinity:undefined:undefined:undefined:undefined": 2,
        "s:68:2:68:Infinity": 30,
        "s:68:19:68:Infinity": 31,
        "b:69:2:69:Infinity:undefined:undefined:undefined:undefined": 3,
        "s:69:2:69:Infinity": 32,
        "s:69:19:69:Infinity": 33,
        "s:70:2:70:Infinity": 34,
        "f:73:9:73:15": 13,
        "s:74:24:74:Infinity": 35,
        "s:75:28:75:Infinity": 36,
        "s:76:42:76:Infinity": 37,
        "s:77:36:77:Infinity": 38,
        "s:78:26:78:Infinity": 39,
        "s:79:28:79:Infinity": 40,
        "s:80:34:80:Infinity": 41,
        "s:81:36:81:Infinity": 42,
        "s:82:40:82:Infinity": 43,
        "s:83:46:83:Infinity": 44,
        "s:84:48:84:Infinity": 45,
        "s:85:38:85:Infinity": 46,
        "s:86:32:86:Infinity": 47,
        "s:87:44:87:Infinity": 48,
        "s:88:30:88:Infinity": 49,
        "s:89:8:89:Infinity": 50,
        "s:92:2:98:Infinity": 51,
        "f:92:12:92:18": 14,
        "s:93:25:95:Infinity": 52,
        "f:93:25:93:31": 15,
        "s:94:6:94:Infinity": 53,
        "s:96:4:96:Infinity": 54,
        "s:97:4:97:Infinity": 55,
        "f:97:11:97:17": 16,
        "s:97:17:97:Infinity": 56,
        "s:101:2:120:Infinity": 57,
        "f:101:12:101:18": 17,
        "s:102:16:102:Infinity": 58,
        "b:104:4:116:Infinity:108:4:116:Infinity": 4,
        "s:104:4:116:Infinity": 59,
        "s:106:20:106:Infinity": 60,
        "b:106:20:106:53:106:53:106:77:106:77:106:Infinity": 5,
        "s:107:6:107:Infinity": 61,
        "b:108:4:116:Infinity:undefined:undefined:undefined:undefined": 6,
        "s:108:4:116:Infinity": 62,
        "s:111:8:114:Infinity": 63,
        "f:112:10:112:11": 18,
        "s:112:22:112:Infinity": 64,
        "b:112:29:112:49:112:49:112:60:112:60:112:Infinity": 7,
        "s:115:6:115:Infinity": 65,
        "s:118:4:118:Infinity": 66,
        "s:119:4:119:Infinity": 67,
        "s:123:2:125:Infinity": 68,
        "f:123:12:123:18": 19,
        "s:124:4:124:Infinity": 69,
        "s:128:2:149:Infinity": 70,
        "f:128:12:128:18": 20,
        "b:130:4:144:Infinity:undefined:undefined:undefined:undefined": 8,
        "s:130:4:144:Infinity": 71,
        "b:131:6:131:Infinity:132:6:132:Infinity:133:6:133:Infinity:134:6:134:Infinity": 9,
        "s:136:30:138:Infinity": 72,
        "f:137:8:137:9": 21,
        "s:137:15:137:Infinity": 73,
        "b:139:6:143:Infinity:undefined:undefined:undefined:undefined": 10,
        "s:139:6:143:Infinity": 74,
        "s:140:8:140:Infinity": 75,
        "s:141:8:141:Infinity": 76,
        "s:142:8:142:Infinity": 77,
        "b:146:4:148:Infinity:undefined:undefined:undefined:undefined": 11,
        "s:146:4:148:Infinity": 78,
        "s:147:6:147:Infinity": 79,
        "s:152:25:202:Infinity": 80,
        "f:152:25:152:37": 22,
        "s:153:4:153:Infinity": 81,
        "s:155:4:195:Infinity": 82,
        "s:157:25:157:Infinity": 83,
        "s:158:24:158:Infinity": 84,
        "f:158:35:158:41": 23,
        "s:158:41:158:61": 85,
        "s:160:22:160:Infinity": 86,
        "s:161:6:161:Infinity": 87,
        "s:163:6:165:Infinity": 88,
        "b:164:17:164:45:164:45:164:Infinity": 12,
        "b:167:6:192:Infinity:undefined:undefined:undefined:undefined": 13,
        "s:167:6:192:Infinity": 89,
        "b:167:10:167:21:167:21:167:40:167:40:167:68": 14,
        "s:168:33:183:Infinity": 90,
        "f:168:53:168:54": 24,
        "s:169:28:169:Infinity": 91,
        "b:169:28:169:44:169:44:169:Infinity": 15,
        "s:170:29:170:Infinity": 92,
        "b:170:29:170:59:170:59:170:Infinity": 16,
        "s:171:32:174:Infinity": 93,
        "s:175:16:175:Infinity": 94,
        "s:176:10:182:Infinity": 95,
        "s:184:8:184:Infinity": 96,
        "s:185:8:185:Infinity": 97,
        "s:186:8:186:Infinity": 98,
        "s:187:8:187:Infinity": 99,
        "s:188:8:190:Infinity": 100,
        "s:191:8:191:Infinity": 101,
        "s:194:6:194:Infinity": 102,
        "s:198:4:198:Infinity": 103,
        "s:199:4:199:Infinity": 104,
        "s:200:4:200:Infinity": 105,
        "s:201:4:201:Infinity": 106,
        "s:205:23:767:Infinity": 107,
        "f:205:23:205:29": 25,
        "s:206:24:765:Infinity": 108,
        "s:766:4:766:Infinity": 109,
        "s:770:29:778:Infinity": 110,
        "f:770:29:770:30": 26,
        "s:771:4:771:Infinity": 111,
        "s:772:4:772:Infinity": 112,
        "b:774:4:777:Infinity:undefined:undefined:undefined:undefined": 17,
        "s:774:4:777:Infinity": 113,
        "s:775:6:775:Infinity": 114,
        "s:776:6:776:Infinity": 115,
        "s:781:32:791:Infinity": 116,
        "f:781:32:781:33": 27,
        "s:782:4:782:Infinity": 117,
        "b:783:4:790:Infinity:785:4:790:Infinity": 18,
        "s:783:4:790:Infinity": 118,
        "s:784:6:784:Infinity": 119,
        "b:785:4:790:Infinity:788:11:790:Infinity": 19,
        "s:785:4:790:Infinity": 120,
        "s:787:6:787:Infinity": 121,
        "s:789:6:789:Infinity": 122,
        "s:794:34:832:Infinity": 123,
        "f:794:34:794:35": 28,
        "s:796:6:798:Infinity": 124,
        "b:796:6:796:Infinity:797:6:797:Infinity:798:6:798:Infinity": 20,
        "s:799:22:799:Infinity": 125,
        "s:800:17:800:Infinity": 126,
        "b:802:4:821:Infinity:809:4:821:Infinity": 21,
        "s:802:4:821:Infinity": 127,
        "s:803:6:803:Infinity": 128,
        "s:804:6:808:Infinity": 129,
        "b:809:4:821:Infinity:812:4:821:Infinity": 22,
        "s:809:4:821:Infinity": 130,
        "s:810:6:810:Infinity": 131,
        "s:811:6:811:Infinity": 132,
        "b:812:4:821:Infinity:815:4:821:Infinity": 23,
        "s:812:4:821:Infinity": 133,
        "s:813:6:813:Infinity": 134,
        "s:814:6:814:Infinity": 135,
        "b:815:4:821:Infinity:818:11:821:Infinity": 24,
        "s:815:4:821:Infinity": 136,
        "s:816:6:816:Infinity": 137,
        "s:817:6:817:Infinity": 138,
        "s:819:6:819:Infinity": 139,
        "s:820:6:820:Infinity": 140,
        "s:823:4:831:Infinity": 141,
        "s:835:29:840:Infinity": 142,
        "f:835:29:835:30": 29,
        "s:836:4:836:Infinity": 143,
        "b:837:4:839:Infinity:undefined:undefined:undefined:undefined": 25,
        "s:837:4:839:Infinity": 144,
        "s:838:6:838:Infinity": 145,
        "s:843:27:853:Infinity": 146,
        "f:843:27:843:33": 30,
        "b:844:4:851:Infinity:849:4:851:Infinity": 26,
        "s:844:4:851:Infinity": 147,
        "s:845:19:847:Infinity": 148,
        "b:846:10:846:Infinity:847:10:847:Infinity": 27,
        "s:848:6:848:Infinity": 149,
        "b:849:4:851:Infinity:undefined:undefined:undefined:undefined": 28,
        "s:849:4:851:Infinity": 150,
        "s:850:6:850:Infinity": 151,
        "s:852:4:852:Infinity": 152,
        "b:855:2:861:Infinity:undefined:undefined:undefined:undefined": 29,
        "s:855:2:861:Infinity": 153,
        "b:855:6:855:17:855:17:855:39": 30,
        "s:856:4:859:Infinity": 154,
        "s:863:2:1049:Infinity": 155,
        "b:864:48:864:59:864:59:864:68": 31,
        "b:873:11:873:Infinity:874:12:874:Infinity": 32,
        "b:885:11:885:Infinity:886:12:891:Infinity": 33,
        "f:888:23:888:29": 31,
        "s:888:29:888:Infinity": 156,
        "f:895:21:895:Infinity": 32,
        "s:896:14:896:Infinity": 157,
        "b:896:21:896:49:896:49:896:Infinity": 34,
        "b:899:20:899:63:899:63:899:Infinity": 35,
        "b:899:20:899:56:899:56:899:63": 36,
        "b:905:7:905:Infinity:906:8:920:Infinity": 37,
        "b:909:12:916:Infinity:918:12:918:Infinity": 38,
        "b:924:7:924:Infinity:925:8:941:Infinity": 39,
        "b:932:11:932:Infinity:933:12:939:Infinity": 40,
        "f:935:23:935:29": 33,
        "s:935:29:935:Infinity": 158,
        "b:946:9:946:Infinity:947:10:960:Infinity": 41,
        "f:956:31:956:37": 34,
        "s:956:37:956:Infinity": 159,
        "f:967:24:967:30": 35,
        "b:968:14:973:Infinity:971:21:973:Infinity": 42,
        "s:968:14:973:Infinity": 160,
        "s:969:16:969:Infinity": 161,
        "s:970:16:970:Infinity": 162,
        "s:972:16:972:Infinity": 163,
        "f:983:19:983:25": 36,
        "s:984:12:984:Infinity": 164,
        "s:985:12:985:Infinity": 165,
        "b:987:17:987:43:987:43:987:Infinity": 43,
        "f:998:31:998:37": 37,
        "s:998:37:998:Infinity": 166,
        "f:1000:36:1000:42": 38,
        "b:1017:7:1017:Infinity:1018:8:1023:Infinity": 44,
        "f:1021:21:1021:27": 39,
        "s:1021:27:1021:Infinity": 167,
        "b:1027:7:1027:Infinity:1028:8:1033:Infinity": 45,
        "f:1031:21:1031:27": 40,
        "s:1031:27:1031:Infinity": 168,
        "f:1041:19:1041:25": 41,
        "s:1041:25:1041:Infinity": 169
      }
    }
  },
  "C:\\Users\\pkw\\t1227\\gyeonggi-climate-map\\frontend\\src\\constants\\climate.js": {
    "path": "C:\\Users\\pkw\\t1227\\gyeonggi-climate-map\\frontend\\src\\constants\\climate.js",
    "statementMap": {
      "0": {
        "start": { "line": 7, "column": 31 },
        "end": { "line": 12, "column": 1 }
      },
      "1": {
        "start": { "line": 15, "column": 27 },
        "end": { "line": 20, "column": 1 }
      },
      "2": {
        "start": { "line": 23, "column": 34 },
        "end": { "line": 28, "column": 1 }
      },
      "3": {
        "start": { "line": 31, "column": 29 },
        "end": { "line": 36, "column": 1 }
      },
      "4": {
        "start": { "line": 39, "column": 29 },
        "end": { "line": 46, "column": 1 }
      },
      "5": {
        "start": { "line": 53, "column": 34 },
        "end": { "line": 58, "column": 1 }
      },
      "6": {
        "start": { "line": 54, "column": 2 },
        "end": { "line": 54, "column": null }
      },
      "7": {
        "start": { "line": 54, "column": 39 },
        "end": { "line": 54, "column": null }
      },
      "8": {
        "start": { "line": 55, "column": 2 },
        "end": { "line": 55, "column": null }
      },
      "9": {
        "start": { "line": 55, "column": 40 },
        "end": { "line": 55, "column": null }
      },
      "10": {
        "start": { "line": 56, "column": 2 },
        "end": { "line": 56, "column": null }
      },
      "11": {
        "start": { "line": 56, "column": 40 },
        "end": { "line": 56, "column": null }
      },
      "12": {
        "start": { "line": 57, "column": 2 },
        "end": { "line": 57, "column": null }
      },
      "13": {
        "start": { "line": 66, "column": 36 },
        "end": { "line": 69, "column": 1 }
      },
      "14": {
        "start": { "line": 67, "column": 21 },
        "end": { "line": 67, "column": 54 }
      },
      "15": {
        "start": { "line": 68, "column": 2 },
        "end": { "line": 68, "column": null }
      },
      "16": {
        "start": { "line": 76, "column": 30 },
        "end": { "line": 78, "column": 1 }
      },
      "17": {
        "start": { "line": 77, "column": 2 },
        "end": { "line": 77, "column": null }
      }
    },
    "fnMap": {
      "0": {
        "name": "(anonymous_0)",
        "decl": {
          "start": { "line": 53, "column": 34 },
          "end": { "line": 53, "column": 35 }
        },
        "loc": {
          "start": { "line": 53, "column": 45 },
          "end": { "line": 58, "column": 1 }
        },
        "line": 53
      },
      "1": {
        "name": "(anonymous_1)",
        "decl": {
          "start": { "line": 66, "column": 36 },
          "end": { "line": 66, "column": 37 }
        },
        "loc": {
          "start": { "line": 66, "column": 67 },
          "end": { "line": 69, "column": 1 }
        },
        "line": 66
      },
      "2": {
        "name": "(anonymous_2)",
        "decl": {
          "start": { "line": 76, "column": 30 },
          "end": { "line": 76, "column": 31 }
        },
        "loc": {
          "start": { "line": 76, "column": 42 },
          "end": { "line": 78, "column": 1 }
        },
        "line": 76
      }
    },
    "branchMap": {
      "0": {
        "loc": {
          "start": { "line": 54, "column": 2 },
          "end": { "line": 54, "column": null }
        },
        "type": "if",
        "locations": [
          {
            "start": { "line": 54, "column": 2 },
            "end": { "line": 54, "column": null }
          },
          { "start": {}, "end": {} }
        ],
        "line": 54
      },
      "1": {
        "loc": {
          "start": { "line": 55, "column": 2 },
          "end": { "line": 55, "column": null }
        },
        "type": "if",
        "locations": [
          {
            "start": { "line": 55, "column": 2 },
            "end": { "line": 55, "column": null }
          },
          { "start": {}, "end": {} }
        ],
        "line": 55
      },
      "2": {
        "loc": {
          "start": { "line": 56, "column": 2 },
          "end": { "line": 56, "column": null }
        },
        "type": "if",
        "locations": [
          {
            "start": { "line": 56, "column": 2 },
            "end": { "line": 56, "column": null }
          },
          { "start": {}, "end": {} }
        ],
        "line": 56
      },
      "3": {
        "loc": {
          "start": { "line": 66, "column": 44 },
          "end": { "line": 66, "column": 62 }
        },
        "type": "default-arg",
        "locations": [
          {
            "start": { "line": 66, "column": 53 },
            "end": { "line": 66, "column": 62 }
          }
        ],
        "line": 66
      },
      "4": {
        "loc": {
          "start": { "line": 67, "column": 21 },
          "end": { "line": 67, "column": 54 }
        },
        "type": "binary-expr",
        "locations": [
          {
            "start": { "line": 67, "column": 21 },
            "end": { "line": 67, "column": 47 }
          },
          {
            "start": { "line": 67, "column": 51 },
            "end": { "line": 67, "column": 54 }
          }
        ],
        "line": 67
      },
      "5": {
        "loc": {
          "start": { "line": 77, "column": 9 },
          "end": { "line": 77, "column": 55 }
        },
        "type": "binary-expr",
        "locations": [
          {
            "start": { "line": 77, "column": 9 },
            "end": { "line": 77, "column": 30 }
          },
          {
            "start": { "line": 77, "column": 34 },
            "end": { "line": 77, "column": 55 }
          }
        ],
        "line": 77
      }
    },
    "s": {
      "0": 3,
      "1": 3,
      "2": 3,
      "3": 3,
      "4": 3,
      "5": 3,
      "6": 12,
      "7": 3,
      "8": 9,
      "9": 3,
      "10": 6,
      "11": 6,
      "12": 3,
      "13": 3,
      "14": 11,
      "15": 11,
      "16": 3,
      "17": 7
    },
    "f": { "0": 12, "1": 11, "2": 7 },
    "b": {
      "0": [3, 9],
      "1": [3, 6],
      "2": [3, 3],
      "3": [11],
      "4": [11, 1],
      "5": [7, 3]
    },
    "meta": {
      "lastBranch": 6,
      "lastFunction": 3,
      "lastStatement": 18,
      "seen": {
        "s:7:31:12:1": 0,
        "s:15:27:20:1": 1,
        "s:23:34:28:1": 2,
        "s:31:29:36:1": 3,
        "s:39:29:46:1": 4,
        "s:53:34:58:1": 5,
        "f:53:34:53:35": 0,
        "b:54:2:54:Infinity:undefined:undefined:undefined:undefined": 0,
        "s:54:2:54:Infinity": 6,
        "s:54:39:54:Infinity": 7,
        "b:55:2:55:Infinity:undefined:undefined:undefined:undefined": 1,
        "s:55:2:55:Infinity": 8,
        "s:55:40:55:Infinity": 9,
        "b:56:2:56:Infinity:undefined:undefined:undefined:undefined": 2,
        "s:56:2:56:Infinity": 10,
        "s:56:40:56:Infinity": 11,
        "s:57:2:57:Infinity": 12,
        "s:66:36:69:1": 13,
        "f:66:36:66:37": 1,
        "b:66:53:66:62": 3,
        "s:67:21:67:54": 14,
        "b:67:21:67:47:67:51:67:54": 4,
        "s:68:2:68:Infinity": 15,
        "s:76:30:78:1": 16,
        "f:76:30:76:31": 2,
        "s:77:2:77:Infinity": 17,
        "b:77:9:77:30:77:34:77:55": 5
      }
    }
  },
  "C:\\Users\\pkw\\t1227\\gyeonggi-climate-map\\frontend\\src\\contexts\\AuthContext.jsx": {
    "path": "C:\\Users\\pkw\\t1227\\gyeonggi-climate-map\\frontend\\src\\contexts\\AuthContext.jsx",
    "statementMap": {
      "0": {
        "start": { "line": 5, "column": 6 },
        "end": { "line": 5, "column": null }
      },
      "1": {
        "start": { "line": 6, "column": 6 },
        "end": { "line": 6, "column": null }
      },
      "2": {
        "start": { "line": 8, "column": 23 },
        "end": { "line": 8, "column": null }
      },
      "3": {
        "start": { "line": 11, "column": 22 },
        "end": { "line": 11, "column": null }
      },
      "4": {
        "start": { "line": 12, "column": 28 },
        "end": { "line": 12, "column": null }
      },
      "5": {
        "start": { "line": 13, "column": 28 },
        "end": { "line": 13, "column": null }
      },
      "6": {
        "start": { "line": 14, "column": 32 },
        "end": { "line": 14, "column": null }
      },
      "7": {
        "start": { "line": 15, "column": 36 },
        "end": { "line": 15, "column": null }
      },
      "8": {
        "start": { "line": 18, "column": 2 },
        "end": { "line": 46, "column": null }
      },
      "9": {
        "start": { "line": 20, "column": 4 },
        "end": { "line": 28, "column": null }
      },
      "10": {
        "start": { "line": 21, "column": 6 },
        "end": { "line": 21, "column": null }
      },
      "11": {
        "start": { "line": 22, "column": 6 },
        "end": { "line": 22, "column": null }
      },
      "12": {
        "start": { "line": 23, "column": 6 },
        "end": { "line": 26, "column": null }
      },
      "13": {
        "start": { "line": 25, "column": 8 },
        "end": { "line": 25, "column": null }
      },
      "14": {
        "start": { "line": 27, "column": 6 },
        "end": { "line": 27, "column": null }
      },
      "15": {
        "start": { "line": 33, "column": 8 },
        "end": { "line": 43, "column": null }
      },
      "16": {
        "start": { "line": 34, "column": 6 },
        "end": { "line": 34, "column": null }
      },
      "17": {
        "start": { "line": 35, "column": 6 },
        "end": { "line": 35, "column": null }
      },
      "18": {
        "start": { "line": 36, "column": 6 },
        "end": { "line": 41, "column": null }
      },
      "19": {
        "start": { "line": 38, "column": 8 },
        "end": { "line": 38, "column": null }
[...]
        "b:750:13:759:Infinity:753:13:759:Infinity": 113,
        "s:750:13:759:Infinity": 332,
        "s:751:8:751:Infinity": 333,
        "s:752:8:752:Infinity": 334,
        "b:753:13:759:Infinity:756:13:759:Infinity": 114,
        "s:753:13:759:Infinity": 335,
        "s:754:8:754:Infinity": 336,
        "s:755:8:755:Infinity": 337,
        "b:756:13:759:Infinity:undefined:undefined:undefined:undefined": 115,
        "s:756:13:759:Infinity": 338,
        "s:757:8:757:Infinity": 339,
        "s:758:8:758:Infinity": 340,
        "s:762:18:762:19": 341,
        "s:763:27:763:33": 342,
        "b:764:4:771:Infinity:766:11:771:Infinity": 116,
        "s:764:4:771:Infinity": 343,
        "b:764:8:764:31:764:35:764:53": 117,
        "s:765:6:765:Infinity": 344,
        "s:767:19:767:40": 345,
        "b:768:6:770:Infinity:769:11:770:Infinity": 118,
        "s:768:6:770:Infinity": 346,
        "b:768:10:768:20:768:24:768:34": 119,
        "s:768:36:768:Infinity": 347,
        "b:769:11:770:Infinity:770:11:770:Infinity": 120,
        "s:769:11:770:Infinity": 348,
        "b:769:15:769:24:769:28:769:38": 121,
        "s:769:40:769:Infinity": 349,
        "b:770:11:770:Infinity:undefined:undefined:undefined:undefined": 122,
        "s:770:11:770:Infinity": 350,
        "b:770:15:770:24:770:28:770:38": 123,
        "s:770:40:770:Infinity": 351,
        "s:773:4:773:Infinity": 352,
        "b:776:4:784:Infinity:778:11:784:Infinity": 124,
        "s:776:4:784:Infinity": 353,
        "s:777:6:777:Infinity": 354,
        "b:778:11:784:Infinity:780:11:784:Infinity": 125,
        "s:778:11:784:Infinity": 355,
        "s:779:6:779:Infinity": 356,
        "b:780:11:784:Infinity:782:11:784:Infinity": 126,
        "s:780:11:784:Infinity": 357,
        "s:781:6:781:Infinity": 358,
        "s:783:6:783:Infinity": 359,
        "s:785:69:785:73": 360,
        "s:787:4:811:Infinity": 361,
        "b:803:29:803:35:803:39:803:43": 127,
        "b:805:23:805:33:805:37:805:38": 128,
        "s:814:2:814:Infinity": 362,
        "s:820:40:857:1": 363,
        "f:820:40:820:45": 31,
        "s:821:2:856:Infinity": 364,
        "s:822:16:822:28": 365,
        "s:823:4:823:Infinity": 366,
        "s:825:21:825:174": 367,
        "s:827:4:827:Infinity": 368,
        "s:829:20:829:53": 369,
        "b:831:4:837:Infinity:undefined:undefined:undefined:undefined": 129,
        "s:831:4:837:Infinity": 370,
        "b:831:8:831:15:831:19:831:37": 130,
        "s:832:26:832:28": 371,
        "s:833:6:835:Infinity": 372,
        "f:833:22:833:23": 32,
        "b:834:8:834:Infinity:undefined:undefined:undefined:undefined": 131,
        "s:834:8:834:Infinity": 373,
        "s:834:21:834:Infinity": 374,
        "s:836:6:836:Infinity": 375,
        "s:840:4:840:Infinity": 376,
        "s:841:25:841:178": 377,
        "s:843:21:843:58": 378,
        "b:844:4:850:Infinity:undefined:undefined:undefined:undefined": 132,
        "s:844:4:850:Infinity": 379,
        "b:844:8:844:16:844:20:844:39": 133,
        "s:845:26:845:28": 380,
        "s:846:6:848:Infinity": 381,
        "f:846:23:846:24": 33,
        "b:847:8:847:Infinity:undefined:undefined:undefined:undefined": 134,
        "s:847:8:847:Infinity": 382,
        "s:847:21:847:Infinity": 383,
        "s:849:6:849:Infinity": 384,
        "s:852:4:852:Infinity": 385,
        "s:854:4:854:Infinity": 386,
        "s:855:4:855:Infinity": 387,
        "s:862:26:864:1": 388,
        "f:862:26:862:27": 34,
        "s:863:2:863:Infinity": 389,
        "s:869:29:872:2": 390,
        "f:869:29:869:30": 35,
        "s:869:36:872:1": 391
      }
    }
  },
  "C:\\Users\\pkw\\t1227\\gyeonggi-climate-map\\frontend\\src\\utils\\logger.js": {
    "path": "C:\\Users\\pkw\\t1227\\gyeonggi-climate-map\\frontend\\src\\utils\\logger.js",
    "statementMap": {
      "0": {
        "start": { "line": 6, "column": 19 },
        "end": { "line": 11, "column": 1 }
      },
      "1": {
        "start": { "line": 14, "column": 22 },
        "end": { "line": 14, "column": 79 }
      },
      "2": {
        "start": { "line": 19, "column": 21 },
        "end": { "line": 21, "column": 1 }
      },
      "3": {
        "start": { "line": 20, "column": 2 },
        "end": { "line": 20, "column": null }
      },
      "4": {
        "start": { "line": 26, "column": 22 },
        "end": { "line": 30, "column": 1 }
      },
      "5": {
        "start": { "line": 27, "column": 20 },
        "end": { "line": 27, "column": 34 }
      },
      "6": {
        "start": { "line": 28, "column": 18 },
        "end": { "line": 28, "column": 58 }
      },
      "7": {
        "start": { "line": 29, "column": 2 },
        "end": { "line": 29, "column": null }
      },
      "8": {
        "start": { "line": 36, "column": 28 },
        "end": { "line": 96, "column": 1 }
      },
      "9": {
        "start": { "line": 37, "column": 2 },
        "end": { "line": 95, "column": null }
      },
      "10": {
        "start": { "line": 39, "column": 6 },
        "end": { "line": 41, "column": null }
      },
      "11": {
        "start": { "line": 40, "column": 8 },
        "end": { "line": 40, "column": null }
      },
      "12": {
        "start": { "line": 45, "column": 6 },
        "end": { "line": 47, "column": null }
      },
      "13": {
        "start": { "line": 46, "column": 8 },
        "end": { "line": 46, "column": null }
      },
      "14": {
        "start": { "line": 51, "column": 6 },
        "end": { "line": 53, "column": null }
      },
      "15": {
        "start": { "line": 52, "column": 8 },
        "end": { "line": 52, "column": null }
      },
      "16": {
        "start": { "line": 57, "column": 6 },
        "end": { "line": 67, "column": null }
      },
      "17": {
        "start": { "line": 58, "column": 26 },
        "end": { "line": 65, "column": 16 }
      },
      "18": {
        "start": { "line": 66, "column": 8 },
        "end": { "line": 66, "column": null }
      },
      "19": {
        "start": { "line": 72, "column": 6 },
        "end": { "line": 80, "column": null }
      },
      "20": {
        "start": { "line": 73, "column": 28 },
        "end": { "line": 73, "column": 76 }
      },
      "21": {
        "start": { "line": 74, "column": 8 },
        "end": { "line": 79, "column": null }
      },
      "22": {
        "start": { "line": 85, "column": 6 },
        "end": { "line": 87, "column": null }
      },
      "23": {
        "start": { "line": 86, "column": 8 },
        "end": { "line": 86, "column": null }
      },
      "24": {
        "start": { "line": 91, "column": 6 },
        "end": { "line": 93, "column": null }
      },
      "25": {
        "start": { "line": 92, "column": 8 },
        "end": { "line": 92, "column": null }
      },
      "26": {
        "start": { "line": 99, "column": 22 },
        "end": { "line": 99, "column": 41 }
      }
    },
    "fnMap": {
      "0": {
        "name": "(anonymous_0)",
        "decl": {
          "start": { "line": 19, "column": 21 },
          "end": { "line": 19, "column": 22 }
        },
        "loc": {
          "start": { "line": 19, "column": 27 },
          "end": { "line": 21, "column": 1 }
        },
        "line": 19
      },
      "1": {
        "name": "(anonymous_1)",
        "decl": {
          "start": { "line": 26, "column": 22 },
          "end": { "line": 26, "column": 23 }
        },
        "loc": {
          "start": { "line": 26, "column": 56 },
          "end": { "line": 30, "column": 1 }
        },
        "line": 26
      },
      "2": {
        "name": "(anonymous_2)",
        "decl": {
          "start": { "line": 36, "column": 28 },
          "end": { "line": 36, "column": 29 }
        },
        "loc": {
          "start": { "line": 36, "column": 40 },
          "end": { "line": 96, "column": 1 }
        },
        "line": 36
      },
      "3": {
        "name": "(anonymous_3)",
        "decl": {
          "start": { "line": 38, "column": 11 },
          "end": { "line": 38, "column": 12 }
        },
        "loc": {
          "start": { "line": 38, "column": 37 },
          "end": { "line": 42, "column": 5 }
        },
        "line": 38
      },
      "4": {
        "name": "(anonymous_4)",
        "decl": {
          "start": { "line": 44, "column": 10 },
          "end": { "line": 44, "column": 11 }
        },
        "loc": {
          "start": { "line": 44, "column": 36 },
          "end": { "line": 48, "column": 5 }
        },
        "line": 44
      },
      "5": {
        "name": "(anonymous_5)",
        "decl": {
          "start": { "line": 50, "column": 10 },
          "end": { "line": 50, "column": 11 }
        },
        "loc": {
          "start": { "line": 50, "column": 36 },
          "end": { "line": 54, "column": 5 }
        },
        "line": 50
      },
      "6": {
        "name": "(anonymous_6)",
        "decl": {
          "start": { "line": 56, "column": 11 },
          "end": { "line": 56, "column": 12 }
        },
        "loc": {
          "start": { "line": 56, "column": 51 },
          "end": { "line": 68, "column": 5 }
        },
        "line": 56
      },
      "7": {
        "name": "(anonymous_7)",
        "decl": {
          "start": { "line": 71, "column": 9 },
          "end": { "line": 71, "column": 10 }
        },
        "loc": {
          "start": { "line": 71, "column": 44 },
          "end": { "line": 81, "column": 5 }
        },
        "line": 71
      },
      "8": {
        "name": "(anonymous_8)",
        "decl": {
          "start": { "line": 84, "column": 10 },
          "end": { "line": 84, "column": 11 }
        },
        "loc": {
          "start": { "line": 84, "column": 21 },
          "end": { "line": 88, "column": 5 }
        },
        "line": 84
      },
      "9": {
        "name": "(anonymous_9)",
        "decl": {
          "start": { "line": 90, "column": 13 },
          "end": { "line": 90, "column": 14 }
        },
        "loc": {
          "start": { "line": 90, "column": 24 },
          "end": { "line": 94, "column": 5 }
        },
        "line": 90
      }
    },
    "branchMap": {
      "0": {
        "loc": {
          "start": { "line": 14, "column": 22 },
          "end": { "line": 14, "column": 79 }
        },
        "type": "cond-expr",
        "locations": [
          {
            "start": { "line": 14, "column": 45 },
            "end": { "line": 14, "column": 60 }
          },
          {
            "start": { "line": 14, "column": 63 },
            "end": { "line": 14, "column": 79 }
          }
        ],
        "line": 14
      },
      "1": {
        "loc": {
          "start": { "line": 28, "column": 18 },
          "end": { "line": 28, "column": 58 }
        },
        "type": "cond-expr",
        "locations": [
          {
            "start": { "line": 28, "column": 25 },
            "end": { "line": 28, "column": 53 }
          },
          {
            "start": { "line": 28, "column": 56 },
            "end": { "line": 28, "column": 58 }
          }
        ],
        "line": 28
      },
      "2": {
        "loc": {
          "start": { "line": 38, "column": 21 },
          "end": { "line": 38, "column": 32 }
        },
        "type": "default-arg",
        "locations": [
          {
            "start": { "line": 38, "column": 28 },
            "end": { "line": 38, "column": 32 }
          }
        ],
        "line": 38
      },
      "3": {
        "loc": {
          "start": { "line": 39, "column": 6 },
          "end": { "line": 41, "column": null }
        },
        "type": "if",
        "locations": [
          {
            "start": { "line": 39, "column": 6 },
            "end": { "line": 41, "column": null }
          },
          { "start": {}, "end": {} }
        ],
        "line": 39
      },
      "4": {
        "loc": {
          "start": { "line": 44, "column": 20 },
          "end": { "line": 44, "column": 31 }
        },
        "type": "default-arg",
        "locations": [
          {
            "start": { "line": 44, "column": 27 },
            "end": { "line": 44, "column": 31 }
          }
        ],
        "line": 44
      },
      "5": {
        "loc": {
          "start": { "line": 45, "column": 6 },
          "end": { "line": 47, "column": null }
        },
        "type": "if",
        "locations": [
          {
            "start": { "line": 45, "column": 6 },
            "end": { "line": 47, "column": null }
          },
          { "start": {}, "end": {} }
        ],
        "line": 45
      },
      "6": {
        "loc": {
          "start": { "line": 50, "column": 20 },
          "end": { "line": 50, "column": 31 }
        },
        "type": "default-arg",
        "locations": [
          {
            "start": { "line": 50, "column": 27 },
            "end": { "line": 50, "column": 31 }
          }
        ],
        "line": 50
      },
      "7": {
        "loc": {
          "start": { "line": 51, "column": 6 },
          "end": { "line": 53, "column": null }
        },
        "type": "if",
        "locations": [
          {
            "start": { "line": 51, "column": 6 },
            "end": { "line": 53, "column": null }
          },
          { "start": {}, "end": {} }
        ],
        "line": 51
      },
      "8": {
        "loc": {
          "start": { "line": 56, "column": 21 },
          "end": { "line": 56, "column": 33 }
        },
        "type": "default-arg",
        "locations": [
          {
            "start": { "line": 56, "column": 29 },
            "end": { "line": 56, "column": 33 }
          }
        ],
        "line": 56
      },
      "9": {
        "loc": {
          "start": { "line": 56, "column": 35 },
          "end": { "line": 56, "column": 46 }
        },
        "type": "default-arg",
        "locations": [
          {
            "start": { "line": 56, "column": 42 },
            "end": { "line": 56, "column": 46 }
          }
        ],
        "line": 56
      },
      "10": {
        "loc": {
          "start": { "line": 57, "column": 6 },
          "end": { "line": 67, "column": null }
        },
        "type": "if",
        "locations": [
          {
            "start": { "line": 57, "column": 6 },
            "end": { "line": 67, "column": null }
          },
          { "start": {}, "end": {} }
        ],
        "line": 57
      },
      "11": {
        "loc": {
          "start": { "line": 58, "column": 26 },
          "end": { "line": 65, "column": 16 }
        },
        "type": "cond-expr",
        "locations": [
          {
            "start": { "line": 59, "column": 12 },
            "end": { "line": 64, "column": null }
          },
          {
            "start": { "line": 65, "column": 12 },
            "end": { "line": 65, "column": 16 }
          }
        ],
        "line": 58
      },
      "12": {
        "loc": {
          "start": { "line": 72, "column": 6 },
          "end": { "line": 80, "column": null }
        },
        "type": "if",
        "locations": [
          {
            "start": { "line": 72, "column": 6 },
            "end": { "line": 80, "column": null }
          },
          { "start": {}, "end": {} }
        ],
        "line": 72
      },
      "13": {
        "loc": {
          "start": { "line": 73, "column": 28 },
          "end": { "line": 73, "column": 76 }
        },
        "type": "cond-expr",
        "locations": [
          {
            "start": { "line": 73, "column": 44 },
            "end": { "line": 73, "column": 47 }
          },
          {
            "start": { "line": 73, "column": 50 },
            "end": { "line": 73, "column": 76 }
          }
        ],
        "line": 73
      },
      "14": {
        "loc": {
          "start": { "line": 73, "column": 50 },
          "end": { "line": 73, "column": 76 }
        },
        "type": "cond-expr",
        "locations": [
          {
            "start": { "line": 73, "column": 66 },
            "end": { "line": 73, "column": 70 }
          },
          {
            "start": { "line": 73, "column": 73 },
            "end": { "line": 73, "column": 76 }
          }
        ],
        "line": 73
      },
      "15": {
        "loc": {
          "start": { "line": 85, "column": 6 },
          "end": { "line": 87, "column": null }
        },
        "type": "if",
        "locations": [
          {
            "start": { "line": 85, "column": 6 },
            "end": { "line": 87, "column": null }
          },
          { "start": {}, "end": {} }
        ],
        "line": 85
      },
      "16": {
        "loc": {
          "start": { "line": 91, "column": 6 },
          "end": { "line": 93, "column": null }
        },
        "type": "if",
        "locations": [
          {
            "start": { "line": 91, "column": 6 },
            "end": { "line": 93, "column": null }
          },
          { "start": {}, "end": {} }
        ],
        "line": 91
      }
    },
    "s": {
      "0": 2,
      "1": 2,
      "2": 2,
      "3": 32,
      "4": 2,
      "5": 32,
      "6": 32,
      "7": 32,
      "8": 2,
      "9": 26,
      "10": 6,
      "11": 6,
      "12": 9,
      "13": 9,
      "14": 4,
      "15": 4,
      "16": 9,
      "17": 9,
      "18": 9,
      "19": 4,
      "20": 4,
      "21": 4,
      "22": 3,
      "23": 3,
      "24": 3,
      "25": 3,
      "26": 2
    },
    "f": {
      "0": 32,
      "1": 32,
      "2": 26,
      "3": 6,
      "4": 9,
      "5": 4,
      "6": 9,
      "7": 4,
      "8": 3,
      "9": 3
    },
    "b": {
      "0": [0, 2],
      "1": [23, 9],
      "2": [6],
      "3": [6, 0],
      "4": [9],
      "5": [9, 0],
      "6": [4],
      "7": [4, 0],
      "8": [9],
      "9": [9],
      "10": [9, 0],
      "11": [7, 2],
      "12": [4, 0],
      "13": [2, 2],
      "14": [1, 1],
      "15": [3, 0],
      "16": [3, 0]
    },
    "meta": {
      "lastBranch": 17,
      "lastFunction": 10,
      "lastStatement": 27,
      "seen": {
        "s:6:19:11:1": 0,
        "s:14:22:14:79": 1,
        "b:14:45:14:60:14:63:14:79": 0,
        "s:19:21:21:1": 2,
        "f:19:21:19:22": 0,
        "s:20:2:20:Infinity": 3,
        "s:26:22:30:1": 4,
        "f:26:22:26:23": 1,
        "s:27:20:27:34": 5,
        "s:28:18:28:58": 6,
        "b:28:25:28:53:28:56:28:58": 1,
        "s:29:2:29:Infinity": 7,
        "s:36:28:96:1": 8,
        "f:36:28:36:29": 2,
        "s:37:2:95:Infinity": 9,
        "f:38:11:38:12": 3,
        "b:38:28:38:32": 2,
        "b:39:6:41:Infinity:undefined:undefined:undefined:undefined": 3,
        "s:39:6:41:Infinity": 10,
        "s:40:8:40:Infinity": 11,
        "f:44:10:44:11": 4,
        "b:44:27:44:31": 4,
        "b:45:6:47:Infinity:undefined:undefined:undefined:undefined": 5,
        "s:45:6:47:Infinity": 12,
        "s:46:8:46:Infinity": 13,
        "f:50:10:50:11": 5,
        "b:50:27:50:31": 6,
        "b:51:6:53:Infinity:undefined:undefined:undefined:undefined": 7,
        "s:51:6:53:Infinity": 14,
        "s:52:8:52:Infinity": 15,
        "f:56:11:56:12": 6,
        "b:56:29:56:33": 8,
        "b:56:42:56:46": 9,
        "b:57:6:67:Infinity:undefined:undefined:undefined:undefined": 10,
        "s:57:6:67:Infinity": 16,
        "s:58:26:65:16": 17,
        "b:59:12:64:Infinity:65:12:65:16": 11,
        "s:66:8:66:Infinity": 18,
        "f:71:9:71:10": 7,
        "b:72:6:80:Infinity:undefined:undefined:undefined:undefined": 12,
        "s:72:6:80:Infinity": 19,
        "s:73:28:73:76": 20,
        "b:73:44:73:47:73:50:73:76": 13,
        "b:73:66:73:70:73:73:73:76": 14,
        "s:74:8:79:Infinity": 21,
        "f:84:10:84:11": 8,
        "b:85:6:87:Infinity:undefined:undefined:undefined:undefined": 15,
        "s:85:6:87:Infinity": 22,
        "s:86:8:86:Infinity": 23,
        "f:90:13:90:14": 9,
        "b:91:6:93:Infinity:undefined:undefined:undefined:undefined": 16,
        "s:91:6:93:Infinity": 24,
        "s:92:8:92:Infinity": 25,
        "s:99:22:99:41": 26
      }
    }
  }
}
